<?xml version="1.0" encoding="UTF-8"?>
<!-- Generated by org.testng.reporters.JUnitXMLReporter -->
<testsuite ignored="0" hostname="MSI" failures="3" tests="10" name="Test" time="81.544" errors="0" timestamp="2025-08-04T16:26:45 IST">
  <testcase classname="io.cucumber.testng.AbstractTestNGCucumberTests" name="runScenario" time="4.769"/>
  <testcase classname="io.cucumber.testng.AbstractTestNGCucumberTests" name="runScenario" time="8.249"/>
  <testcase classname="io.cucumber.testng.AbstractTestNGCucumberTests" name="runScenario" time="8.306">
    <failure type="org.junit.ComparisonFailure" message="expected:&amp;lt;[Invalid email message not displayed]&amp;gt; but was:&amp;lt;[Mail Sent Successfully]&amp;gt;">
      <![CDATA[org.junit.ComparisonFailure: expected:<[Invalid email message not displayed]> but was:<[Mail Sent Successfully]>
at org.junit.Assert.assertEquals(Assert.java:117)
at org.junit.Assert.assertEquals(Assert.java:146)
at com.LibraryManagement.cucumber.stepDefinition.ServiceSteps.verifyInvalidEmailMessage(ServiceSteps.java:78)
at ✽.I should see an error message for invalid email(file:///C:/Users/manna/git/Sprint-2/Sprint_2/src/test/java/com/LibraryManagement/cucumber/features/servicePage.feature:35)
]]>
    </failure>
  </testcase> <!-- runScenario -->
  <testcase classname="io.cucumber.testng.AbstractTestNGCucumberTests" name="runScenario" time="8.076"/>
  <testcase classname="io.cucumber.testng.AbstractTestNGCucumberTests" name="runScenario" time="8.158"/>
  <testcase classname="io.cucumber.testng.AbstractTestNGCucumberTests" name="runScenario" time="8.568">
    <failure type="org.junit.ComparisonFailure" message="expected:&amp;lt;[Invalid phone message not displayed]&amp;gt; but was:&amp;lt;[Message Sent Successfully]&amp;gt;">
      <![CDATA[org.junit.ComparisonFailure: expected:<[Invalid phone message not displayed]> but was:<[Message Sent Successfully]>
at org.junit.Assert.assertEquals(Assert.java:117)
at org.junit.Assert.assertEquals(Assert.java:146)
at com.LibraryManagement.cucumber.stepDefinition.ServiceSteps.verifyInvalidPhoneMessage(ServiceSteps.java:93)
at ✽.I should see an error message for invalid phone(file:///C:/Users/manna/git/Sprint-2/Sprint_2/src/test/java/com/LibraryManagement/cucumber/features/servicePage.feature:65)
]]>
    </failure>
  </testcase> <!-- runScenario -->
  <testcase classname="io.cucumber.testng.AbstractTestNGCucumberTests" name="runScenario" time="8.568"/>
  <testcase classname="io.cucumber.testng.AbstractTestNGCucumberTests" name="runScenario" time="8.429"/>
  <testcase classname="io.cucumber.testng.AbstractTestNGCucumberTests" name="runScenario" time="8.71">
    <failure type="org.junit.ComparisonFailure" message="expected:&amp;lt;[Invalid name message not displayed]&amp;gt; but was:&amp;lt;[Message Sent Successfully]&amp;gt;">
      <![CDATA[org.junit.ComparisonFailure: expected:<[Invalid name message not displayed]> but was:<[Message Sent Successfully]>
at org.junit.Assert.assertEquals(Assert.java:117)
at org.junit.Assert.assertEquals(Assert.java:146)
at com.LibraryManagement.cucumber.stepDefinition.ServiceSteps.verifyInvalidNameMessage(ServiceSteps.java:108)
at ✽.I should see an error message for invalid name(file:///C:/Users/manna/git/Sprint-2/Sprint_2/src/test/java/com/LibraryManagement/cucumber/features/servicePage.feature:95)
]]>
    </failure>
  </testcase> <!-- runScenario -->
  <testcase classname="io.cucumber.testng.AbstractTestNGCucumberTests" name="runScenario" time="8.539"/>
</testsuite> <!-- Test -->
