<!DOCTYPE html>

<html>
  <head>
  <meta charset='utf-8'>
  <title>TestNG reports</title>

    <link type="text/css" href="testng-reports1.css" rel="stylesheet" id="ultra" />
    <link type="text/css" href="testng-reports.css" rel="stylesheet" id="retro" disabled="false"/>
    <script type="text/javascript" src="jquery-3.6.0.min.js"></script>
    <script type="text/javascript" src="testng-reports.js"></script>
    <script type="text/javascript" src="https://www.google.com/jsapi"></script>
    <script type='text/javascript'>
      google.load('visualization', '1', {packages:['table']});
      google.setOnLoadCallback(drawTable);
      var suiteTableInitFunctions = new Array();
      var suiteTableData = new Array();
    </script>
    <!--
      <script type="text/javascript" src="jquery-ui/js/jquery-ui-1.8.16.custom.min.js"></script>
     -->
  </head>

  <body>    <div class="top-banner-root">
      <span class="top-banner-title-font">Test results</span>
      <button id="button" class="button">Switch Retro Theme</button> <!-- button -->
      <br/>
      <span class="top-banner-font-1">1 suite, 17 failed tests</span>
    </div> <!-- top-banner-root -->
    <div class="navigator-root">
      <div class="navigator-suite-header">
        <span>All suites</span>
        <a href="#" title="Collapse/expand all the suites" class="collapse-all-link">
          <img src="collapseall.gif" class="collapse-all-icon">
          </img> <!-- collapse-all-icon -->
        </a> <!-- collapse-all-link -->
      </div> <!-- navigator-suite-header -->
      <div class="suite">
        <div class="rounded-window">
          <div class="suite-header light-rounded-window-top">
            <a href="#" panel-name="suite-Default_suite" class="navigator-link">
              <span class="suite-name border-failed">Default suite</span>
            </a> <!-- navigator-link -->
          </div> <!-- suite-header light-rounded-window-top -->
          <div class="navigator-suite-content">
            <div class="suite-section-title">
              <span>Info</span>
            </div> <!-- suite-section-title -->
            <div class="suite-section-content">
              <ul>
                <li>
                  <a href="#" panel-name="test-xml-Default_suite" class="navigator-link ">
                    <span>C:\Users\DELL\AppData\Local\Temp\testng-eclipse-522224834\testng-customsuite.xml</span>
                  </a> <!-- navigator-link  -->
                </li>
                <li>
                  <a href="#" panel-name="testlist-Default_suite" class="navigator-link ">
                    <span class="test-stats">1 test</span>
                  </a> <!-- navigator-link  -->
                </li>
                <li>
                  <a href="#" panel-name="group-Default_suite" class="navigator-link ">
                    <span>1 group</span>
                  </a> <!-- navigator-link  -->
                </li>
                <li>
                  <a href="#" panel-name="times-Default_suite" class="navigator-link ">
                    <span>Times</span>
                  </a> <!-- navigator-link  -->
                </li>
                <li>
                  <a href="#" panel-name="reporter-Default_suite" class="navigator-link ">
                    <span>Reporter output</span>
                  </a> <!-- navigator-link  -->
                </li>
                <li>
                  <a href="#" panel-name="ignored-methods-Default_suite" class="navigator-link ">
                    <span>Ignored methods</span>
                  </a> <!-- navigator-link  -->
                </li>
                <li>
                  <a href="#" panel-name="chronological-Default_suite" class="navigator-link ">
                    <span>Chronological view</span>
                  </a> <!-- navigator-link  -->
                </li>
              </ul>
            </div> <!-- suite-section-content -->
            <div class="result-section">
              <div class="suite-section-title">
                <span>Results</span>
              </div> <!-- suite-section-title -->
              <div class="suite-section-content">
                <ul>
                  <li>
                    <span class="method-stats">34 methods, 17 failed,   17 passed</span>
                  </li>
                  <li>
                    <span class="method-list-title failed">Failed methods</span>
                    <span class="show-or-hide-methods failed">
                      <a href="#" panel-name="suite-Default_suite" class="hide-methods failed suite-Default_suite"> (hide)</a> <!-- hide-methods failed suite-Default_suite -->
                      <a href="#" panel-name="suite-Default_suite" class="show-methods failed suite-Default_suite"> (show)</a> <!-- show-methods failed suite-Default_suite -->
                    </span>
                    <div class="method-list-content failed suite-Default_suite">
                      <span>
                        <img src="failed.png" width="3%"/>
                        <a href="#" panel-name="suite-Default_suite" title="com.LibraryManagement.cucumber.Runner.RunnerTest" class="method navigator-link" hash-for-method="runScenario(&quot;Validate Chat section with blank name&quot;, &quot;Contact and Query resolving services&quot;)">runScenario("Validate Chat section with blank name", "Contact and Query resolving services")</a> <!-- method navigator-link -->
                      </span>
                      <br/>
                      <span>
                        <img src="failed.png" width="3%"/>
                        <a href="#" panel-name="suite-Default_suite" title="com.LibraryManagement.cucumber.Runner.RunnerTest" class="method navigator-link" hash-for-method="runScenario(&quot;Validate Email option with invalid email id&quot;, &quot;Contact and Query resolving services&quot;)">runScenario("Validate Email option with invalid email id", "Contact and Query resolving services")</a> <!-- method navigator-link -->
                      </span>
                      <br/>
                      <span>
                        <img src="failed.png" width="3%"/>
                        <a href="#" panel-name="suite-Default_suite" title="com.LibraryManagement.cucumber.Runner.RunnerTest" class="method navigator-link" hash-for-method="runScenario(&quot;Validate Reset button clears search fields and restores full book list&quot;, &quot;View the List of Availabl...)">runScenario("Validate Reset button clears search fields and restores full book list", "View the List of Availabl...)</a> <!-- method navigator-link -->
                      </span>
                      <br/>
                      <span>
                        <img src="failed.png" width="3%"/>
                        <a href="#" panel-name="suite-Default_suite" title="com.LibraryManagement.cucumber.Runner.RunnerTest" class="method navigator-link" hash-for-method="runScenario(&quot;Submit membership form with multiple entries&quot;, &quot;Apply for Library Membership&quot;)">runScenario("Submit membership form with multiple entries", "Apply for Library Membership")</a> <!-- method navigator-link -->
                      </span>
                      <br/>
                      <span>
                        <img src="failed.png" width="3%"/>
                        <a href="#" panel-name="suite-Default_suite" title="com.LibraryManagement.cucumber.Runner.RunnerTest" class="method navigator-link" hash-for-method="runScenario(&quot;Validate Chat section with invalid phone number&quot;, &quot;Contact and Query resolving services&quot;)">runScenario("Validate Chat section with invalid phone number", "Contact and Query resolving services")</a> <!-- method navigator-link -->
                      </span>
                      <br/>
                      <span>
                        <img src="failed.png" width="3%"/>
                        <a href="#" panel-name="suite-Default_suite" title="com.LibraryManagement.cucumber.Runner.RunnerTest" class="method navigator-link" hash-for-method="runScenario(&quot;TCSH008 - Validate Books By Selected Age Group Displayed In Search&quot;, &quot;Advanced Search of Book by Mu...)">runScenario("TCSH008 - Validate Books By Selected Age Group Displayed In Search", "Advanced Search of Book by Mu...)</a> <!-- method navigator-link -->
                      </span>
                      <br/>
                      <span>
                        <img src="failed.png" width="3%"/>
                        <a href="#" panel-name="suite-Default_suite" title="com.LibraryManagement.cucumber.Runner.RunnerTest" class="method navigator-link" hash-for-method="runScenario(&quot;TCSH009 - Validate advanced book search with Excel data&quot;, &quot;Advanced Search of Book by Multiple Filt...)">runScenario("TCSH009 - Validate advanced book search with Excel data", "Advanced Search of Book by Multiple Filt...)</a> <!-- method navigator-link -->
                      </span>
                      <br/>
                      <span>
                        <img src="failed.png" width="3%"/>
                        <a href="#" panel-name="suite-Default_suite" title="com.LibraryManagement.cucumber.Runner.RunnerTest" class="method navigator-link" hash-for-method="runScenario(&quot;Validate Chat section with invalid name&quot;, &quot;Contact and Query resolving services&quot;)">runScenario("Validate Chat section with invalid name", "Contact and Query resolving services")</a> <!-- method navigator-link -->
                      </span>
                      <br/>
                      <span>
                        <img src="failed.png" width="3%"/>
                        <a href="#" panel-name="suite-Default_suite" title="com.LibraryManagement.cucumber.Runner.RunnerTest" class="method navigator-link" hash-for-method="runScenario(&quot;TCSH007 - Validate Books By Selected Book Format Displayed In Search&quot;, &quot;Advanced Search of Book by ...)">runScenario("TCSH007 - Validate Books By Selected Book Format Displayed In Search", "Advanced Search of Book by ...)</a> <!-- method navigator-link -->
                      </span>
                      <br/>
                      <span>
                        <img src="failed.png" width="3%"/>
                        <a href="#" panel-name="suite-Default_suite" title="com.LibraryManagement.cucumber.Runner.RunnerTest" class="method navigator-link" hash-for-method="runScenario(&quot;TCSH004 - Validate Error Message For Searching Non Existent Book&quot;, &quot;Advanced Search of Book by Mult...)">runScenario("TCSH004 - Validate Error Message For Searching Non Existent Book", "Advanced Search of Book by Mult...)</a> <!-- method navigator-link -->
                      </span>
                      <br/>
                      <span>
                        <img src="failed.png" width="3%"/>
                        <a href="#" panel-name="suite-Default_suite" title="com.LibraryManagement.cucumber.Runner.RunnerTest" class="method navigator-link" hash-for-method="runScenario(&quot;Submit membership form using Excel data&quot;, &quot;Apply for Library Membership&quot;)">runScenario("Submit membership form using Excel data", "Apply for Library Membership")</a> <!-- method navigator-link -->
                      </span>
                      <br/>
                      <span>
                        <img src="failed.png" width="3%"/>
                        <a href="#" panel-name="suite-Default_suite" title="com.LibraryManagement.cucumber.Runner.RunnerTest" class="method navigator-link" hash-for-method="runScenario(&quot;TCSH006 - Validate Books By Selected Subject Displayed In Search&quot;, &quot;Advanced Search of Book by Mult...)">runScenario("TCSH006 - Validate Books By Selected Subject Displayed In Search", "Advanced Search of Book by Mult...)</a> <!-- method navigator-link -->
                      </span>
                      <br/>
                      <span>
                        <img src="failed.png" width="3%"/>
                        <a href="#" panel-name="suite-Default_suite" title="com.LibraryManagement.cucumber.Runner.RunnerTest" class="method navigator-link" hash-for-method="runScenario(&quot;TCS011 - Validate multiple service form entries from Excel&quot;, &quot;Contact and Query resolving services&quot;)">runScenario("TCS011 - Validate multiple service form entries from Excel", "Contact and Query resolving services")</a> <!-- method navigator-link -->
                      </span>
                      <br/>
                      <span>
                        <img src="failed.png" width="3%"/>
                        <a href="#" panel-name="suite-Default_suite" title="com.LibraryManagement.cucumber.Runner.RunnerTest" class="method navigator-link" hash-for-method="runScenario(&quot;Submit duplicate card number and expect rejection&quot;, &quot;Apply for Library Membership&quot;)">runScenario("Submit duplicate card number and expect rejection", "Apply for Library Membership")</a> <!-- method navigator-link -->
                      </span>
                      <br/>
                      <span>
                        <img src="failed.png" width="3%"/>
                        <a href="#" panel-name="suite-Default_suite" title="com.LibraryManagement.cucumber.Runner.RunnerTest" class="method navigator-link" hash-for-method="runScenario(&quot;Validate system behavior when searching for a nonexistent book&quot;, &quot;View the List of Available Books&quot;)">runScenario("Validate system behavior when searching for a nonexistent book", "View the List of Available Books")</a> <!-- method navigator-link -->
                      </span>
                      <br/>
                      <span>
                        <img src="failed.png" width="3%"/>
                        <a href="#" panel-name="suite-Default_suite" title="com.LibraryManagement.cucumber.Runner.RunnerTest" class="method navigator-link" hash-for-method="runScenario(&quot;Validate search bar labeling for clarity on searchable fields&quot;, &quot;View the List of Available Books&quot;)">runScenario("Validate search bar labeling for clarity on searchable fields", "View the List of Available Books")</a> <!-- method navigator-link -->
                      </span>
                      <br/>
                      <span>
                        <img src="failed.png" width="3%"/>
                        <a href="#" panel-name="suite-Default_suite" title="com.LibraryManagement.cucumber.Runner.RunnerTest" class="method navigator-link" hash-for-method="runScenario(&quot;TCSH005 - Validate Books By Selected Author Displayed In Search&quot;, &quot;Advanced Search of Book by Multi...)">runScenario("TCSH005 - Validate Books By Selected Author Displayed In Search", "Advanced Search of Book by Multi...)</a> <!-- method navigator-link -->
                      </span>
                      <br/>
                    </div> <!-- method-list-content failed suite-Default_suite -->
                  </li>
                  <li>
                    <span class="method-list-title passed">Passed methods</span>
                    <span class="show-or-hide-methods passed">
                      <a href="#" panel-name="suite-Default_suite" class="hide-methods passed suite-Default_suite"> (hide)</a> <!-- hide-methods passed suite-Default_suite -->
                      <a href="#" panel-name="suite-Default_suite" class="show-methods passed suite-Default_suite"> (show)</a> <!-- show-methods passed suite-Default_suite -->
                    </span>
                    <div class="method-list-content passed suite-Default_suite">
                      <span>
                        <img src="passed.png" width="3%"/>
                        <a href="#" panel-name="suite-Default_suite" title="com.LibraryManagement.cucumber.Runner.RunnerTest" class="method navigator-link" hash-for-method="runScenario(&quot;Verify Available Books List Display in Books Section&quot;, &quot;View the List of Available Books&quot;)">runScenario("Verify Available Books List Display in Books Section", "View the List of Available Books")</a> <!-- method navigator-link -->
                      </span>
                      <br/>
                      <span>
                        <img src="passed.png" width="3%"/>
                        <a href="#" panel-name="suite-Default_suite" title="com.LibraryManagement.cucumber.Runner.RunnerTest" class="method navigator-link" hash-for-method="runScenario(&quot;View Members with Memberships&quot;, &quot;Apply for Library Membership&quot;)">runScenario("View Members with Memberships", "Apply for Library Membership")</a> <!-- method navigator-link -->
                      </span>
                      <br/>
                      <span>
                        <img src="passed.png" width="3%"/>
                        <a href="#" panel-name="suite-Default_suite" title="com.LibraryManagement.cucumber.Runner.RunnerTest" class="method navigator-link" hash-for-method="runScenario(&quot;TCSH002 - Validate All Mandatory Fields&quot;, &quot;Advanced Search of Book by Multiple Filters&quot;)">runScenario("TCSH002 - Validate All Mandatory Fields", "Advanced Search of Book by Multiple Filters")</a> <!-- method navigator-link -->
                      </span>
                      <br/>
                      <span>
                        <img src="passed.png" width="3%"/>
                        <a href="#" panel-name="suite-Default_suite" title="com.LibraryManagement.cucumber.Runner.RunnerTest" class="method navigator-link" hash-for-method="runScenario(&quot;Verify successful Human Verification via drag and drop&quot;, &quot;Apply for Library Membership&quot;)">runScenario("Verify successful Human Verification via drag and drop", "Apply for Library Membership")</a> <!-- method navigator-link -->
                      </span>
                      <br/>
                      <span>
                        <img src="passed.png" width="3%"/>
                        <a href="#" panel-name="suite-Default_suite" title="com.LibraryManagement.cucumber.Runner.RunnerTest" class="method navigator-link" hash-for-method="runScenario(&quot;Validate Email option with blank email id&quot;, &quot;Contact and Query resolving services&quot;)">runScenario("Validate Email option with blank email id", "Contact and Query resolving services")</a> <!-- method navigator-link -->
                      </span>
                      <br/>
                      <span>
                        <img src="passed.png" width="3%"/>
                        <a href="#" panel-name="suite-Default_suite" title="com.LibraryManagement.cucumber.Runner.RunnerTest" class="method navigator-link" hash-for-method="runScenario(&quot;Verify failed Human Verification with incorrect drop location&quot;, &quot;Apply for Library Membership&quot;)">runScenario("Verify failed Human Verification with incorrect drop location", "Apply for Library Membership")</a> <!-- method navigator-link -->
                      </span>
                      <br/>
                      <span>
                        <img src="passed.png" width="3%"/>
                        <a href="#" panel-name="suite-Default_suite" title="com.LibraryManagement.cucumber.Runner.RunnerTest" class="method navigator-link" hash-for-method="runScenario(&quot;Validate correct book is fetched when searching by book name&quot;, &quot;View the List of Available Books&quot;)">runScenario("Validate correct book is fetched when searching by book name", "View the List of Available Books")</a> <!-- method navigator-link -->
                      </span>
                      <br/>
                      <span>
                        <img src="passed.png" width="3%"/>
                        <a href="#" panel-name="suite-Default_suite" title="com.LibraryManagement.cucumber.Runner.RunnerTest" class="method navigator-link" hash-for-method="runScenario(&quot;Select Gold Membership and verify amount&quot;, &quot;Apply for Library Membership&quot;)">runScenario("Select Gold Membership and verify amount", "Apply for Library Membership")</a> <!-- method navigator-link -->
                      </span>
                      <br/>
                      <span>
                        <img src="passed.png" width="3%"/>
                        <a href="#" panel-name="suite-Default_suite" title="com.LibraryManagement.cucumber.Runner.RunnerTest" class="method navigator-link" hash-for-method="runScenario(&quot;Validate Email option with different email inputs&quot;, &quot;Contact and Query resolving services&quot;)">runScenario("Validate Email option with different email inputs", "Contact and Query resolving services")</a> <!-- method navigator-link -->
                      </span>
                      <br/>
                      <span>
                        <img src="passed.png" width="3%"/>
                        <a href="#" panel-name="suite-Default_suite" title="com.LibraryManagement.cucumber.Runner.RunnerTest" class="method navigator-link" hash-for-method="runScenario(&quot;Validate Chat section with valid name&quot;, &quot;Contact and Query resolving services&quot;)">runScenario("Validate Chat section with valid name", "Contact and Query resolving services")</a> <!-- method navigator-link -->
                      </span>
                      <br/>
                      <span>
                        <img src="passed.png" width="3%"/>
                        <a href="#" panel-name="suite-Default_suite" title="com.LibraryManagement.cucumber.Runner.RunnerTest" class="method navigator-link" hash-for-method="runScenario(&quot;Validate Chat section with blank phone number&quot;, &quot;Contact and Query resolving services&quot;)">runScenario("Validate Chat section with blank phone number", "Contact and Query resolving services")</a> <!-- method navigator-link -->
                      </span>
                      <br/>
                      <span>
                        <img src="passed.png" width="3%"/>
                        <a href="#" panel-name="suite-Default_suite" title="com.LibraryManagement.cucumber.Runner.RunnerTest" class="method navigator-link" hash-for-method="runScenario(&quot;TCSH003 - Validate All Details of the Searched Book Displayed&quot;, &quot;Advanced Search of Book by Multipl...)">runScenario("TCSH003 - Validate All Details of the Searched Book Displayed", "Advanced Search of Book by Multipl...)</a> <!-- method navigator-link -->
                      </span>
                      <br/>
                      <span>
                        <img src="passed.png" width="3%"/>
                        <a href="#" panel-name="suite-Default_suite" title="com.LibraryManagement.cucumber.Runner.RunnerTest" class="method navigator-link" hash-for-method="runScenario(&quot;Verify failed Human Verification with no drag-drop action&quot;, &quot;Apply for Library Membership&quot;)">runScenario("Verify failed Human Verification with no drag-drop action", "Apply for Library Membership")</a> <!-- method navigator-link -->
                      </span>
                      <br/>
                      <span>
                        <img src="passed.png" width="3%"/>
                        <a href="#" panel-name="suite-Default_suite" title="com.LibraryManagement.cucumber.Runner.RunnerTest" class="method navigator-link" hash-for-method="runScenario(&quot;TCSH001 - Validate Available Book Displayed On Search&quot;, &quot;Advanced Search of Book by Multiple Filter...)">runScenario("TCSH001 - Validate Available Book Displayed On Search", "Advanced Search of Book by Multiple Filter...)</a> <!-- method navigator-link -->
                      </span>
                      <br/>
                      <span>
                        <img src="passed.png" width="3%"/>
                        <a href="#" panel-name="suite-Default_suite" title="com.LibraryManagement.cucumber.Runner.RunnerTest" class="method navigator-link" hash-for-method="runScenario(&quot;Validate only one option selection in service page&quot;, &quot;Contact and Query resolving services&quot;)">runScenario("Validate only one option selection in service page", "Contact and Query resolving services")</a> <!-- method navigator-link -->
                      </span>
                      <br/>
                      <span>
                        <img src="passed.png" width="3%"/>
                        <a href="#" panel-name="suite-Default_suite" title="com.LibraryManagement.cucumber.Runner.RunnerTest" class="method navigator-link" hash-for-method="runScenario(&quot;Select Platinum Membership and verify amount&quot;, &quot;Apply for Library Membership&quot;)">runScenario("Select Platinum Membership and verify amount", "Apply for Library Membership")</a> <!-- method navigator-link -->
                      </span>
                      <br/>
                      <span>
                        <img src="passed.png" width="3%"/>
                        <a href="#" panel-name="suite-Default_suite" title="com.LibraryManagement.cucumber.Runner.RunnerTest" class="method navigator-link" hash-for-method="runScenario(&quot;Validate Chat section with valid phone number&quot;, &quot;Contact and Query resolving services&quot;)">runScenario("Validate Chat section with valid phone number", "Contact and Query resolving services")</a> <!-- method navigator-link -->
                      </span>
                      <br/>
                    </div> <!-- method-list-content passed suite-Default_suite -->
                  </li>
                </ul>
              </div> <!-- suite-section-content -->
            </div> <!-- result-section -->
          </div> <!-- navigator-suite-content -->
        </div> <!-- rounded-window -->
      </div> <!-- suite -->
    </div> <!-- navigator-root -->
    <div class="wrapper">
      <div class="main-panel-root">
        <div panel-name="suite-Default_suite" class="panel Default_suite">
          <div class="suite-Default_suite-class-failed">
            <div class="main-panel-header rounded-window-top">
              <img src="failed.png"/>
              <span class="class-name">com.LibraryManagement.cucumber.Runner.RunnerTest</span>
            </div> <!-- main-panel-header rounded-window-top -->
            <div class="main-panel-content rounded-window-bottom">
              <div class="method">
                <div class="method-content">
                  <a name="runScenario(&quot;Validate Chat section with blank name&quot;, &quot;Contact and Query resolving services&quot;)">
                  </a> <!-- runScenario("Validate Chat section with blank name", "Contact and Query resolving services") -->
                  <span class="method-name">runScenario</span>
                  <span class="parameters">("Validate Chat section with blank name","Contact and Query resolving services")</span>
                  <div class="stack-trace">io.cucumber.core.exception.CucumberException: Failed to instantiate class com.LibraryManagement.cucumber.stepDefinition.ServiceSteps
	at io.cucumber.core.backend.DefaultObjectFactory.cacheNewInstance(DefaultObjectFactory.java:67)
	at io.cucumber.core.backend.DefaultObjectFactory.getInstance(DefaultObjectFactory.java:45)
	at io.cucumber.java.AbstractGlueDefinition.invokeMethod(AbstractGlueDefinition.java:47)
	at io.cucumber.java.JavaStepDefinition.execute(JavaStepDefinition.java:29)
	at io.cucumber.core.runner.CoreStepDefinition.execute(CoreStepDefinition.java:66)
	at io.cucumber.core.runner.PickleStepDefinitionMatch.runStep(PickleStepDefinitionMatch.java:63)
	at io.cucumber.core.runner.ExecutionMode$1.execute(ExecutionMode.java:10)
	at io.cucumber.core.runner.TestStep.executeStep(TestStep.java:84)
	at io.cucumber.core.runner.TestStep.run(TestStep.java:56)
	at io.cucumber.core.runner.PickleStepTestStep.run(PickleStepTestStep.java:51)
	at io.cucumber.core.runner.TestCase.run(TestCase.java:84)
	at io.cucumber.core.runner.Runner.runPickle(Runner.java:75)
	at io.cucumber.testng.TestNGCucumberRunner.lambda$runScenario$1(TestNGCucumberRunner.java:132)
	at io.cucumber.core.runtime.CucumberExecutionContext.lambda$runTestCase$5(CucumberExecutionContext.java:137)
	at io.cucumber.core.runtime.RethrowingThrowableCollector.executeAndThrow(RethrowingThrowableCollector.java:23)
	at io.cucumber.core.runtime.CucumberExecutionContext.runTestCase(CucumberExecutionContext.java:137)
	at io.cucumber.testng.TestNGCucumberRunner.runScenario(TestNGCucumberRunner.java:129)
	at io.cucumber.testng.AbstractTestNGCucumberTests.runScenario(AbstractTestNGCucumberTests.java:35)
	at java.base/jdk.internal.reflect.DirectMethodHandleAccessor.invoke(DirectMethodHandleAccessor.java:103)
	at java.base/java.lang.reflect.Method.invoke(Method.java:580)
	at org.testng.internal.invokers.MethodInvocationHelper.invokeMethod(MethodInvocationHelper.java:139)
	at org.testng.internal.invokers.TestInvoker.invokeMethod(TestInvoker.java:664)
	at org.testng.internal.invokers.TestInvoker.invokeTestMethod(TestInvoker.java:227)
	at org.testng.internal.invokers.MethodRunner.runInSequence(MethodRunner.java:50)
	at org.testng.internal.invokers.TestInvoker$MethodInvocationAgent.invoke(TestInvoker.java:957)
	at org.testng.internal.invokers.TestInvoker.invokeTestMethods(TestInvoker.java:200)
	at org.testng.internal.invokers.TestMethodWorker.invokeTestMethods(TestMethodWorker.java:148)
	at org.testng.internal.invokers.TestMethodWorker.run(TestMethodWorker.java:128)
	at java.base/java.util.ArrayList.forEach(ArrayList.java:1596)
	at org.testng.TestRunner.privateRun(TestRunner.java:848)
	at org.testng.TestRunner.run(TestRunner.java:621)
	at org.testng.SuiteRunner.runTest(SuiteRunner.java:443)
	at org.testng.SuiteRunner.runSequentially(SuiteRunner.java:437)
	at org.testng.SuiteRunner.privateRun(SuiteRunner.java:397)
	at org.testng.SuiteRunner.run(SuiteRunner.java:336)
	at org.testng.SuiteRunnerWorker.runSuite(SuiteRunnerWorker.java:52)
	at org.testng.SuiteRunnerWorker.run(SuiteRunnerWorker.java:95)
	at org.testng.TestNG.runSuitesSequentially(TestNG.java:1280)
	at org.testng.TestNG.runSuitesLocally(TestNG.java:1200)
	at org.testng.TestNG.runSuites(TestNG.java:1114)
	at org.testng.TestNG.run(TestNG.java:1082)
	at org.testng.remote.AbstractRemoteTestNG.run(AbstractRemoteTestNG.java:115)
	at org.testng.remote.RemoteTestNG.initAndRun(RemoteTestNG.java:293)
	at org.testng.remote.RemoteTestNG.main(RemoteTestNG.java:91)
Caused by: java.lang.reflect.InvocationTargetException
	at java.base/jdk.internal.reflect.DirectConstructorHandleAccessor.newInstance(DirectConstructorHandleAccessor.java:74)
	at java.base/java.lang.reflect.Constructor.newInstanceWithCaller(Constructor.java:502)
	at java.base/java.lang.reflect.Constructor.newInstance(Constructor.java:486)
	at io.cucumber.core.backend.DefaultObjectFactory.cacheNewInstance(DefaultObjectFactory.java:53)
	... 43 more
Caused by: org.openqa.selenium.SessionNotCreatedException: Could not start a new session. Response code 500. Message: Failed to decode response from marionette 
Host info: host: &apos;SHREETAMA&apos;, ip: &apos;192.168.1.33&apos;
Build info: version: &apos;4.22.0&apos;, revision: &apos;c5f3146703*&apos;
System info: os.name: &apos;Windows 11&apos;, os.arch: &apos;amd64&apos;, os.version: &apos;10.0&apos;, java.version: &apos;21.0.7&apos;
Driver info: org.openqa.selenium.firefox.FirefoxDriver
Command: [null, newSession {capabilities=[Capabilities {acceptInsecureCerts: true, browserName: firefox, moz:debuggerAddress: true, moz:firefoxOptions: {prefs: {remote.active-protocols: 3}}}]}]
	at org.openqa.selenium.remote.ProtocolHandshake.createSession(ProtocolHandshake.java:114)
	at org.openqa.selenium.remote.ProtocolHandshake.createSession(ProtocolHandshake.java:75)
	at org.openqa.selenium.remote.ProtocolHandshake.createSession(ProtocolHandshake.java:61)
	at org.openqa.selenium.remote.HttpCommandExecutor.execute(HttpCommandExecutor.java:162)
	at org.openqa.selenium.remote.service.DriverCommandExecutor.invokeExecute(DriverCommandExecutor.java:216)
	at org.openqa.selenium.remote.service.DriverCommandExecutor.execute(DriverCommandExecutor.java:174)
	at org.openqa.selenium.remote.RemoteWebDriver.execute(RemoteWebDriver.java:518)
	at org.openqa.selenium.remote.RemoteWebDriver.startSession(RemoteWebDriver.java:232)
	at org.openqa.selenium.remote.RemoteWebDriver.&lt;init&gt;(RemoteWebDriver.java:161)
	at org.openqa.selenium.firefox.FirefoxDriver.&lt;init&gt;(FirefoxDriver.java:155)
	at org.openqa.selenium.firefox.FirefoxDriver.&lt;init&gt;(FirefoxDriver.java:150)
	at org.openqa.selenium.firefox.FirefoxDriver.&lt;init&gt;(FirefoxDriver.java:132)
	at org.openqa.selenium.firefox.FirefoxDriver.&lt;init&gt;(FirefoxDriver.java:127)
	at org.openqa.selenium.firefox.FirefoxDriver.&lt;init&gt;(FirefoxDriver.java:112)
	at org.openqa.selenium.firefox.FirefoxDriver.&lt;init&gt;(FirefoxDriver.java:102)
	at com.LibraryManagement.cucumber.Setup.DriverSetup.getWebDriver(DriverSetup.java:16)
	at com.LibraryManagement.cucumber.pages.ServicePage.&lt;init&gt;(ServicePage.java:20)
	at com.LibraryManagement.cucumber.stepDefinition.ServiceSteps.&lt;init&gt;(ServiceSteps.java:14)
	at java.base/jdk.internal.reflect.DirectConstructorHandleAccessor.newInstance(DirectConstructorHandleAccessor.java:62)
	... 46 more

</div> <!-- stack-trace -->
                  <em>
(Runs Cucumber Scenarios)                  </em>
                </div> <!-- method-content -->
              </div> <!-- method -->
              <div class="method">
                <div class="method-content">
                  <a name="runScenario(&quot;Validate Email option with invalid email id&quot;, &quot;Contact and Query resolving services&quot;)">
                  </a> <!-- runScenario("Validate Email option with invalid email id", "Contact and Query resolving services") -->
                  <span class="method-name">runScenario</span>
                  <span class="parameters">("Validate Email option with invalid email id","Contact and Query resolving services")</span>
                  <div class="stack-trace">org.junit.ComparisonFailure: expected:&lt;[Invalid email message not displayed]&gt; but was:&lt;[Mail Sent Successfully]&gt;
	at org.junit.Assert.assertEquals(Assert.java:117)
	at org.junit.Assert.assertEquals(Assert.java:146)
	at com.LibraryManagement.cucumber.stepDefinition.ServiceSteps.verifyInvalidEmailMessage(ServiceSteps.java:79)
	at ✽.I should see an error message for invalid email(file:///D:/New_Script/Sprint-2/Sprint_2/src/test/java/com/LibraryManagement/cucumber/features/servicePage.feature:35)

</div> <!-- stack-trace -->
                  <em>
(Runs Cucumber Scenarios)                  </em>
                </div> <!-- method-content -->
              </div> <!-- method -->
              <div class="method">
                <div class="method-content">
                  <a name="runScenario(&quot;Validate Reset button clears search fields and restores full book list&quot;, &quot;View the List of Availabl...)">
                  </a> <!-- runScenario("Validate Reset button clears search fields and restores full book list", "View the List of Availabl...) -->
                  <span class="method-name">runScenario</span>
                  <span class="parameters">("Validate Reset button clears search fields and restores full book list","View the List of Available Books")</span>
                  <div class="stack-trace">org.openqa.selenium.NoSuchElementException: Unable to locate element: #resetBtn
For documentation on this error, please visit: https://www.selenium.dev/documentation/webdriver/troubleshooting/errors#no-such-element-exception
Build info: version: &apos;4.22.0&apos;, revision: &apos;c5f3146703*&apos;
System info: os.name: &apos;Windows 11&apos;, os.arch: &apos;amd64&apos;, os.version: &apos;10.0&apos;, java.version: &apos;21.0.7&apos;
Driver info: org.openqa.selenium.firefox.FirefoxDriver
Command: [456dccff-6a69-43d4-b5ec-05783763f102, findElement {using=id, value=resetBtn}]
Capabilities {acceptInsecureCerts: true, browserName: firefox, browserVersion: 141.0, moz:accessibilityChecks: false, moz:buildID: 20250717180000, moz:geckodriverVersion: 0.36.0, moz:headless: false, moz:platformVersion: 10.0, moz:processID: 34992, moz:profile: C:\Users\DELL\AppData\Local..., moz:shutdownTimeout: 60000, moz:webdriverClick: true, moz:windowless: false, pageLoadStrategy: normal, platformName: windows, proxy: Proxy(), setWindowRect: true, strictFileInteractability: false, timeouts: {implicit: 0, pageLoad: 300000, script: 30000}, unhandledPromptBehavior: dismiss and notify, userAgent: Mozilla/5.0 (Windows NT 10....}
Session ID: 456dccff-6a69-43d4-b5ec-05783763f102
	at java.base/jdk.internal.reflect.DirectConstructorHandleAccessor.newInstance(DirectConstructorHandleAccessor.java:62)
	at java.base/java.lang.reflect.Constructor.newInstanceWithCaller(Constructor.java:502)
	at java.base/java.lang.reflect.Constructor.newInstance(Constructor.java:486)
	at org.openqa.selenium.remote.ErrorCodec.decode(ErrorCodec.java:167)
	at org.openqa.selenium.remote.codec.w3c.W3CHttpResponseCodec.decode(W3CHttpResponseCodec.java:138)
	at org.openqa.selenium.remote.codec.w3c.W3CHttpResponseCodec.decode(W3CHttpResponseCodec.java:50)
	at org.openqa.selenium.remote.HttpCommandExecutor.execute(HttpCommandExecutor.java:190)
	at org.openqa.selenium.remote.service.DriverCommandExecutor.invokeExecute(DriverCommandExecutor.java:216)
	at org.openqa.selenium.remote.service.DriverCommandExecutor.execute(DriverCommandExecutor.java:174)
	at org.openqa.selenium.remote.RemoteWebDriver.execute(RemoteWebDriver.java:518)
	at org.openqa.selenium.remote.ElementLocation$ElementFinder$2.findElement(ElementLocation.java:165)
	at org.openqa.selenium.remote.ElementLocation.findElement(ElementLocation.java:59)
	at org.openqa.selenium.remote.RemoteWebDriver.findElement(RemoteWebDriver.java:355)
	at org.openqa.selenium.remote.RemoteWebDriver.findElement(RemoteWebDriver.java:349)
	at com.LibraryManagement.cucumber.pages.BooksPage.clickResetButton(BooksPage.java:59)
	at com.LibraryManagement.cucumber.stepDefinition.BookSteps.userClicksResetButton(BookSteps.java:81)
	at ✽.User clicks the Reset button(file:///D:/New_Script/Sprint-2/Sprint_2/src/test/java/com/LibraryManagement/cucumber/features/BookSearch.feature:30)

</div> <!-- stack-trace -->
                  <em>
(Runs Cucumber Scenarios)                  </em>
                </div> <!-- method-content -->
              </div> <!-- method -->
              <div class="method">
                <div class="method-content">
                  <a name="runScenario(&quot;Submit membership form with multiple entries&quot;, &quot;Apply for Library Membership&quot;)">
                  </a> <!-- runScenario("Submit membership form with multiple entries", "Apply for Library Membership") -->
                  <span class="method-name">runScenario</span>
                  <span class="parameters">("Submit membership form with multiple entries","Apply for Library Membership")</span>
                  <div class="stack-trace">java.lang.AssertionError: Card number field is not reset after submission expected [] but found [LCN_004]
	at org.testng.Assert.fail(Assert.java:111)
	at org.testng.Assert.failNotEquals(Assert.java:1578)
	at org.testng.Assert.assertEqualsImpl(Assert.java:150)
	at org.testng.Assert.assertEquals(Assert.java:132)
	at org.testng.Assert.assertEquals(Assert.java:656)
	at com.LibraryManagement.cucumber.stepDefinition.MembershipSteps.submitMembershipEntries(MembershipSteps.java:226)
	at ✽.I submit the following membership entries:(file:///D:/New_Script/Sprint-2/Sprint_2/src/test/java/com/LibraryManagement/cucumber/features/MemberShip.feature:48)

</div> <!-- stack-trace -->
                  <em>
(Runs Cucumber Scenarios)                  </em>
                </div> <!-- method-content -->
              </div> <!-- method -->
              <div class="method">
                <div class="method-content">
                  <a name="runScenario(&quot;Validate Chat section with invalid phone number&quot;, &quot;Contact and Query resolving services&quot;)">
                  </a> <!-- runScenario("Validate Chat section with invalid phone number", "Contact and Query resolving services") -->
                  <span class="method-name">runScenario</span>
                  <span class="parameters">("Validate Chat section with invalid phone number","Contact and Query resolving services")</span>
                  <div class="stack-trace">org.junit.ComparisonFailure: expected:&lt;[Invalid phone message not displayed]&gt; but was:&lt;[Message Sent Successfully]&gt;
	at org.junit.Assert.assertEquals(Assert.java:117)
	at org.junit.Assert.assertEquals(Assert.java:146)
	at com.LibraryManagement.cucumber.stepDefinition.ServiceSteps.verifyInvalidPhoneMessage(ServiceSteps.java:94)
	at ✽.I should see an error message for invalid phone(file:///D:/New_Script/Sprint-2/Sprint_2/src/test/java/com/LibraryManagement/cucumber/features/servicePage.feature:65)

</div> <!-- stack-trace -->
                  <em>
(Runs Cucumber Scenarios)                  </em>
                </div> <!-- method-content -->
              </div> <!-- method -->
              <div class="method">
                <div class="method-content">
                  <a name="runScenario(&quot;TCSH008 - Validate Books By Selected Age Group Displayed In Search&quot;, &quot;Advanced Search of Book by Mu...)">
                  </a> <!-- runScenario("TCSH008 - Validate Books By Selected Age Group Displayed In Search", "Advanced Search of Book by Mu...) -->
                  <span class="method-name">runScenario</span>
                  <span class="parameters">("TCSH008 - Validate Books By Selected Age Group Displayed In Search","Advanced Search of Book by Multiple Filters")</span>
                  <div class="stack-trace">java.lang.AssertionError: expected [true] but found [false]
	at org.testng.Assert.fail(Assert.java:111)
	at org.testng.Assert.failNotEquals(Assert.java:1578)
	at org.testng.Assert.assertTrue(Assert.java:57)
	at org.testng.Assert.assertTrue(Assert.java:67)
	at com.LibraryManagement.cucumber.stepDefinition.AdvancedBookSearchSteps.i_should_see_books_by_age_group(AdvancedBookSearchSteps.java:122)
	at ✽.I should see a table containing details of all the available books of the selected age group(file:///D:/New_Script/Sprint-2/Sprint_2/src/test/java/com/LibraryManagement/cucumber/features/AdvancedBookSearch.feature:77)

</div> <!-- stack-trace -->
                  <em>
(Runs Cucumber Scenarios)                  </em>
                </div> <!-- method-content -->
              </div> <!-- method -->
              <div class="method">
                <div class="method-content">
                  <a name="runScenario(&quot;TCSH009 - Validate advanced book search with Excel data&quot;, &quot;Advanced Search of Book by Multiple Filt...)">
                  </a> <!-- runScenario("TCSH009 - Validate advanced book search with Excel data", "Advanced Search of Book by Multiple Filt...) -->
                  <span class="method-name">runScenario</span>
                  <span class="parameters">("TCSH009 - Validate advanced book search with Excel data","Advanced Search of Book by Multiple Filters")</span>
                  <div class="stack-trace">java.lang.AssertionError: Expected failure message not shown! expected [true] but found [false]
	at org.testng.Assert.fail(Assert.java:111)
	at org.testng.Assert.failNotEquals(Assert.java:1578)
	at org.testng.Assert.assertTrue(Assert.java:57)
	at com.LibraryManagement.cucumber.stepDefinition.AdvancedBookSearchSteps.submitBookSearchEntriesFromExcel(AdvancedBookSearchSteps.java:155)
	at ✽.I submit the book search entries from Excel(file:///D:/New_Script/Sprint-2/Sprint_2/src/test/java/com/LibraryManagement/cucumber/features/AdvancedBookSearch.feature:81)

</div> <!-- stack-trace -->
                  <em>
(Runs Cucumber Scenarios)                  </em>
                </div> <!-- method-content -->
              </div> <!-- method -->
              <div class="method">
                <div class="method-content">
                  <a name="runScenario(&quot;Validate Chat section with invalid name&quot;, &quot;Contact and Query resolving services&quot;)">
                  </a> <!-- runScenario("Validate Chat section with invalid name", "Contact and Query resolving services") -->
                  <span class="method-name">runScenario</span>
                  <span class="parameters">("Validate Chat section with invalid name","Contact and Query resolving services")</span>
                  <div class="stack-trace">io.cucumber.core.exception.CucumberException: Failed to instantiate class com.LibraryManagement.cucumber.stepDefinition.ServiceSteps
	at io.cucumber.core.backend.DefaultObjectFactory.cacheNewInstance(DefaultObjectFactory.java:67)
	at io.cucumber.core.backend.DefaultObjectFactory.getInstance(DefaultObjectFactory.java:45)
	at io.cucumber.java.AbstractGlueDefinition.invokeMethod(AbstractGlueDefinition.java:47)
	at io.cucumber.java.JavaStepDefinition.execute(JavaStepDefinition.java:29)
	at io.cucumber.core.runner.CoreStepDefinition.execute(CoreStepDefinition.java:66)
	at io.cucumber.core.runner.PickleStepDefinitionMatch.runStep(PickleStepDefinitionMatch.java:63)
	at io.cucumber.core.runner.ExecutionMode$1.execute(ExecutionMode.java:10)
	at io.cucumber.core.runner.TestStep.executeStep(TestStep.java:84)
	at io.cucumber.core.runner.TestStep.run(TestStep.java:56)
	at io.cucumber.core.runner.PickleStepTestStep.run(PickleStepTestStep.java:51)
	at io.cucumber.core.runner.TestCase.run(TestCase.java:84)
	at io.cucumber.core.runner.Runner.runPickle(Runner.java:75)
	at io.cucumber.testng.TestNGCucumberRunner.lambda$runScenario$1(TestNGCucumberRunner.java:132)
	at io.cucumber.core.runtime.CucumberExecutionContext.lambda$runTestCase$5(CucumberExecutionContext.java:137)
	at io.cucumber.core.runtime.RethrowingThrowableCollector.executeAndThrow(RethrowingThrowableCollector.java:23)
	at io.cucumber.core.runtime.CucumberExecutionContext.runTestCase(CucumberExecutionContext.java:137)
	at io.cucumber.testng.TestNGCucumberRunner.runScenario(TestNGCucumberRunner.java:129)
	at io.cucumber.testng.AbstractTestNGCucumberTests.runScenario(AbstractTestNGCucumberTests.java:35)
	at java.base/jdk.internal.reflect.DirectMethodHandleAccessor.invoke(DirectMethodHandleAccessor.java:103)
	at java.base/java.lang.reflect.Method.invoke(Method.java:580)
	at org.testng.internal.invokers.MethodInvocationHelper.invokeMethod(MethodInvocationHelper.java:139)
	at org.testng.internal.invokers.TestInvoker.invokeMethod(TestInvoker.java:664)
	at org.testng.internal.invokers.TestInvoker.invokeTestMethod(TestInvoker.java:227)
	at org.testng.internal.invokers.MethodRunner.runInSequence(MethodRunner.java:50)
	at org.testng.internal.invokers.TestInvoker$MethodInvocationAgent.invoke(TestInvoker.java:957)
	at org.testng.internal.invokers.TestInvoker.invokeTestMethods(TestInvoker.java:200)
	at org.testng.internal.invokers.TestMethodWorker.invokeTestMethods(TestMethodWorker.java:148)
	at org.testng.internal.invokers.TestMethodWorker.run(TestMethodWorker.java:128)
	at java.base/java.util.ArrayList.forEach(ArrayList.java:1596)
	at org.testng.TestRunner.privateRun(TestRunner.java:848)
	at org.testng.TestRunner.run(TestRunner.java:621)
	at org.testng.SuiteRunner.runTest(SuiteRunner.java:443)
	at org.testng.SuiteRunner.runSequentially(SuiteRunner.java:437)
	at org.testng.SuiteRunner.privateRun(SuiteRunner.java:397)
	at org.testng.SuiteRunner.run(SuiteRunner.java:336)
	at org.testng.SuiteRunnerWorker.runSuite(SuiteRunnerWorker.java:52)
	at org.testng.SuiteRunnerWorker.run(SuiteRunnerWorker.java:95)
	at org.testng.TestNG.runSuitesSequentially(TestNG.java:1280)
	at org.testng.TestNG.runSuitesLocally(TestNG.java:1200)
	at org.testng.TestNG.runSuites(TestNG.java:1114)
	at org.testng.TestNG.run(TestNG.java:1082)
	at org.testng.remote.AbstractRemoteTestNG.run(AbstractRemoteTestNG.java:115)
	at org.testng.remote.RemoteTestNG.initAndRun(RemoteTestNG.java:293)
	at org.testng.remote.RemoteTestNG.main(RemoteTestNG.java:91)
Caused by: java.lang.reflect.InvocationTargetException
	at java.base/jdk.internal.reflect.DirectConstructorHandleAccessor.newInstance(DirectConstructorHandleAccessor.java:74)
	at java.base/java.lang.reflect.Constructor.newInstanceWithCaller(Constructor.java:502)
	at java.base/java.lang.reflect.Constructor.newInstance(Constructor.java:486)
	at io.cucumber.core.backend.DefaultObjectFactory.cacheNewInstance(DefaultObjectFactory.java:53)
	... 43 more
Caused by: org.openqa.selenium.SessionNotCreatedException: Could not start a new session. Response code 500. Message: Failed to decode response from marionette 
Host info: host: &apos;SHREETAMA&apos;, ip: &apos;192.168.1.33&apos;
Build info: version: &apos;4.22.0&apos;, revision: &apos;c5f3146703*&apos;
System info: os.name: &apos;Windows 11&apos;, os.arch: &apos;amd64&apos;, os.version: &apos;10.0&apos;, java.version: &apos;21.0.7&apos;
Driver info: org.openqa.selenium.firefox.FirefoxDriver
Command: [null, newSession {capabilities=[Capabilities {acceptInsecureCerts: true, browserName: firefox, moz:debuggerAddress: true, moz:firefoxOptions: {prefs: {remote.active-protocols: 3}}}]}]
	at org.openqa.selenium.remote.ProtocolHandshake.createSession(ProtocolHandshake.java:114)
	at org.openqa.selenium.remote.ProtocolHandshake.createSession(ProtocolHandshake.java:75)
	at org.openqa.selenium.remote.ProtocolHandshake.createSession(ProtocolHandshake.java:61)
	at org.openqa.selenium.remote.HttpCommandExecutor.execute(HttpCommandExecutor.java:162)
	at org.openqa.selenium.remote.service.DriverCommandExecutor.invokeExecute(DriverCommandExecutor.java:216)
	at org.openqa.selenium.remote.service.DriverCommandExecutor.execute(DriverCommandExecutor.java:174)
	at org.openqa.selenium.remote.RemoteWebDriver.execute(RemoteWebDriver.java:518)
	at org.openqa.selenium.remote.RemoteWebDriver.startSession(RemoteWebDriver.java:232)
	at org.openqa.selenium.remote.RemoteWebDriver.&lt;init&gt;(RemoteWebDriver.java:161)
	at org.openqa.selenium.firefox.FirefoxDriver.&lt;init&gt;(FirefoxDriver.java:155)
	at org.openqa.selenium.firefox.FirefoxDriver.&lt;init&gt;(FirefoxDriver.java:150)
	at org.openqa.selenium.firefox.FirefoxDriver.&lt;init&gt;(FirefoxDriver.java:132)
	at org.openqa.selenium.firefox.FirefoxDriver.&lt;init&gt;(FirefoxDriver.java:127)
	at org.openqa.selenium.firefox.FirefoxDriver.&lt;init&gt;(FirefoxDriver.java:112)
	at org.openqa.selenium.firefox.FirefoxDriver.&lt;init&gt;(FirefoxDriver.java:102)
	at com.LibraryManagement.cucumber.Setup.DriverSetup.getWebDriver(DriverSetup.java:16)
	at com.LibraryManagement.cucumber.pages.ServicePage.&lt;init&gt;(ServicePage.java:20)
	at com.LibraryManagement.cucumber.stepDefinition.ServiceSteps.&lt;init&gt;(ServiceSteps.java:14)
	at java.base/jdk.internal.reflect.DirectConstructorHandleAccessor.newInstance(DirectConstructorHandleAccessor.java:62)
	... 46 more

</div> <!-- stack-trace -->
                  <em>
(Runs Cucumber Scenarios)                  </em>
                </div> <!-- method-content -->
              </div> <!-- method -->
              <div class="method">
                <div class="method-content">
                  <a name="runScenario(&quot;TCSH007 - Validate Books By Selected Book Format Displayed In Search&quot;, &quot;Advanced Search of Book by ...)">
                  </a> <!-- runScenario("TCSH007 - Validate Books By Selected Book Format Displayed In Search", "Advanced Search of Book by ...) -->
                  <span class="method-name">runScenario</span>
                  <span class="parameters">("TCSH007 - Validate Books By Selected Book Format Displayed In Search","Advanced Search of Book by Multiple Filters")</span>
                  <div class="stack-trace">java.lang.AssertionError: expected [true] but found [false]
	at org.testng.Assert.fail(Assert.java:111)
	at org.testng.Assert.failNotEquals(Assert.java:1578)
	at org.testng.Assert.assertTrue(Assert.java:57)
	at org.testng.Assert.assertTrue(Assert.java:67)
	at com.LibraryManagement.cucumber.stepDefinition.AdvancedBookSearchSteps.i_should_see_books_by_format(AdvancedBookSearchSteps.java:116)
	at ✽.I should see a table containing details of all the available books of the selected book format(file:///D:/New_Script/Sprint-2/Sprint_2/src/test/java/com/LibraryManagement/cucumber/features/AdvancedBookSearch.feature:69)

</div> <!-- stack-trace -->
                  <em>
(Runs Cucumber Scenarios)                  </em>
                </div> <!-- method-content -->
              </div> <!-- method -->
              <div class="method">
                <div class="method-content">
                  <a name="runScenario(&quot;TCSH004 - Validate Error Message For Searching Non Existent Book&quot;, &quot;Advanced Search of Book by Mult...)">
                  </a> <!-- runScenario("TCSH004 - Validate Error Message For Searching Non Existent Book", "Advanced Search of Book by Mult...) -->
                  <span class="method-name">runScenario</span>
                  <span class="parameters">("TCSH004 - Validate Error Message For Searching Non Existent Book","Advanced Search of Book by Multiple Filters")</span>
                  <div class="stack-trace">java.lang.AssertionError: =====Test failed: No new elements appeared after form submission.=====
	at com.LibraryManagement.cucumber.stepDefinition.AdvancedBookSearchSteps.i_should_see_no_results_error(AdvancedBookSearchSteps.java:97)
	at ✽.I should see an appropriate error message indicating no results found(file:///D:/New_Script/Sprint-2/Sprint_2/src/test/java/com/LibraryManagement/cucumber/features/AdvancedBookSearch.feature:45)

</div> <!-- stack-trace -->
                  <em>
(Runs Cucumber Scenarios)                  </em>
                </div> <!-- method-content -->
              </div> <!-- method -->
              <div class="method">
                <div class="method-content">
                  <a name="runScenario(&quot;Submit membership form using Excel data&quot;, &quot;Apply for Library Membership&quot;)">
                  </a> <!-- runScenario("Submit membership form using Excel data", "Apply for Library Membership") -->
                  <span class="method-name">runScenario</span>
                  <span class="parameters">("Submit membership form using Excel data","Apply for Library Membership")</span>
                  <div class="stack-trace">java.lang.AssertionError: Card number field is not reset after submission expected [] but found [LCN_004]
	at org.testng.Assert.fail(Assert.java:111)
	at org.testng.Assert.failNotEquals(Assert.java:1578)
	at org.testng.Assert.assertEqualsImpl(Assert.java:150)
	at org.testng.Assert.assertEquals(Assert.java:132)
	at org.testng.Assert.assertEquals(Assert.java:656)
	at com.LibraryManagement.cucumber.stepDefinition.MembershipSteps.submitMembershipEntriesFromExcel(MembershipSteps.java:272)
	at ✽.I submit the membership entries from Excel(file:///D:/New_Script/Sprint-2/Sprint_2/src/test/java/com/LibraryManagement/cucumber/features/MemberShip.feature:69)

</div> <!-- stack-trace -->
                  <em>
(Runs Cucumber Scenarios)                  </em>
                </div> <!-- method-content -->
              </div> <!-- method -->
              <div class="method">
                <div class="method-content">
                  <a name="runScenario(&quot;TCSH006 - Validate Books By Selected Subject Displayed In Search&quot;, &quot;Advanced Search of Book by Mult...)">
                  </a> <!-- runScenario("TCSH006 - Validate Books By Selected Subject Displayed In Search", "Advanced Search of Book by Mult...) -->
                  <span class="method-name">runScenario</span>
                  <span class="parameters">("TCSH006 - Validate Books By Selected Subject Displayed In Search","Advanced Search of Book by Multiple Filters")</span>
                  <div class="stack-trace">java.lang.AssertionError: expected [true] but found [false]
	at org.testng.Assert.fail(Assert.java:111)
	at org.testng.Assert.failNotEquals(Assert.java:1578)
	at org.testng.Assert.assertTrue(Assert.java:57)
	at org.testng.Assert.assertTrue(Assert.java:67)
	at com.LibraryManagement.cucumber.stepDefinition.AdvancedBookSearchSteps.i_should_see_books_by_subject(AdvancedBookSearchSteps.java:110)
	at ✽.I should see a table containing details of all the available books of the selected subject(file:///D:/New_Script/Sprint-2/Sprint_2/src/test/java/com/LibraryManagement/cucumber/features/AdvancedBookSearch.feature:61)

</div> <!-- stack-trace -->
                  <em>
(Runs Cucumber Scenarios)                  </em>
                </div> <!-- method-content -->
              </div> <!-- method -->
              <div class="method">
                <div class="method-content">
                  <a name="runScenario(&quot;TCS011 - Validate multiple service form entries from Excel&quot;, &quot;Contact and Query resolving services&quot;)">
                  </a> <!-- runScenario("TCS011 - Validate multiple service form entries from Excel", "Contact and Query resolving services") -->
                  <span class="method-name">runScenario</span>
                  <span class="parameters">("TCS011 - Validate multiple service form entries from Excel","Contact and Query resolving services")</span>
                  <div class="stack-trace">io.cucumber.core.exception.CucumberException: Failed to instantiate class com.LibraryManagement.cucumber.stepDefinition.ServiceSteps
	at io.cucumber.core.backend.DefaultObjectFactory.cacheNewInstance(DefaultObjectFactory.java:67)
	at io.cucumber.core.backend.DefaultObjectFactory.getInstance(DefaultObjectFactory.java:45)
	at io.cucumber.java.AbstractGlueDefinition.invokeMethod(AbstractGlueDefinition.java:47)
	at io.cucumber.java.JavaStepDefinition.execute(JavaStepDefinition.java:29)
	at io.cucumber.core.runner.CoreStepDefinition.execute(CoreStepDefinition.java:66)
	at io.cucumber.core.runner.PickleStepDefinitionMatch.runStep(PickleStepDefinitionMatch.java:63)
	at io.cucumber.core.runner.ExecutionMode$1.execute(ExecutionMode.java:10)
	at io.cucumber.core.runner.TestStep.executeStep(TestStep.java:84)
	at io.cucumber.core.runner.TestStep.run(TestStep.java:56)
	at io.cucumber.core.runner.PickleStepTestStep.run(PickleStepTestStep.java:51)
	at io.cucumber.core.runner.TestCase.run(TestCase.java:84)
	at io.cucumber.core.runner.Runner.runPickle(Runner.java:75)
	at io.cucumber.testng.TestNGCucumberRunner.lambda$runScenario$1(TestNGCucumberRunner.java:132)
	at io.cucumber.core.runtime.CucumberExecutionContext.lambda$runTestCase$5(CucumberExecutionContext.java:137)
	at io.cucumber.core.runtime.RethrowingThrowableCollector.executeAndThrow(RethrowingThrowableCollector.java:23)
	at io.cucumber.core.runtime.CucumberExecutionContext.runTestCase(CucumberExecutionContext.java:137)
	at io.cucumber.testng.TestNGCucumberRunner.runScenario(TestNGCucumberRunner.java:129)
	at io.cucumber.testng.AbstractTestNGCucumberTests.runScenario(AbstractTestNGCucumberTests.java:35)
	at java.base/jdk.internal.reflect.DirectMethodHandleAccessor.invoke(DirectMethodHandleAccessor.java:103)
	at java.base/java.lang.reflect.Method.invoke(Method.java:580)
	at org.testng.internal.invokers.MethodInvocationHelper.invokeMethod(MethodInvocationHelper.java:139)
	at org.testng.internal.invokers.TestInvoker.invokeMethod(TestInvoker.java:664)
	at org.testng.internal.invokers.TestInvoker.invokeTestMethod(TestInvoker.java:227)
	at org.testng.internal.invokers.MethodRunner.runInSequence(MethodRunner.java:50)
	at org.testng.internal.invokers.TestInvoker$MethodInvocationAgent.invoke(TestInvoker.java:957)
	at org.testng.internal.invokers.TestInvoker.invokeTestMethods(TestInvoker.java:200)
	at org.testng.internal.invokers.TestMethodWorker.invokeTestMethods(TestMethodWorker.java:148)
	at org.testng.internal.invokers.TestMethodWorker.run(TestMethodWorker.java:128)
	at java.base/java.util.ArrayList.forEach(ArrayList.java:1596)
	at org.testng.TestRunner.privateRun(TestRunner.java:848)
	at org.testng.TestRunner.run(TestRunner.java:621)
	at org.testng.SuiteRunner.runTest(SuiteRunner.java:443)
	at org.testng.SuiteRunner.runSequentially(SuiteRunner.java:437)
	at org.testng.SuiteRunner.privateRun(SuiteRunner.java:397)
	at org.testng.SuiteRunner.run(SuiteRunner.java:336)
	at org.testng.SuiteRunnerWorker.runSuite(SuiteRunnerWorker.java:52)
	at org.testng.SuiteRunnerWorker.run(SuiteRunnerWorker.java:95)
	at org.testng.TestNG.runSuitesSequentially(TestNG.java:1280)
	at org.testng.TestNG.runSuitesLocally(TestNG.java:1200)
	at org.testng.TestNG.runSuites(TestNG.java:1114)
	at org.testng.TestNG.run(TestNG.java:1082)
	at org.testng.remote.AbstractRemoteTestNG.run(AbstractRemoteTestNG.java:115)
	at org.testng.remote.RemoteTestNG.initAndRun(RemoteTestNG.java:293)
	at org.testng.remote.RemoteTestNG.main(RemoteTestNG.java:91)
Caused by: java.lang.reflect.InvocationTargetException
	at java.base/jdk.internal.reflect.DirectConstructorHandleAccessor.newInstance(DirectConstructorHandleAccessor.java:74)
	at java.base/java.lang.reflect.Constructor.newInstanceWithCaller(Constructor.java:502)
	at java.base/java.lang.reflect.Constructor.newInstance(Constructor.java:486)
	at io.cucumber.core.backend.DefaultObjectFactory.cacheNewInstance(DefaultObjectFactory.java:53)
	... 43 more
Caused by: org.openqa.selenium.SessionNotCreatedException: Could not start a new session. Response code 500. Message: Failed to decode response from marionette 
Host info: host: &apos;SHREETAMA&apos;, ip: &apos;192.168.1.33&apos;
Build info: version: &apos;4.22.0&apos;, revision: &apos;c5f3146703*&apos;
System info: os.name: &apos;Windows 11&apos;, os.arch: &apos;amd64&apos;, os.version: &apos;10.0&apos;, java.version: &apos;21.0.7&apos;
Driver info: org.openqa.selenium.firefox.FirefoxDriver
Command: [null, newSession {capabilities=[Capabilities {acceptInsecureCerts: true, browserName: firefox, moz:debuggerAddress: true, moz:firefoxOptions: {prefs: {remote.active-protocols: 3}}}]}]
	at org.openqa.selenium.remote.ProtocolHandshake.createSession(ProtocolHandshake.java:114)
	at org.openqa.selenium.remote.ProtocolHandshake.createSession(ProtocolHandshake.java:75)
	at org.openqa.selenium.remote.ProtocolHandshake.createSession(ProtocolHandshake.java:61)
	at org.openqa.selenium.remote.HttpCommandExecutor.execute(HttpCommandExecutor.java:162)
	at org.openqa.selenium.remote.service.DriverCommandExecutor.invokeExecute(DriverCommandExecutor.java:216)
	at org.openqa.selenium.remote.service.DriverCommandExecutor.execute(DriverCommandExecutor.java:174)
	at org.openqa.selenium.remote.RemoteWebDriver.execute(RemoteWebDriver.java:518)
	at org.openqa.selenium.remote.RemoteWebDriver.startSession(RemoteWebDriver.java:232)
	at org.openqa.selenium.remote.RemoteWebDriver.&lt;init&gt;(RemoteWebDriver.java:161)
	at org.openqa.selenium.firefox.FirefoxDriver.&lt;init&gt;(FirefoxDriver.java:155)
	at org.openqa.selenium.firefox.FirefoxDriver.&lt;init&gt;(FirefoxDriver.java:150)
	at org.openqa.selenium.firefox.FirefoxDriver.&lt;init&gt;(FirefoxDriver.java:132)
	at org.openqa.selenium.firefox.FirefoxDriver.&lt;init&gt;(FirefoxDriver.java:127)
	at org.openqa.selenium.firefox.FirefoxDriver.&lt;init&gt;(FirefoxDriver.java:112)
	at org.openqa.selenium.firefox.FirefoxDriver.&lt;init&gt;(FirefoxDriver.java:102)
	at com.LibraryManagement.cucumber.Setup.DriverSetup.getWebDriver(DriverSetup.java:16)
	at com.LibraryManagement.cucumber.pages.ServicePage.&lt;init&gt;(ServicePage.java:20)
	at com.LibraryManagement.cucumber.stepDefinition.ServiceSteps.&lt;init&gt;(ServiceSteps.java:14)
	at java.base/jdk.internal.reflect.DirectConstructorHandleAccessor.newInstance(DirectConstructorHandleAccessor.java:62)
	... 46 more

</div> <!-- stack-trace -->
                  <em>
(Runs Cucumber Scenarios)                  </em>
                </div> <!-- method-content -->
              </div> <!-- method -->
              <div class="method">
                <div class="method-content">
                  <a name="runScenario(&quot;Submit duplicate card number and expect rejection&quot;, &quot;Apply for Library Membership&quot;)">
                  </a> <!-- runScenario("Submit duplicate card number and expect rejection", "Apply for Library Membership") -->
                  <span class="method-name">runScenario</span>
                  <span class="parameters">("Submit duplicate card number and expect rejection","Apply for Library Membership")</span>
                  <div class="stack-trace">java.lang.AssertionError: Duplicate card number [LCN_005] was accepted more than once expected [true] but found [false]
	at org.testng.Assert.fail(Assert.java:111)
	at org.testng.Assert.failNotEquals(Assert.java:1578)
	at org.testng.Assert.assertTrue(Assert.java:57)
	at com.LibraryManagement.cucumber.stepDefinition.MembershipSteps.submitMembershipEntries(MembershipSteps.java:236)
	at ✽.I submit the following membership entries:(file:///D:/New_Script/Sprint-2/Sprint_2/src/test/java/com/LibraryManagement/cucumber/features/MemberShip.feature:60)

</div> <!-- stack-trace -->
                  <em>
(Runs Cucumber Scenarios)                  </em>
                </div> <!-- method-content -->
              </div> <!-- method -->
              <div class="method">
                <div class="method-content">
                  <a name="runScenario(&quot;Validate system behavior when searching for a nonexistent book&quot;, &quot;View the List of Available Books&quot;)">
                  </a> <!-- runScenario("Validate system behavior when searching for a nonexistent book", "View the List of Available Books") -->
                  <span class="method-name">runScenario</span>
                  <span class="parameters">("Validate system behavior when searching for a nonexistent book","View the List of Available Books")</span>
                  <div class="stack-trace">java.lang.AssertionError: No books found message should be displayed expected [true] but found [false]
	at org.testng.Assert.fail(Assert.java:111)
	at org.testng.Assert.failNotEquals(Assert.java:1578)
	at org.testng.Assert.assertTrue(Assert.java:57)
	at com.LibraryManagement.cucumber.stepDefinition.BookSteps.systemDisplaysNoBookFoundMessage(BookSteps.java:70)
	at ✽.System should display a message &quot;No books found&quot;(file:///D:/New_Script/Sprint-2/Sprint_2/src/test/java/com/LibraryManagement/cucumber/features/BookSearch.feature:20)

</div> <!-- stack-trace -->
                  <em>
(Runs Cucumber Scenarios)                  </em>
                </div> <!-- method-content -->
              </div> <!-- method -->
              <div class="method">
                <div class="method-content">
                  <a name="runScenario(&quot;Validate search bar labeling for clarity on searchable fields&quot;, &quot;View the List of Available Books&quot;)">
                  </a> <!-- runScenario("Validate search bar labeling for clarity on searchable fields", "View the List of Available Books") -->
                  <span class="method-name">runScenario</span>
                  <span class="parameters">("Validate search bar labeling for clarity on searchable fields","View the List of Available Books")</span>
                  <div class="stack-trace">org.openqa.selenium.NoSuchElementException: Unable to locate element: label[for=&apos;searchBox&apos;]
For documentation on this error, please visit: https://www.selenium.dev/documentation/webdriver/troubleshooting/errors#no-such-element-exception
Build info: version: &apos;4.22.0&apos;, revision: &apos;c5f3146703*&apos;
System info: os.name: &apos;Windows 11&apos;, os.arch: &apos;amd64&apos;, os.version: &apos;10.0&apos;, java.version: &apos;21.0.7&apos;
Driver info: org.openqa.selenium.firefox.FirefoxDriver
Command: [b3051e52-44e9-47fe-a676-385b6fbaf22e, findElement {using=css selector, value=label[for=&apos;searchBox&apos;]}]
Capabilities {acceptInsecureCerts: true, browserName: firefox, browserVersion: 141.0, moz:accessibilityChecks: false, moz:buildID: 20250717180000, moz:geckodriverVersion: 0.36.0, moz:headless: false, moz:platformVersion: 10.0, moz:processID: 17084, moz:profile: C:\Users\DELL\AppData\Local..., moz:shutdownTimeout: 60000, moz:webdriverClick: true, moz:windowless: false, pageLoadStrategy: normal, platformName: windows, proxy: Proxy(), setWindowRect: true, strictFileInteractability: false, timeouts: {implicit: 0, pageLoad: 300000, script: 30000}, unhandledPromptBehavior: dismiss and notify, userAgent: Mozilla/5.0 (Windows NT 10....}
Session ID: b3051e52-44e9-47fe-a676-385b6fbaf22e
	at java.base/jdk.internal.reflect.DirectConstructorHandleAccessor.newInstance(DirectConstructorHandleAccessor.java:62)
	at java.base/java.lang.reflect.Constructor.newInstanceWithCaller(Constructor.java:502)
	at java.base/java.lang.reflect.Constructor.newInstance(Constructor.java:486)
	at org.openqa.selenium.remote.ErrorCodec.decode(ErrorCodec.java:167)
	at org.openqa.selenium.remote.codec.w3c.W3CHttpResponseCodec.decode(W3CHttpResponseCodec.java:138)
	at org.openqa.selenium.remote.codec.w3c.W3CHttpResponseCodec.decode(W3CHttpResponseCodec.java:50)
	at org.openqa.selenium.remote.HttpCommandExecutor.execute(HttpCommandExecutor.java:190)
	at org.openqa.selenium.remote.service.DriverCommandExecutor.invokeExecute(DriverCommandExecutor.java:216)
	at org.openqa.selenium.remote.service.DriverCommandExecutor.execute(DriverCommandExecutor.java:174)
	at org.openqa.selenium.remote.RemoteWebDriver.execute(RemoteWebDriver.java:518)
	at org.openqa.selenium.remote.ElementLocation$ElementFinder$2.findElement(ElementLocation.java:165)
	at org.openqa.selenium.remote.ElementLocation.findElement(ElementLocation.java:59)
	at org.openqa.selenium.remote.RemoteWebDriver.findElement(RemoteWebDriver.java:355)
	at org.openqa.selenium.remote.RemoteWebDriver.findElement(RemoteWebDriver.java:349)
	at com.LibraryManagement.cucumber.pages.BooksPage.isSearchBarLabelCorrect(BooksPage.java:53)
	at com.LibraryManagement.cucumber.stepDefinition.BookSteps.searchBarShouldIndicateLabel(BookSteps.java:76)
	at ✽.The search bar should clearly indicate &quot;Search by Book Name or Author&quot;(file:///D:/New_Script/Sprint-2/Sprint_2/src/test/java/com/LibraryManagement/cucumber/features/BookSearch.feature:24)

</div> <!-- stack-trace -->
                  <em>
(Runs Cucumber Scenarios)                  </em>
                </div> <!-- method-content -->
              </div> <!-- method -->
              <div class="method">
                <div class="method-content">
                  <a name="runScenario(&quot;TCSH005 - Validate Books By Selected Author Displayed In Search&quot;, &quot;Advanced Search of Book by Multi...)">
                  </a> <!-- runScenario("TCSH005 - Validate Books By Selected Author Displayed In Search", "Advanced Search of Book by Multi...) -->
                  <span class="method-name">runScenario</span>
                  <span class="parameters">("TCSH005 - Validate Books By Selected Author Displayed In Search","Advanced Search of Book by Multiple Filters")</span>
                  <div class="stack-trace">java.lang.AssertionError: expected [true] but found [false]
	at org.testng.Assert.fail(Assert.java:111)
	at org.testng.Assert.failNotEquals(Assert.java:1578)
	at org.testng.Assert.assertTrue(Assert.java:57)
	at org.testng.Assert.assertTrue(Assert.java:67)
	at com.LibraryManagement.cucumber.stepDefinition.AdvancedBookSearchSteps.i_should_see_books_by_author(AdvancedBookSearchSteps.java:104)
	at ✽.I should see a table containing details of all the available books by the selected author(file:///D:/New_Script/Sprint-2/Sprint_2/src/test/java/com/LibraryManagement/cucumber/features/AdvancedBookSearch.feature:53)

</div> <!-- stack-trace -->
                  <em>
(Runs Cucumber Scenarios)                  </em>
                </div> <!-- method-content -->
              </div> <!-- method -->
            </div> <!-- main-panel-content rounded-window-bottom -->
          </div> <!-- suite-Default_suite-class-failed -->
          <div class="suite-Default_suite-class-passed">
            <div class="main-panel-header rounded-window-top">
              <img src="passed.png"/>
              <span class="class-name">com.LibraryManagement.cucumber.Runner.RunnerTest</span>
            </div> <!-- main-panel-header rounded-window-top -->
            <div class="main-panel-content rounded-window-bottom">
              <div class="method">
                <div class="method-content">
                  <a name="runScenario(&quot;Verify Available Books List Display in Books Section&quot;, &quot;View the List of Available Books&quot;)">
                  </a> <!-- runScenario("Verify Available Books List Display in Books Section", "View the List of Available Books") -->
                  <span class="method-name">runScenario</span>
                  <span class="parameters">("Verify Available Books List Display in Books Section","View the List of Available Books")</span>
                  <em>
(Runs Cucumber Scenarios)                  </em>
                </div> <!-- method-content -->
              </div> <!-- method -->
              <div class="method">
                <div class="method-content">
                  <a name="runScenario(&quot;View Members with Memberships&quot;, &quot;Apply for Library Membership&quot;)">
                  </a> <!-- runScenario("View Members with Memberships", "Apply for Library Membership") -->
                  <span class="method-name">runScenario</span>
                  <span class="parameters">("View Members with Memberships","Apply for Library Membership")</span>
                  <em>
(Runs Cucumber Scenarios)                  </em>
                </div> <!-- method-content -->
              </div> <!-- method -->
              <div class="method">
                <div class="method-content">
                  <a name="runScenario(&quot;TCSH002 - Validate All Mandatory Fields&quot;, &quot;Advanced Search of Book by Multiple Filters&quot;)">
                  </a> <!-- runScenario("TCSH002 - Validate All Mandatory Fields", "Advanced Search of Book by Multiple Filters") -->
                  <span class="method-name">runScenario</span>
                  <span class="parameters">("TCSH002 - Validate All Mandatory Fields","Advanced Search of Book by Multiple Filters")</span>
                  <em>
(Runs Cucumber Scenarios)                  </em>
                </div> <!-- method-content -->
              </div> <!-- method -->
              <div class="method">
                <div class="method-content">
                  <a name="runScenario(&quot;Verify successful Human Verification via drag and drop&quot;, &quot;Apply for Library Membership&quot;)">
                  </a> <!-- runScenario("Verify successful Human Verification via drag and drop", "Apply for Library Membership") -->
                  <span class="method-name">runScenario</span>
                  <span class="parameters">("Verify successful Human Verification via drag and drop","Apply for Library Membership")</span>
                  <em>
(Runs Cucumber Scenarios)                  </em>
                </div> <!-- method-content -->
              </div> <!-- method -->
              <div class="method">
                <div class="method-content">
                  <a name="runScenario(&quot;Validate Email option with blank email id&quot;, &quot;Contact and Query resolving services&quot;)">
                  </a> <!-- runScenario("Validate Email option with blank email id", "Contact and Query resolving services") -->
                  <span class="method-name">runScenario</span>
                  <span class="parameters">("Validate Email option with blank email id","Contact and Query resolving services")</span>
                  <em>
(Runs Cucumber Scenarios)                  </em>
                </div> <!-- method-content -->
              </div> <!-- method -->
              <div class="method">
                <div class="method-content">
                  <a name="runScenario(&quot;Verify failed Human Verification with incorrect drop location&quot;, &quot;Apply for Library Membership&quot;)">
                  </a> <!-- runScenario("Verify failed Human Verification with incorrect drop location", "Apply for Library Membership") -->
                  <span class="method-name">runScenario</span>
                  <span class="parameters">("Verify failed Human Verification with incorrect drop location","Apply for Library Membership")</span>
                  <em>
(Runs Cucumber Scenarios)                  </em>
                </div> <!-- method-content -->
              </div> <!-- method -->
              <div class="method">
                <div class="method-content">
                  <a name="runScenario(&quot;Validate correct book is fetched when searching by book name&quot;, &quot;View the List of Available Books&quot;)">
                  </a> <!-- runScenario("Validate correct book is fetched when searching by book name", "View the List of Available Books") -->
                  <span class="method-name">runScenario</span>
                  <span class="parameters">("Validate correct book is fetched when searching by book name","View the List of Available Books")</span>
                  <em>
(Runs Cucumber Scenarios)                  </em>
                </div> <!-- method-content -->
              </div> <!-- method -->
              <div class="method">
                <div class="method-content">
                  <a name="runScenario(&quot;Select Gold Membership and verify amount&quot;, &quot;Apply for Library Membership&quot;)">
                  </a> <!-- runScenario("Select Gold Membership and verify amount", "Apply for Library Membership") -->
                  <span class="method-name">runScenario</span>
                  <span class="parameters">("Select Gold Membership and verify amount","Apply for Library Membership")</span>
                  <em>
(Runs Cucumber Scenarios)                  </em>
                </div> <!-- method-content -->
              </div> <!-- method -->
              <div class="method">
                <div class="method-content">
                  <a name="runScenario(&quot;Validate Email option with different email inputs&quot;, &quot;Contact and Query resolving services&quot;)">
                  </a> <!-- runScenario("Validate Email option with different email inputs", "Contact and Query resolving services") -->
                  <span class="method-name">runScenario</span>
                  <span class="parameters">("Validate Email option with different email inputs","Contact and Query resolving services")</span>
                  <em>
(Runs Cucumber Scenarios)                  </em>
                </div> <!-- method-content -->
              </div> <!-- method -->
              <div class="method">
                <div class="method-content">
                  <a name="runScenario(&quot;Validate Chat section with valid name&quot;, &quot;Contact and Query resolving services&quot;)">
                  </a> <!-- runScenario("Validate Chat section with valid name", "Contact and Query resolving services") -->
                  <span class="method-name">runScenario</span>
                  <span class="parameters">("Validate Chat section with valid name","Contact and Query resolving services")</span>
                  <em>
(Runs Cucumber Scenarios)                  </em>
                </div> <!-- method-content -->
              </div> <!-- method -->
              <div class="method">
                <div class="method-content">
                  <a name="runScenario(&quot;Validate Chat section with blank phone number&quot;, &quot;Contact and Query resolving services&quot;)">
                  </a> <!-- runScenario("Validate Chat section with blank phone number", "Contact and Query resolving services") -->
                  <span class="method-name">runScenario</span>
                  <span class="parameters">("Validate Chat section with blank phone number","Contact and Query resolving services")</span>
                  <em>
(Runs Cucumber Scenarios)                  </em>
                </div> <!-- method-content -->
              </div> <!-- method -->
              <div class="method">
                <div class="method-content">
                  <a name="runScenario(&quot;TCSH003 - Validate All Details of the Searched Book Displayed&quot;, &quot;Advanced Search of Book by Multipl...)">
                  </a> <!-- runScenario("TCSH003 - Validate All Details of the Searched Book Displayed", "Advanced Search of Book by Multipl...) -->
                  <span class="method-name">runScenario</span>
                  <span class="parameters">("TCSH003 - Validate All Details of the Searched Book Displayed","Advanced Search of Book by Multiple Filters")</span>
                  <em>
(Runs Cucumber Scenarios)                  </em>
                </div> <!-- method-content -->
              </div> <!-- method -->
              <div class="method">
                <div class="method-content">
                  <a name="runScenario(&quot;Verify failed Human Verification with no drag-drop action&quot;, &quot;Apply for Library Membership&quot;)">
                  </a> <!-- runScenario("Verify failed Human Verification with no drag-drop action", "Apply for Library Membership") -->
                  <span class="method-name">runScenario</span>
                  <span class="parameters">("Verify failed Human Verification with no drag-drop action","Apply for Library Membership")</span>
                  <em>
(Runs Cucumber Scenarios)                  </em>
                </div> <!-- method-content -->
              </div> <!-- method -->
              <div class="method">
                <div class="method-content">
                  <a name="runScenario(&quot;TCSH001 - Validate Available Book Displayed On Search&quot;, &quot;Advanced Search of Book by Multiple Filter...)">
                  </a> <!-- runScenario("TCSH001 - Validate Available Book Displayed On Search", "Advanced Search of Book by Multiple Filter...) -->
                  <span class="method-name">runScenario</span>
                  <span class="parameters">("TCSH001 - Validate Available Book Displayed On Search","Advanced Search of Book by Multiple Filters")</span>
                  <em>
(Runs Cucumber Scenarios)                  </em>
                </div> <!-- method-content -->
              </div> <!-- method -->
              <div class="method">
                <div class="method-content">
                  <a name="runScenario(&quot;Validate only one option selection in service page&quot;, &quot;Contact and Query resolving services&quot;)">
                  </a> <!-- runScenario("Validate only one option selection in service page", "Contact and Query resolving services") -->
                  <span class="method-name">runScenario</span>
                  <span class="parameters">("Validate only one option selection in service page","Contact and Query resolving services")</span>
                  <em>
(Runs Cucumber Scenarios)                  </em>
                </div> <!-- method-content -->
              </div> <!-- method -->
              <div class="method">
                <div class="method-content">
                  <a name="runScenario(&quot;Select Platinum Membership and verify amount&quot;, &quot;Apply for Library Membership&quot;)">
                  </a> <!-- runScenario("Select Platinum Membership and verify amount", "Apply for Library Membership") -->
                  <span class="method-name">runScenario</span>
                  <span class="parameters">("Select Platinum Membership and verify amount","Apply for Library Membership")</span>
                  <em>
(Runs Cucumber Scenarios)                  </em>
                </div> <!-- method-content -->
              </div> <!-- method -->
              <div class="method">
                <div class="method-content">
                  <a name="runScenario(&quot;Validate Chat section with valid phone number&quot;, &quot;Contact and Query resolving services&quot;)">
                  </a> <!-- runScenario("Validate Chat section with valid phone number", "Contact and Query resolving services") -->
                  <span class="method-name">runScenario</span>
                  <span class="parameters">("Validate Chat section with valid phone number","Contact and Query resolving services")</span>
                  <em>
(Runs Cucumber Scenarios)                  </em>
                </div> <!-- method-content -->
              </div> <!-- method -->
            </div> <!-- main-panel-content rounded-window-bottom -->
          </div> <!-- suite-Default_suite-class-passed -->
        </div> <!-- panel Default_suite -->
        <div panel-name="test-xml-Default_suite" class="panel">
          <div class="main-panel-header rounded-window-top">
            <span class="header-content">C:\Users\DELL\AppData\Local\Temp\testng-eclipse-522224834\testng-customsuite.xml</span>
          </div> <!-- main-panel-header rounded-window-top -->
          <div class="main-panel-content rounded-window-bottom">
            <pre>
&lt;?xml version=&quot;1.0&quot; encoding=&quot;UTF-8&quot;?&gt;
&lt;!DOCTYPE suite SYSTEM &quot;https://testng.org/testng-1.0.dtd&quot;&gt;
&lt;suite name=&quot;Default suite&quot; guice-stage=&quot;DEVELOPMENT&quot;&gt;
  &lt;test thread-count=&quot;5&quot; name=&quot;Default test&quot; verbose=&quot;2&quot;&gt;
    &lt;classes&gt;
      &lt;class name=&quot;com.LibraryManagement.cucumber.Runner.RunnerTest&quot;/&gt;
    &lt;/classes&gt;
  &lt;/test&gt; &lt;!-- Default test --&gt;
&lt;/suite&gt; &lt;!-- Default suite --&gt;
            </pre>
          </div> <!-- main-panel-content rounded-window-bottom -->
        </div> <!-- panel -->
        <div panel-name="testlist-Default_suite" class="panel">
          <div class="main-panel-header rounded-window-top">
            <span class="header-content">Tests for Default suite</span>
          </div> <!-- main-panel-header rounded-window-top -->
          <div class="main-panel-content rounded-window-bottom">
            <ul>
              <li>
                <span class="test-name">Default test (1 class)</span>
              </li>
            </ul>
          </div> <!-- main-panel-content rounded-window-bottom -->
        </div> <!-- panel -->
        <div panel-name="group-Default_suite" class="panel">
          <div class="main-panel-header rounded-window-top">
            <span class="header-content">Groups for Default suite</span>
          </div> <!-- main-panel-header rounded-window-top -->
          <div class="main-panel-content rounded-window-bottom">
            <div class="test-group">
              <span class="test-group-name">cucumber</span>
              <br/>
              <div class="method-in-group">
                <span class="method-in-group-name">runScenario</span>
                <br/>
              </div> <!-- method-in-group -->
            </div> <!-- test-group -->
          </div> <!-- main-panel-content rounded-window-bottom -->
        </div> <!-- panel -->
        <div panel-name="times-Default_suite" class="panel">
          <div class="main-panel-header rounded-window-top">
            <span class="header-content">Times for Default suite</span>
          </div> <!-- main-panel-header rounded-window-top -->
          <div class="main-panel-content rounded-window-bottom">
            <div class="times-div">
              <script type="text/javascript">
suiteTableInitFunctions.push('tableData_Default_suite');
function tableData_Default_suite() {
var data = new google.visualization.DataTable();
data.addColumn('number', 'Number');
data.addColumn('string', 'Method');
data.addColumn('string', 'Class');
data.addColumn('number', 'Time (ms)');
data.addRows(34);
data.setCell(0, 0, 0)
data.setCell(0, 1, 'runScenario')
data.setCell(0, 2, 'com.LibraryManagement.cucumber.Runner.RunnerTest')
data.setCell(0, 3, 39187);
data.setCell(1, 0, 1)
data.setCell(1, 1, 'runScenario')
data.setCell(1, 2, 'com.LibraryManagement.cucumber.Runner.RunnerTest')
data.setCell(1, 3, 34454);
data.setCell(2, 0, 2)
data.setCell(2, 1, 'runScenario')
data.setCell(2, 2, 'com.LibraryManagement.cucumber.Runner.RunnerTest')
data.setCell(2, 3, 23885);
data.setCell(3, 0, 3)
data.setCell(3, 1, 'runScenario')
data.setCell(3, 2, 'com.LibraryManagement.cucumber.Runner.RunnerTest')
data.setCell(3, 3, 23498);
data.setCell(4, 0, 4)
data.setCell(4, 1, 'runScenario')
data.setCell(4, 2, 'com.LibraryManagement.cucumber.Runner.RunnerTest')
data.setCell(4, 3, 20579);
data.setCell(5, 0, 5)
data.setCell(5, 1, 'runScenario')
data.setCell(5, 2, 'com.LibraryManagement.cucumber.Runner.RunnerTest')
data.setCell(5, 3, 18498);
data.setCell(6, 0, 6)
data.setCell(6, 1, 'runScenario')
data.setCell(6, 2, 'com.LibraryManagement.cucumber.Runner.RunnerTest')
data.setCell(6, 3, 17473);
data.setCell(7, 0, 7)
data.setCell(7, 1, 'runScenario')
data.setCell(7, 2, 'com.LibraryManagement.cucumber.Runner.RunnerTest')
data.setCell(7, 3, 17446);
data.setCell(8, 0, 8)
data.setCell(8, 1, 'runScenario')
data.setCell(8, 2, 'com.LibraryManagement.cucumber.Runner.RunnerTest')
data.setCell(8, 3, 16142);
data.setCell(9, 0, 9)
data.setCell(9, 1, 'runScenario')
data.setCell(9, 2, 'com.LibraryManagement.cucumber.Runner.RunnerTest')
data.setCell(9, 3, 16066);
data.setCell(10, 0, 10)
data.setCell(10, 1, 'runScenario')
data.setCell(10, 2, 'com.LibraryManagement.cucumber.Runner.RunnerTest')
data.setCell(10, 3, 14848);
data.setCell(11, 0, 11)
data.setCell(11, 1, 'runScenario')
data.setCell(11, 2, 'com.LibraryManagement.cucumber.Runner.RunnerTest')
data.setCell(11, 3, 14522);
data.setCell(12, 0, 12)
data.setCell(12, 1, 'runScenario')
data.setCell(12, 2, 'com.LibraryManagement.cucumber.Runner.RunnerTest')
data.setCell(12, 3, 14234);
data.setCell(13, 0, 13)
data.setCell(13, 1, 'runScenario')
data.setCell(13, 2, 'com.LibraryManagement.cucumber.Runner.RunnerTest')
data.setCell(13, 3, 14157);
data.setCell(14, 0, 14)
data.setCell(14, 1, 'runScenario')
data.setCell(14, 2, 'com.LibraryManagement.cucumber.Runner.RunnerTest')
data.setCell(14, 3, 12712);
data.setCell(15, 0, 15)
data.setCell(15, 1, 'runScenario')
data.setCell(15, 2, 'com.LibraryManagement.cucumber.Runner.RunnerTest')
data.setCell(15, 3, 12560);
data.setCell(16, 0, 16)
data.setCell(16, 1, 'runScenario')
data.setCell(16, 2, 'com.LibraryManagement.cucumber.Runner.RunnerTest')
data.setCell(16, 3, 12450);
data.setCell(17, 0, 17)
data.setCell(17, 1, 'runScenario')
data.setCell(17, 2, 'com.LibraryManagement.cucumber.Runner.RunnerTest')
data.setCell(17, 3, 12015);
data.setCell(18, 0, 18)
data.setCell(18, 1, 'runScenario')
data.setCell(18, 2, 'com.LibraryManagement.cucumber.Runner.RunnerTest')
data.setCell(18, 3, 11606);
data.setCell(19, 0, 19)
data.setCell(19, 1, 'runScenario')
data.setCell(19, 2, 'com.LibraryManagement.cucumber.Runner.RunnerTest')
data.setCell(19, 3, 11506);
data.setCell(20, 0, 20)
data.setCell(20, 1, 'runScenario')
data.setCell(20, 2, 'com.LibraryManagement.cucumber.Runner.RunnerTest')
data.setCell(20, 3, 11463);
data.setCell(21, 0, 21)
data.setCell(21, 1, 'runScenario')
data.setCell(21, 2, 'com.LibraryManagement.cucumber.Runner.RunnerTest')
data.setCell(21, 3, 10794);
data.setCell(22, 0, 22)
data.setCell(22, 1, 'runScenario')
data.setCell(22, 2, 'com.LibraryManagement.cucumber.Runner.RunnerTest')
data.setCell(22, 3, 8867);
data.setCell(23, 0, 23)
data.setCell(23, 1, 'runScenario')
data.setCell(23, 2, 'com.LibraryManagement.cucumber.Runner.RunnerTest')
data.setCell(23, 3, 8503);
data.setCell(24, 0, 24)
data.setCell(24, 1, 'runScenario')
data.setCell(24, 2, 'com.LibraryManagement.cucumber.Runner.RunnerTest')
data.setCell(24, 3, 8397);
data.setCell(25, 0, 25)
data.setCell(25, 1, 'runScenario')
data.setCell(25, 2, 'com.LibraryManagement.cucumber.Runner.RunnerTest')
data.setCell(25, 3, 8002);
data.setCell(26, 0, 26)
data.setCell(26, 1, 'runScenario')
data.setCell(26, 2, 'com.LibraryManagement.cucumber.Runner.RunnerTest')
data.setCell(26, 3, 7663);
data.setCell(27, 0, 27)
data.setCell(27, 1, 'runScenario')
data.setCell(27, 2, 'com.LibraryManagement.cucumber.Runner.RunnerTest')
data.setCell(27, 3, 7454);
data.setCell(28, 0, 28)
data.setCell(28, 1, 'runScenario')
data.setCell(28, 2, 'com.LibraryManagement.cucumber.Runner.RunnerTest')
data.setCell(28, 3, 7205);
data.setCell(29, 0, 29)
data.setCell(29, 1, 'runScenario')
data.setCell(29, 2, 'com.LibraryManagement.cucumber.Runner.RunnerTest')
data.setCell(29, 3, 7111);
data.setCell(30, 0, 30)
data.setCell(30, 1, 'runScenario')
data.setCell(30, 2, 'com.LibraryManagement.cucumber.Runner.RunnerTest')
data.setCell(30, 3, 6392);
data.setCell(31, 0, 31)
data.setCell(31, 1, 'runScenario')
data.setCell(31, 2, 'com.LibraryManagement.cucumber.Runner.RunnerTest')
data.setCell(31, 3, 6389);
data.setCell(32, 0, 32)
data.setCell(32, 1, 'runScenario')
data.setCell(32, 2, 'com.LibraryManagement.cucumber.Runner.RunnerTest')
data.setCell(32, 3, 5333);
data.setCell(33, 0, 33)
data.setCell(33, 1, 'runScenario')
data.setCell(33, 2, 'com.LibraryManagement.cucumber.Runner.RunnerTest')
data.setCell(33, 3, 5176);
window.suiteTableData['Default_suite']= { tableData: data, tableDiv: 'times-div-Default_suite'}
return data;
}
              </script>
              <span class="suite-total-time">Total running time: 7 minutes</span>
              <div id="times-div-Default_suite">
              </div> <!-- times-div-Default_suite -->
            </div> <!-- times-div -->
          </div> <!-- main-panel-content rounded-window-bottom -->
        </div> <!-- panel -->
        <div panel-name="reporter-Default_suite" class="panel">
          <div class="main-panel-header rounded-window-top">
            <span class="header-content">Reporter output for Default suite</span>
          </div> <!-- main-panel-header rounded-window-top -->
          <div class="main-panel-content rounded-window-bottom">
          </div> <!-- main-panel-content rounded-window-bottom -->
        </div> <!-- panel -->
        <div panel-name="ignored-methods-Default_suite" class="panel">
          <div class="main-panel-header rounded-window-top">
            <span class="header-content">0 ignored methods</span>
          </div> <!-- main-panel-header rounded-window-top -->
          <div class="main-panel-content rounded-window-bottom">
          </div> <!-- main-panel-content rounded-window-bottom -->
        </div> <!-- panel -->
        <div panel-name="chronological-Default_suite" class="panel">
          <div class="main-panel-header rounded-window-top">
            <span class="header-content">Methods in chronological order</span>
          </div> <!-- main-panel-header rounded-window-top -->
          <div class="main-panel-content rounded-window-bottom">
            <div class="chronological-class">
              <div class="chronological-class-name">com.LibraryManagement.cucumber.Runner.RunnerTest</div> <!-- chronological-class-name -->
              <div class="configuration-class before">
                <span class="method-name">setUpClass(org.testng.TestRunner@48cbb4c5)</span>
                <span class="method-start">0 ms</span>
              </div> <!-- configuration-class before -->
              <div class="test-method">
                <span class="method-name">runScenario("TCSH001 - Validate Available Book Displayed On Search", "Advanced Search of Book by Multiple Filter...)</span>
                <span class="method-start">871 ms</span>
              </div> <!-- test-method -->
              <div class="test-method">
                <span class="method-name">runScenario("TCSH002 - Validate All Mandatory Fields", "Advanced Search of Book by Multiple Filters")</span>
                <span class="method-start">7268 ms</span>
              </div> <!-- test-method -->
              <div class="test-method">
                <span class="method-name">runScenario("TCSH003 - Validate All Details of the Searched Book Displayed", "Advanced Search of Book by Multipl...)</span>
                <span class="method-start">12604 ms</span>
              </div> <!-- test-method -->
              <div class="test-method">
                <img src="failed.png">
                </img>
                <span class="method-name">runScenario("TCSH004 - Validate Error Message For Searching Non Existent Book", "Advanced Search of Book by Mult...)</span>
                <span class="method-start">19013 ms</span>
              </div> <!-- test-method -->
              <div class="test-method">
                <img src="failed.png">
                </img>
                <span class="method-name">runScenario("TCSH005 - Validate Books By Selected Author Displayed In Search", "Advanced Search of Book by Multi...)</span>
                <span class="method-start">30477 ms</span>
              </div> <!-- test-method -->
              <div class="test-method">
                <img src="failed.png">
                </img>
                <span class="method-name">runScenario("TCSH006 - Validate Books By Selected Subject Displayed In Search", "Advanced Search of Book by Mult...)</span>
                <span class="method-start">41284 ms</span>
              </div> <!-- test-method -->
              <div class="test-method">
                <img src="failed.png">
                </img>
                <span class="method-name">runScenario("TCSH007 - Validate Books By Selected Book Format Displayed In Search", "Advanced Search of Book by ...)</span>
                <span class="method-start">53847 ms</span>
              </div> <!-- test-method -->
              <div class="test-method">
                <img src="failed.png">
                </img>
                <span class="method-name">runScenario("TCSH008 - Validate Books By Selected Age Group Displayed In Search", "Advanced Search of Book by Mu...)</span>
                <span class="method-start">65865 ms</span>
              </div> <!-- test-method -->
              <div class="test-method">
                <img src="failed.png">
                </img>
                <span class="method-name">runScenario("TCSH009 - Validate advanced book search with Excel data", "Advanced Search of Book by Multiple Filt...)</span>
                <span class="method-start">77373 ms</span>
              </div> <!-- test-method -->
              <div class="test-method">
                <span class="method-name">runScenario("Verify Available Books List Display in Books Section", "View the List of Available Books")</span>
                <span class="method-start">93518 ms</span>
              </div> <!-- test-method -->
              <div class="test-method">
                <span class="method-name">runScenario("Validate correct book is fetched when searching by book name", "View the List of Available Books")</span>
                <span class="method-start">100754 ms</span>
              </div> <!-- test-method -->
              <div class="test-method">
                <img src="failed.png">
                </img>
                <span class="method-name">runScenario("Validate system behavior when searching for a nonexistent book", "View the List of Available Books")</span>
                <span class="method-start">108210 ms</span>
              </div> <!-- test-method -->
              <div class="test-method">
                <img src="failed.png">
                </img>
                <span class="method-name">runScenario("Validate search bar labeling for clarity on searchable fields", "View the List of Available Books")</span>
                <span class="method-start">115326 ms</span>
              </div> <!-- test-method -->
              <div class="test-method">
                <img src="failed.png">
                </img>
                <span class="method-name">runScenario("Validate Reset button clears search fields and restores full book list", "View the List of Availabl...)</span>
                <span class="method-start">123001 ms</span>
              </div> <!-- test-method -->
              <div class="test-method">
                <span class="method-name">runScenario("Verify successful Human Verification via drag and drop", "Apply for Library Membership")</span>
                <span class="method-start">134612 ms</span>
              </div> <!-- test-method -->
              <div class="test-method">
                <span class="method-name">runScenario("Verify failed Human Verification with incorrect drop location", "Apply for Library Membership")</span>
                <span class="method-start">147106 ms</span>
              </div> <!-- test-method -->
              <div class="test-method">
                <span class="method-name">runScenario("Verify failed Human Verification with no drag-drop action", "Apply for Library Membership")</span>
                <span class="method-start">159852 ms</span>
              </div> <!-- test-method -->
              <div class="test-method">
                <span class="method-name">runScenario("Select Gold Membership and verify amount", "Apply for Library Membership")</span>
                <span class="method-start">175932 ms</span>
              </div> <!-- test-method -->
              <div class="test-method">
                <span class="method-name">runScenario("Select Platinum Membership and verify amount", "Apply for Library Membership")</span>
                <span class="method-start">184811 ms</span>
              </div> <!-- test-method -->
              <div class="test-method">
                <img src="failed.png">
                </img>
                <span class="method-name">runScenario("Submit membership form with multiple entries", "Apply for Library Membership")</span>
                <span class="method-start">192826 ms</span>
              </div> <!-- test-method -->
              <div class="test-method">
                <img src="failed.png">
                </img>
                <span class="method-name">runScenario("Submit duplicate card number and expect rejection", "Apply for Library Membership")</span>
                <span class="method-start">210315 ms</span>
              </div> <!-- test-method -->
              <div class="test-method">
                <img src="failed.png">
                </img>
                <span class="method-name">runScenario("Submit membership form using Excel data", "Apply for Library Membership")</span>
                <span class="method-start">224560 ms</span>
              </div> <!-- test-method -->
              <div class="test-method">
                <span class="method-name">runScenario("View Members with Memberships", "Apply for Library Membership")</span>
                <span class="method-start">248463 ms</span>
              </div> <!-- test-method -->
              <div class="test-method">
                <span class="method-name">runScenario("Validate only one option selection in service page", "Contact and Query resolving services")</span>
                <span class="method-start">262633 ms</span>
              </div> <!-- test-method -->
              <div class="test-method">
                <span class="method-name">runScenario("Validate Email option with different email inputs", "Contact and Query resolving services")</span>
                <span class="method-start">277490 ms</span>
              </div> <!-- test-method -->
              <div class="test-method">
                <img src="failed.png">
                </img>
                <span class="method-name">runScenario("Validate Email option with invalid email id", "Contact and Query resolving services")</span>
                <span class="method-start">296004 ms</span>
              </div> <!-- test-method -->
              <div class="test-method">
                <span class="method-name">runScenario("Validate Email option with blank email id", "Contact and Query resolving services")</span>
                <span class="method-start">313483 ms</span>
              </div> <!-- test-method -->
              <div class="test-method">
                <span class="method-name">runScenario("Validate Chat section with valid phone number", "Contact and Query resolving services")</span>
                <span class="method-start">328053 ms</span>
              </div> <!-- test-method -->
              <div class="test-method">
                <img src="failed.png">
                </img>
                <span class="method-name">runScenario("Validate Chat section with invalid phone number", "Contact and Query resolving services")</span>
                <span class="method-start">348695 ms</span>
              </div> <!-- test-method -->
              <div class="test-method">
                <span class="method-name">runScenario("Validate Chat section with blank phone number", "Contact and Query resolving services")</span>
                <span class="method-start">388200 ms</span>
              </div> <!-- test-method -->
              <div class="test-method">
                <span class="method-name">runScenario("Validate Chat section with valid name", "Contact and Query resolving services")</span>
                <span class="method-start">411799 ms</span>
              </div> <!-- test-method -->
              <div class="test-method">
                <img src="failed.png">
                </img>
                <span class="method-name">runScenario("Validate Chat section with invalid name", "Contact and Query resolving services")</span>
                <span class="method-start">446263 ms</span>
              </div> <!-- test-method -->
              <div class="test-method">
                <img src="failed.png">
                </img>
                <span class="method-name">runScenario("Validate Chat section with blank name", "Contact and Query resolving services")</span>
                <span class="method-start">454674 ms</span>
              </div> <!-- test-method -->
              <div class="test-method">
                <img src="failed.png">
                </img>
                <span class="method-name">runScenario("TCS011 - Validate multiple service form entries from Excel", "Contact and Query resolving services")</span>
                <span class="method-start">463181 ms</span>
              </div> <!-- test-method -->
              <div class="configuration-class after">
                <span class="method-name">tearDownClass</span>
                <span class="method-start">468402 ms</span>
              </div> <!-- configuration-class after -->
          </div> <!-- main-panel-content rounded-window-bottom -->
        </div> <!-- panel -->
      </div> <!-- main-panel-root -->
    </div> <!-- wrapper -->
  </body>
<script type="text/javascript" src="testng-reports2.js"></script>
</html>
