<html>
<head>
<title>TestNG:  Default test</title>
<link href="../testng.css" rel="stylesheet" type="text/css" />
<link href="../my-testng.css" rel="stylesheet" type="text/css" />

<style type="text/css">
.log { display: none;} 
.stack-trace { display: none;} 
</style>
<script type="text/javascript">
<!--
function flip(e) {
  current = e.style.display;
  if (current == 'block') {
    e.style.display = 'none';
    return 0;
  }
  else {
    e.style.display = 'block';
    return 1;
  }
}

function toggleBox(szDivId, elem, msg1, msg2)
{
  var res = -1;  if (document.getElementById) {
    res = flip(document.getElementById(szDivId));
  }
  else if (document.all) {
    // this is the way old msie versions work
    res = flip(document.all[szDivId]);
  }
  if(elem) {
    if(res == 0) elem.innerHTML = msg1; else elem.innerHTML = msg2;
  }

}

function toggleAllBoxes() {
  if (document.getElementsByTagName) {
    d = document.getElementsByTagName('div');
    for (i = 0; i < d.length; i++) {
      if (d[i].className == 'log') {
        flip(d[i]);
      }
    }
  }
}

// -->
</script>

</head>
<body>
<h2 align='center'>Default test</h2><table border='1' align="center">
<tr>
<td>Tests passed/Failed/Skipped:</td><td>17/17/0</td>
</tr><tr>
<td>Started on:</td><td>Tue Aug 05 14:55:37 IST 2025</td>
</tr>
<tr><td>Total time:</td><td>469 seconds (469567 ms)</td>
</tr><tr>
<td>Included groups:</td><td></td>
</tr><tr>
<td>Excluded groups:</td><td></td>
</tr>
</table><p/>
<small><i>(Hover the method name to see the test class name)</i></small><p/>
<table width='100%' border='1' class='invocation-failed'>
<tr><td colspan='4' align='center'><b>FAILED TESTS</b></td></tr>
<tr><td><b>Test method</b></td>
<td><b>Attribute(s)</b></td>
<td width="30%"><b>Exception</b></td>
<td width="10%"><b>Time (seconds)</b></td>
<td><b>Instance</b></td>
</tr>
<tr>
<td title='com.LibraryManagement.cucumber.Runner.RunnerTest.runScenario()'><b>runScenario</b><br>Test class: com.LibraryManagement.cucumber.Runner.RunnerTest<br>Test method: Runs Cucumber Scenarios<br>Parameters: "Validate Chat section with blank name", "Contact and Query resolving services"</td>
<td><div><pre>io.cucumber.core.exception.CucumberException: Failed to instantiate class com.LibraryManagement.cucumber.stepDefinition.ServiceSteps
	at io.cucumber.core.backend.DefaultObjectFactory.cacheNewInstance(DefaultObjectFactory.java:67)
	at io.cucumber.core.backend.DefaultObjectFactory.getInstance(DefaultObjectFactory.java:45)
	at io.cucumber.java.AbstractGlueDefinition.invokeMethod(AbstractGlueDefinition.java:47)
	at io.cucumber.java.JavaStepDefinition.execute(JavaStepDefinition.java:29)
	at io.cucumber.core.runner.CoreStepDefinition.execute(CoreStepDefinition.java:66)
	at io.cucumber.core.runner.PickleStepDefinitionMatch.runStep(PickleStepDefinitionMatch.java:63)
	at io.cucumber.core.runner.ExecutionMode$1.execute(ExecutionMode.java:10)
	at io.cucumber.core.runner.TestStep.executeStep(TestStep.java:84)
	at io.cucumber.core.runner.TestStep.run(TestStep.java:56)
	at io.cucumber.core.runner.PickleStepTestStep.run(PickleStepTestStep.java:51)
	at io.cucumber.core.runner.TestCase.run(TestCase.java:84)
	at io.cucumber.core.runner.Runner.runPickle(Runner.java:75)
	at io.cucumber.testng.TestNGCucumberRunner.lambda$runScenario$1(TestNGCucumberRunner.java:132)
	at io.cucumber.core.runtime.CucumberExecutionContext.lambda$runTestCase$5(CucumberExecutionContext.java:137)
	at io.cucumber.core.runtime.RethrowingThrowableCollector.executeAndThrow(RethrowingThrowableCollector.java:23)
	at io.cucumber.core.runtime.CucumberExecutionContext.runTestCase(CucumberExecutionContext.java:137)
	at io.cucumber.testng.TestNGCucumberRunner.runScenario(TestNGCucumberRunner.java:129)
	at io.cucumber.testng.AbstractTestNGCucumberTests.runScenario(AbstractTestNGCucumberTests.java:35)
	at java.base/jdk.internal.reflect.DirectMethodHandleAccessor.invoke(DirectMethodHandleAccessor.java:103)
	at java.base/java.lang.reflect.Method.invoke(Method.java:580)
	at org.testng.internal.invokers.MethodInvocationHelper.invokeMethod(MethodInvocationHelper.java:139)
	at org.testng.internal.invokers.TestInvoker.invokeMethod(TestInvoker.java:664)
	at org.testng.internal.invokers.TestInvoker.invokeTestMethod(TestInvoker.java:227)
	at org.testng.internal.invokers.MethodRunner.runInSequence(MethodRunner.java:50)
	at org.testng.internal.invokers.TestInvoker$MethodInvocationAgent.invoke(TestInvoker.java:957)
	at org.testng.internal.invokers.TestInvoker.invokeTestMethods(TestInvoker.java:200)
	at org.testng.internal.invokers.TestMethodWorker.invokeTestMethods(TestMethodWorker.java:148)
	at org.testng.internal.invokers.TestMethodWorker.run(TestMethodWorker.java:128)
	at java.base/java.util.ArrayList.forEach(ArrayList.java:1596)
	at org.testng.TestRunner.privateRun(TestRunner.java:848)
	at org.testng.TestRunner.run(TestRunner.java:621)
	at org.testng.SuiteRunner.runTest(SuiteRunner.java:443)
	at org.testng.SuiteRunner.runSequentially(SuiteRunner.java:437)
	at org.testng.SuiteRunner.privateRun(SuiteRunner.java:397)
	at org.testng.SuiteRunner.run(SuiteRunner.java:336)
	at org.testng.SuiteRunnerWorker.runSuite(SuiteRunnerWorker.java:52)
	at org.testng.SuiteRunnerWorker.run(SuiteRunnerWorker.java:95)
	at org.testng.TestNG.runSuitesSequentially(TestNG.java:1280)
	at org.testng.TestNG.runSuitesLocally(TestNG.java:1200)
	at org.testng.TestNG.runSuites(TestNG.java:1114)
	at org.testng.TestNG.run(TestNG.java:1082)
	at org.testng.remote.AbstractRemoteTestNG.run(AbstractRemoteTestNG.java:115)
	at org.testng.remote.RemoteTestNG.initAndRun(RemoteTestNG.java:293)
	at org.testng.remote.RemoteTestNG.main(RemoteTestNG.java:91)
Caused by: java.lang.reflect.InvocationTargetException
	at java.base/jdk.internal.reflect.DirectConstructorHandleAccessor.newInstance(DirectConstructorHandleAccessor.java:74)
	at java.base/java.lang.reflect.Constructor.newInstanceWithCaller(Constructor.java:502)
	at java.base/java.lang.reflect.Constructor.newInstance(Constructor.java:486)
	at io.cucumber.core.backend.DefaultObjectFactory.cacheNewInstance(DefaultObjectFactory.java:53)
	... 43 more
Caused by: org.openqa.selenium.SessionNotCreatedException: Could not start a new session. Response code 500. Message: Failed to decode response from marionette 
Host info: host: &apos;SHREETAMA&apos;, ip: &apos;192.168.1.33&apos;
Build info: version: &apos;4.22.0&apos;, revision: &apos;c5f3146703*&apos;
System info: os.name: &apos;Windows 11&apos;, os.arch: &apos;amd64&apos;, os.version: &apos;10.0&apos;, java.version: &apos;21.0.7&apos;
Driver info: org.openqa.selenium.firefox.FirefoxDriver
Command: [null, newSession {capabilities=[Capabilities {acceptInsecureCerts: true, browserName: firefox, moz:debuggerAddress: true, moz:firefoxOptions: {prefs: {remote.active-protocols: 3}}}]}]
	at org.openqa.selenium.remote.ProtocolHandshake.createSession(ProtocolHandshake.java:114)
	at org.openqa.selenium.remote.ProtocolHandshake.createSession(ProtocolHandshake.java:75)
	at org.openqa.selenium.remote.ProtocolHandshake.createSession(ProtocolHandshake.java:61)
	at org.openqa.selenium.remote.HttpCommandExecutor.execute(HttpCommandExecutor.java:162)
	at org.openqa.selenium.remote.service.DriverCommandExecutor.invokeExecute(DriverCommandExecutor.java:216)
	at org.openqa.selenium.remote.service.DriverCommandExecutor.execute(DriverCommandExecutor.java:174)
	at org.openqa.selenium.remote.RemoteWebDriver.execute(RemoteWebDriver.java:518)
	at org.openqa.selenium.remote.RemoteWebDriver.startSession(RemoteWebDriver.java:232)
	at org.openqa.selenium.remote.RemoteWebDriver.&lt;init&gt;(RemoteWebDriver.java:161)
	at org.openqa.selenium.firefox.FirefoxDriver.&lt;init&gt;(FirefoxDriver.java:155)
	at org.openqa.selenium.firefox.FirefoxDriver.&lt;init&gt;(FirefoxDriver.java:150)
	at org.openqa.selenium.firefox.FirefoxDriver.&lt;init&gt;(FirefoxDriver.java:132)
	at org.openqa.selenium.firefox.FirefoxDriver.&lt;init&gt;(FirefoxDriver.java:127)
	at org.openqa.selenium.firefox.FirefoxDriver.&lt;init&gt;(FirefoxDriver.java:112)
	at org.openqa.selenium.firefox.FirefoxDriver.&lt;init&gt;(FirefoxDriver.java:102)
	at com.LibraryManagement.cucumber.Setup.DriverSetup.getWebDriver(DriverSetup.java:16)
	at com.LibraryManagement.cucumber.pages.ServicePage.&lt;init&gt;(ServicePage.java:20)
	at com.LibraryManagement.cucumber.stepDefinition.ServiceSteps.&lt;init&gt;(ServiceSteps.java:14)
	at java.base/jdk.internal.reflect.DirectConstructorHandleAccessor.newInstance(DirectConstructorHandleAccessor.java:62)
	... 46 more
</pre></div><a href='#' onClick='toggleBox("stack-trace1686332995", this, "Click to show all stack frames", "Click to hide stack frames")'>Click to show all stack frames</a>
<div class='stack-trace' id='stack-trace1686332995'><pre>io.cucumber.core.exception.CucumberException: Failed to instantiate class com.LibraryManagement.cucumber.stepDefinition.ServiceSteps
	at io.cucumber.core.backend.DefaultObjectFactory.cacheNewInstance(DefaultObjectFactory.java:67)
	at io.cucumber.core.backend.DefaultObjectFactory.getInstance(DefaultObjectFactory.java:45)
	at io.cucumber.java.AbstractGlueDefinition.invokeMethod(AbstractGlueDefinition.java:47)
	at io.cucumber.java.JavaStepDefinition.execute(JavaStepDefinition.java:29)
	at io.cucumber.core.runner.CoreStepDefinition.execute(CoreStepDefinition.java:66)
	at io.cucumber.core.runner.PickleStepDefinitionMatch.runStep(PickleStepDefinitionMatch.java:63)
	at io.cucumber.core.runner.ExecutionMode$1.execute(ExecutionMode.java:10)
	at io.cucumber.core.runner.TestStep.executeStep(TestStep.java:84)
	at io.cucumber.core.runner.TestStep.run(TestStep.java:56)
	at io.cucumber.core.runner.PickleStepTestStep.run(PickleStepTestStep.java:51)
	at io.cucumber.core.runner.TestCase.run(TestCase.java:84)
	at io.cucumber.core.runner.Runner.runPickle(Runner.java:75)
	at io.cucumber.testng.TestNGCucumberRunner.lambda$runScenario$1(TestNGCucumberRunner.java:132)
	at io.cucumber.core.runtime.CucumberExecutionContext.lambda$runTestCase$5(CucumberExecutionContext.java:137)
	at io.cucumber.core.runtime.RethrowingThrowableCollector.executeAndThrow(RethrowingThrowableCollector.java:23)
	at io.cucumber.core.runtime.CucumberExecutionContext.runTestCase(CucumberExecutionContext.java:137)
	at io.cucumber.testng.TestNGCucumberRunner.runScenario(TestNGCucumberRunner.java:129)
	at io.cucumber.testng.AbstractTestNGCucumberTests.runScenario(AbstractTestNGCucumberTests.java:35)
	at java.base/jdk.internal.reflect.DirectMethodHandleAccessor.invoke(DirectMethodHandleAccessor.java:103)
	at java.base/java.lang.reflect.Method.invoke(Method.java:580)
	at org.testng.internal.invokers.MethodInvocationHelper.invokeMethod(MethodInvocationHelper.java:139)
	at org.testng.internal.invokers.TestInvoker.invokeMethod(TestInvoker.java:664)
	at org.testng.internal.invokers.TestInvoker.invokeTestMethod(TestInvoker.java:227)
	at org.testng.internal.invokers.MethodRunner.runInSequence(MethodRunner.java:50)
	at org.testng.internal.invokers.TestInvoker$MethodInvocationAgent.invoke(TestInvoker.java:957)
	at org.testng.internal.invokers.TestInvoker.invokeTestMethods(TestInvoker.java:200)
	at org.testng.internal.invokers.TestMethodWorker.invokeTestMethods(TestMethodWorker.java:148)
	at org.testng.internal.invokers.TestMethodWorker.run(TestMethodWorker.java:128)
	at java.base/java.util.ArrayList.forEach(ArrayList.java:1596)
	at org.testng.TestRunner.privateRun(TestRunner.java:848)
	at org.testng.TestRunner.run(TestRunner.java:621)
	at org.testng.SuiteRunner.runTest(SuiteRunner.java:443)
	at org.testng.SuiteRunner.runSequentially(SuiteRunner.java:437)
	at org.testng.SuiteRunner.privateRun(SuiteRunner.java:397)
	at org.testng.SuiteRunner.run(SuiteRunner.java:336)
	at org.testng.SuiteRunnerWorker.runSuite(SuiteRunnerWorker.java:52)
	at org.testng.SuiteRunnerWorker.run(SuiteRunnerWorker.java:95)
	at org.testng.TestNG.runSuitesSequentially(TestNG.java:1280)
	at org.testng.TestNG.runSuitesLocally(TestNG.java:1200)
	at org.testng.TestNG.runSuites(TestNG.java:1114)
	at org.testng.TestNG.run(TestNG.java:1082)
	at org.testng.remote.AbstractRemoteTestNG.run(AbstractRemoteTestNG.java:115)
	at org.testng.remote.RemoteTestNG.initAndRun(RemoteTestNG.java:293)
	at org.testng.remote.RemoteTestNG.main(RemoteTestNG.java:91)
Caused by: java.lang.reflect.InvocationTargetException
	at java.base/jdk.internal.reflect.DirectConstructorHandleAccessor.newInstance(DirectConstructorHandleAccessor.java:74)
	at java.base/java.lang.reflect.Constructor.newInstanceWithCaller(Constructor.java:502)
	at java.base/java.lang.reflect.Constructor.newInstance(Constructor.java:486)
	at io.cucumber.core.backend.DefaultObjectFactory.cacheNewInstance(DefaultObjectFactory.java:53)
	... 43 more
Caused by: org.openqa.selenium.SessionNotCreatedException: Could not start a new session. Response code 500. Message: Failed to decode response from marionette 
Host info: host: &apos;SHREETAMA&apos;, ip: &apos;192.168.1.33&apos;
Build info: version: &apos;4.22.0&apos;, revision: &apos;c5f3146703*&apos;
System info: os.name: &apos;Windows 11&apos;, os.arch: &apos;amd64&apos;, os.version: &apos;10.0&apos;, java.version: &apos;21.0.7&apos;
Driver info: org.openqa.selenium.firefox.FirefoxDriver
Command: [null, newSession {capabilities=[Capabilities {acceptInsecureCerts: true, browserName: firefox, moz:debuggerAddress: true, moz:firefoxOptions: {prefs: {remote.active-protocols: 3}}}]}]
	at org.openqa.selenium.remote.ProtocolHandshake.createSession(ProtocolHandshake.java:114)
	at org.openqa.selenium.remote.ProtocolHandshake.createSession(ProtocolHandshake.java:75)
	at org.openqa.selenium.remote.ProtocolHandshake.createSession(ProtocolHandshake.java:61)
	at org.openqa.selenium.remote.HttpCommandExecutor.execute(HttpCommandExecutor.java:162)
	at org.openqa.selenium.remote.service.DriverCommandExecutor.invokeExecute(DriverCommandExecutor.java:216)
	at org.openqa.selenium.remote.service.DriverCommandExecutor.execute(DriverCommandExecutor.java:174)
	at org.openqa.selenium.remote.RemoteWebDriver.execute(RemoteWebDriver.java:518)
	at org.openqa.selenium.remote.RemoteWebDriver.startSession(RemoteWebDriver.java:232)
	at org.openqa.selenium.remote.RemoteWebDriver.&lt;init&gt;(RemoteWebDriver.java:161)
	at org.openqa.selenium.firefox.FirefoxDriver.&lt;init&gt;(FirefoxDriver.java:155)
	at org.openqa.selenium.firefox.FirefoxDriver.&lt;init&gt;(FirefoxDriver.java:150)
	at org.openqa.selenium.firefox.FirefoxDriver.&lt;init&gt;(FirefoxDriver.java:132)
	at org.openqa.selenium.firefox.FirefoxDriver.&lt;init&gt;(FirefoxDriver.java:127)
	at org.openqa.selenium.firefox.FirefoxDriver.&lt;init&gt;(FirefoxDriver.java:112)
	at org.openqa.selenium.firefox.FirefoxDriver.&lt;init&gt;(FirefoxDriver.java:102)
	at com.LibraryManagement.cucumber.Setup.DriverSetup.getWebDriver(DriverSetup.java:16)
	at com.LibraryManagement.cucumber.pages.ServicePage.&lt;init&gt;(ServicePage.java:20)
	at com.LibraryManagement.cucumber.stepDefinition.ServiceSteps.&lt;init&gt;(ServiceSteps.java:14)
	at java.base/jdk.internal.reflect.DirectConstructorHandleAccessor.newInstance(DirectConstructorHandleAccessor.java:62)
	... 46 more
</pre></div></td>
<td>8</td>
<td>com.LibraryManagement.cucumber.Runner.RunnerTest@3bf9ce3e</td></tr>
<tr>
<td title='com.LibraryManagement.cucumber.Runner.RunnerTest.runScenario()'><b>runScenario</b><br>Test class: com.LibraryManagement.cucumber.Runner.RunnerTest<br>Test method: Runs Cucumber Scenarios<br>Parameters: "Validate Email option with invalid email id", "Contact and Query resolving services"</td>
<td><div><pre>org.junit.ComparisonFailure: expected:&lt;[Invalid email message not displayed]&gt; but was:&lt;[Mail Sent Successfully]&gt;
	at org.junit.Assert.assertEquals(Assert.java:117)
	at org.junit.Assert.assertEquals(Assert.java:146)
	at com.LibraryManagement.cucumber.stepDefinition.ServiceSteps.verifyInvalidEmailMessage(ServiceSteps.java:79)
	at ✽.I should see an error message for invalid email(file:///D:/New_Script/Sprint-2/Sprint_2/src/test/java/com/LibraryManagement/cucumber/features/servicePage.feature:35)
</pre></div><a href='#' onClick='toggleBox("stack-trace1430509568", this, "Click to show all stack frames", "Click to hide stack frames")'>Click to show all stack frames</a>
<div class='stack-trace' id='stack-trace1430509568'><pre>org.junit.ComparisonFailure: expected:&lt;[Invalid email message not displayed]&gt; but was:&lt;[Mail Sent Successfully]&gt;
	at org.junit.Assert.assertEquals(Assert.java:117)
	at org.junit.Assert.assertEquals(Assert.java:146)
	at com.LibraryManagement.cucumber.stepDefinition.ServiceSteps.verifyInvalidEmailMessage(ServiceSteps.java:79)
	at ✽.I should see an error message for invalid email(file:///D:/New_Script/Sprint-2/Sprint_2/src/test/java/com/LibraryManagement/cucumber/features/servicePage.feature:35)
</pre></div></td>
<td>17</td>
<td>com.LibraryManagement.cucumber.Runner.RunnerTest@3bf9ce3e</td></tr>
<tr>
<td title='com.LibraryManagement.cucumber.Runner.RunnerTest.runScenario()'><b>runScenario</b><br>Test class: com.LibraryManagement.cucumber.Runner.RunnerTest<br>Test method: Runs Cucumber Scenarios<br>Parameters: "Validate Reset button clears search fields and restores full book list", "View the List of Available Books"</td>
<td><div><pre>org.openqa.selenium.NoSuchElementException: Unable to locate element: #resetBtn
For documentation on this error, please visit: https://www.selenium.dev/documentation/webdriver/troubleshooting/errors#no-such-element-exception
Build info: version: &apos;4.22.0&apos;, revision: &apos;c5f3146703*&apos;
System info: os.name: &apos;Windows 11&apos;, os.arch: &apos;amd64&apos;, os.version: &apos;10.0&apos;, java.version: &apos;21.0.7&apos;
Driver info: org.openqa.selenium.firefox.FirefoxDriver
Command: [456dccff-6a69-43d4-b5ec-05783763f102, findElement {using=id, value=resetBtn}]
Capabilities {acceptInsecureCerts: true, browserName: firefox, browserVersion: 141.0, moz:accessibilityChecks: false, moz:buildID: 20250717180000, moz:geckodriverVersion: 0.36.0, moz:headless: false, moz:platformVersion: 10.0, moz:processID: 34992, moz:profile: C:\Users\DELL\AppData\Local..., moz:shutdownTimeout: 60000, moz:webdriverClick: true, moz:windowless: false, pageLoadStrategy: normal, platformName: windows, proxy: Proxy(), setWindowRect: true, strictFileInteractability: false, timeouts: {implicit: 0, pageLoad: 300000, script: 30000}, unhandledPromptBehavior: dismiss and notify, userAgent: Mozilla/5.0 (Windows NT 10....}
Session ID: 456dccff-6a69-43d4-b5ec-05783763f102
	at java.base/jdk.internal.reflect.DirectConstructorHandleAccessor.newInstance(DirectConstructorHandleAccessor.java:62)
	at java.base/java.lang.reflect.Constructor.newInstanceWithCaller(Constructor.java:502)
	at java.base/java.lang.reflect.Constructor.newInstance(Constructor.java:486)
	at org.openqa.selenium.remote.ErrorCodec.decode(ErrorCodec.java:167)
	at org.openqa.selenium.remote.codec.w3c.W3CHttpResponseCodec.decode(W3CHttpResponseCodec.java:138)
	at org.openqa.selenium.remote.codec.w3c.W3CHttpResponseCodec.decode(W3CHttpResponseCodec.java:50)
	at org.openqa.selenium.remote.HttpCommandExecutor.execute(HttpCommandExecutor.java:190)
	at org.openqa.selenium.remote.service.DriverCommandExecutor.invokeExecute(DriverCommandExecutor.java:216)
	at org.openqa.selenium.remote.service.DriverCommandExecutor.execute(DriverCommandExecutor.java:174)
	at org.openqa.selenium.remote.RemoteWebDriver.execute(RemoteWebDriver.java:518)
	at org.openqa.selenium.remote.ElementLocation$ElementFinder$2.findElement(ElementLocation.java:165)
	at org.openqa.selenium.remote.ElementLocation.findElement(ElementLocation.java:59)
	at org.openqa.selenium.remote.RemoteWebDriver.findElement(RemoteWebDriver.java:355)
	at org.openqa.selenium.remote.RemoteWebDriver.findElement(RemoteWebDriver.java:349)
	at com.LibraryManagement.cucumber.pages.BooksPage.clickResetButton(BooksPage.java:59)
	at com.LibraryManagement.cucumber.stepDefinition.BookSteps.userClicksResetButton(BookSteps.java:81)
	at ✽.User clicks the Reset button(file:///D:/New_Script/Sprint-2/Sprint_2/src/test/java/com/LibraryManagement/cucumber/features/BookSearch.feature:30)
</pre></div><a href='#' onClick='toggleBox("stack-trace137983327", this, "Click to show all stack frames", "Click to hide stack frames")'>Click to show all stack frames</a>
<div class='stack-trace' id='stack-trace137983327'><pre>org.openqa.selenium.NoSuchElementException: Unable to locate element: #resetBtn
For documentation on this error, please visit: https://www.selenium.dev/documentation/webdriver/troubleshooting/errors#no-such-element-exception
Build info: version: &apos;4.22.0&apos;, revision: &apos;c5f3146703*&apos;
System info: os.name: &apos;Windows 11&apos;, os.arch: &apos;amd64&apos;, os.version: &apos;10.0&apos;, java.version: &apos;21.0.7&apos;
Driver info: org.openqa.selenium.firefox.FirefoxDriver
Command: [456dccff-6a69-43d4-b5ec-05783763f102, findElement {using=id, value=resetBtn}]
Capabilities {acceptInsecureCerts: true, browserName: firefox, browserVersion: 141.0, moz:accessibilityChecks: false, moz:buildID: 20250717180000, moz:geckodriverVersion: 0.36.0, moz:headless: false, moz:platformVersion: 10.0, moz:processID: 34992, moz:profile: C:\Users\DELL\AppData\Local..., moz:shutdownTimeout: 60000, moz:webdriverClick: true, moz:windowless: false, pageLoadStrategy: normal, platformName: windows, proxy: Proxy(), setWindowRect: true, strictFileInteractability: false, timeouts: {implicit: 0, pageLoad: 300000, script: 30000}, unhandledPromptBehavior: dismiss and notify, userAgent: Mozilla/5.0 (Windows NT 10....}
Session ID: 456dccff-6a69-43d4-b5ec-05783763f102
	at java.base/jdk.internal.reflect.DirectConstructorHandleAccessor.newInstance(DirectConstructorHandleAccessor.java:62)
	at java.base/java.lang.reflect.Constructor.newInstanceWithCaller(Constructor.java:502)
	at java.base/java.lang.reflect.Constructor.newInstance(Constructor.java:486)
	at org.openqa.selenium.remote.ErrorCodec.decode(ErrorCodec.java:167)
	at org.openqa.selenium.remote.codec.w3c.W3CHttpResponseCodec.decode(W3CHttpResponseCodec.java:138)
	at org.openqa.selenium.remote.codec.w3c.W3CHttpResponseCodec.decode(W3CHttpResponseCodec.java:50)
	at org.openqa.selenium.remote.HttpCommandExecutor.execute(HttpCommandExecutor.java:190)
	at org.openqa.selenium.remote.service.DriverCommandExecutor.invokeExecute(DriverCommandExecutor.java:216)
	at org.openqa.selenium.remote.service.DriverCommandExecutor.execute(DriverCommandExecutor.java:174)
	at org.openqa.selenium.remote.RemoteWebDriver.execute(RemoteWebDriver.java:518)
	at org.openqa.selenium.remote.ElementLocation$ElementFinder$2.findElement(ElementLocation.java:165)
	at org.openqa.selenium.remote.ElementLocation.findElement(ElementLocation.java:59)
	at org.openqa.selenium.remote.RemoteWebDriver.findElement(RemoteWebDriver.java:355)
	at org.openqa.selenium.remote.RemoteWebDriver.findElement(RemoteWebDriver.java:349)
	at com.LibraryManagement.cucumber.pages.BooksPage.clickResetButton(BooksPage.java:59)
	at com.LibraryManagement.cucumber.stepDefinition.BookSteps.userClicksResetButton(BookSteps.java:81)
	at ✽.User clicks the Reset button(file:///D:/New_Script/Sprint-2/Sprint_2/src/test/java/com/LibraryManagement/cucumber/features/BookSearch.feature:30)
</pre></div></td>
<td>11</td>
<td>com.LibraryManagement.cucumber.Runner.RunnerTest@3bf9ce3e</td></tr>
<tr>
<td title='com.LibraryManagement.cucumber.Runner.RunnerTest.runScenario()'><b>runScenario</b><br>Test class: com.LibraryManagement.cucumber.Runner.RunnerTest<br>Test method: Runs Cucumber Scenarios<br>Parameters: "Submit membership form with multiple entries", "Apply for Library Membership"</td>
<td><div><pre>java.lang.AssertionError: Card number field is not reset after submission expected [] but found [LCN_004]
	at org.testng.Assert.fail(Assert.java:111)
	at org.testng.Assert.failNotEquals(Assert.java:1578)
	at org.testng.Assert.assertEqualsImpl(Assert.java:150)
	at org.testng.Assert.assertEquals(Assert.java:132)
	at org.testng.Assert.assertEquals(Assert.java:656)
	at com.LibraryManagement.cucumber.stepDefinition.MembershipSteps.submitMembershipEntries(MembershipSteps.java:226)
	at ✽.I submit the following membership entries:(file:///D:/New_Script/Sprint-2/Sprint_2/src/test/java/com/LibraryManagement/cucumber/features/MemberShip.feature:48)
</pre></div><a href='#' onClick='toggleBox("stack-trace1796226487", this, "Click to show all stack frames", "Click to hide stack frames")'>Click to show all stack frames</a>
<div class='stack-trace' id='stack-trace1796226487'><pre>java.lang.AssertionError: Card number field is not reset after submission expected [] but found [LCN_004]
	at org.testng.Assert.fail(Assert.java:111)
	at org.testng.Assert.failNotEquals(Assert.java:1578)
	at org.testng.Assert.assertEqualsImpl(Assert.java:150)
	at org.testng.Assert.assertEquals(Assert.java:132)
	at org.testng.Assert.assertEquals(Assert.java:656)
	at com.LibraryManagement.cucumber.stepDefinition.MembershipSteps.submitMembershipEntries(MembershipSteps.java:226)
	at ✽.I submit the following membership entries:(file:///D:/New_Script/Sprint-2/Sprint_2/src/test/java/com/LibraryManagement/cucumber/features/MemberShip.feature:48)
</pre></div></td>
<td>17</td>
<td>com.LibraryManagement.cucumber.Runner.RunnerTest@3bf9ce3e</td></tr>
<tr>
<td title='com.LibraryManagement.cucumber.Runner.RunnerTest.runScenario()'><b>runScenario</b><br>Test class: com.LibraryManagement.cucumber.Runner.RunnerTest<br>Test method: Runs Cucumber Scenarios<br>Parameters: "Validate Chat section with invalid phone number", "Contact and Query resolving services"</td>
<td><div><pre>org.junit.ComparisonFailure: expected:&lt;[Invalid phone message not displayed]&gt; but was:&lt;[Message Sent Successfully]&gt;
	at org.junit.Assert.assertEquals(Assert.java:117)
	at org.junit.Assert.assertEquals(Assert.java:146)
	at com.LibraryManagement.cucumber.stepDefinition.ServiceSteps.verifyInvalidPhoneMessage(ServiceSteps.java:94)
	at ✽.I should see an error message for invalid phone(file:///D:/New_Script/Sprint-2/Sprint_2/src/test/java/com/LibraryManagement/cucumber/features/servicePage.feature:65)
</pre></div><a href='#' onClick='toggleBox("stack-trace492836007", this, "Click to show all stack frames", "Click to hide stack frames")'>Click to show all stack frames</a>
<div class='stack-trace' id='stack-trace492836007'><pre>org.junit.ComparisonFailure: expected:&lt;[Invalid phone message not displayed]&gt; but was:&lt;[Message Sent Successfully]&gt;
	at org.junit.Assert.assertEquals(Assert.java:117)
	at org.junit.Assert.assertEquals(Assert.java:146)
	at com.LibraryManagement.cucumber.stepDefinition.ServiceSteps.verifyInvalidPhoneMessage(ServiceSteps.java:94)
	at ✽.I should see an error message for invalid phone(file:///D:/New_Script/Sprint-2/Sprint_2/src/test/java/com/LibraryManagement/cucumber/features/servicePage.feature:65)
</pre></div></td>
<td>39</td>
<td>com.LibraryManagement.cucumber.Runner.RunnerTest@3bf9ce3e</td></tr>
<tr>
<td title='com.LibraryManagement.cucumber.Runner.RunnerTest.runScenario()'><b>runScenario</b><br>Test class: com.LibraryManagement.cucumber.Runner.RunnerTest<br>Test method: Runs Cucumber Scenarios<br>Parameters: "TCSH008 - Validate Books By Selected Age Group Displayed In Search", "Advanced Search of Book by Multiple Filters"</td>
<td><div><pre>java.lang.AssertionError: expected [true] but found [false]
	at org.testng.Assert.fail(Assert.java:111)
	at org.testng.Assert.failNotEquals(Assert.java:1578)
	at org.testng.Assert.assertTrue(Assert.java:57)
	at org.testng.Assert.assertTrue(Assert.java:67)
	at com.LibraryManagement.cucumber.stepDefinition.AdvancedBookSearchSteps.i_should_see_books_by_age_group(AdvancedBookSearchSteps.java:122)
	at ✽.I should see a table containing details of all the available books of the selected age group(file:///D:/New_Script/Sprint-2/Sprint_2/src/test/java/com/LibraryManagement/cucumber/features/AdvancedBookSearch.feature:77)
</pre></div><a href='#' onClick='toggleBox("stack-trace866073173", this, "Click to show all stack frames", "Click to hide stack frames")'>Click to show all stack frames</a>
<div class='stack-trace' id='stack-trace866073173'><pre>java.lang.AssertionError: expected [true] but found [false]
	at org.testng.Assert.fail(Assert.java:111)
	at org.testng.Assert.failNotEquals(Assert.java:1578)
	at org.testng.Assert.assertTrue(Assert.java:57)
	at org.testng.Assert.assertTrue(Assert.java:67)
	at com.LibraryManagement.cucumber.stepDefinition.AdvancedBookSearchSteps.i_should_see_books_by_age_group(AdvancedBookSearchSteps.java:122)
	at ✽.I should see a table containing details of all the available books of the selected age group(file:///D:/New_Script/Sprint-2/Sprint_2/src/test/java/com/LibraryManagement/cucumber/features/AdvancedBookSearch.feature:77)
</pre></div></td>
<td>11</td>
<td>com.LibraryManagement.cucumber.Runner.RunnerTest@3bf9ce3e</td></tr>
<tr>
<td title='com.LibraryManagement.cucumber.Runner.RunnerTest.runScenario()'><b>runScenario</b><br>Test class: com.LibraryManagement.cucumber.Runner.RunnerTest<br>Test method: Runs Cucumber Scenarios<br>Parameters: "TCSH009 - Validate advanced book search with Excel data", "Advanced Search of Book by Multiple Filters"</td>
<td><div><pre>java.lang.AssertionError: Expected failure message not shown! expected [true] but found [false]
	at org.testng.Assert.fail(Assert.java:111)
	at org.testng.Assert.failNotEquals(Assert.java:1578)
	at org.testng.Assert.assertTrue(Assert.java:57)
	at com.LibraryManagement.cucumber.stepDefinition.AdvancedBookSearchSteps.submitBookSearchEntriesFromExcel(AdvancedBookSearchSteps.java:155)
	at ✽.I submit the book search entries from Excel(file:///D:/New_Script/Sprint-2/Sprint_2/src/test/java/com/LibraryManagement/cucumber/features/AdvancedBookSearch.feature:81)
</pre></div><a href='#' onClick='toggleBox("stack-trace1305596603", this, "Click to show all stack frames", "Click to hide stack frames")'>Click to show all stack frames</a>
<div class='stack-trace' id='stack-trace1305596603'><pre>java.lang.AssertionError: Expected failure message not shown! expected [true] but found [false]
	at org.testng.Assert.fail(Assert.java:111)
	at org.testng.Assert.failNotEquals(Assert.java:1578)
	at org.testng.Assert.assertTrue(Assert.java:57)
	at com.LibraryManagement.cucumber.stepDefinition.AdvancedBookSearchSteps.submitBookSearchEntriesFromExcel(AdvancedBookSearchSteps.java:155)
	at ✽.I submit the book search entries from Excel(file:///D:/New_Script/Sprint-2/Sprint_2/src/test/java/com/LibraryManagement/cucumber/features/AdvancedBookSearch.feature:81)
</pre></div></td>
<td>16</td>
<td>com.LibraryManagement.cucumber.Runner.RunnerTest@3bf9ce3e</td></tr>
<tr>
<td title='com.LibraryManagement.cucumber.Runner.RunnerTest.runScenario()'><b>runScenario</b><br>Test class: com.LibraryManagement.cucumber.Runner.RunnerTest<br>Test method: Runs Cucumber Scenarios<br>Parameters: "Validate Chat section with invalid name", "Contact and Query resolving services"</td>
<td><div><pre>io.cucumber.core.exception.CucumberException: Failed to instantiate class com.LibraryManagement.cucumber.stepDefinition.ServiceSteps
	at io.cucumber.core.backend.DefaultObjectFactory.cacheNewInstance(DefaultObjectFactory.java:67)
	at io.cucumber.core.backend.DefaultObjectFactory.getInstance(DefaultObjectFactory.java:45)
	at io.cucumber.java.AbstractGlueDefinition.invokeMethod(AbstractGlueDefinition.java:47)
	at io.cucumber.java.JavaStepDefinition.execute(JavaStepDefinition.java:29)
	at io.cucumber.core.runner.CoreStepDefinition.execute(CoreStepDefinition.java:66)
	at io.cucumber.core.runner.PickleStepDefinitionMatch.runStep(PickleStepDefinitionMatch.java:63)
	at io.cucumber.core.runner.ExecutionMode$1.execute(ExecutionMode.java:10)
	at io.cucumber.core.runner.TestStep.executeStep(TestStep.java:84)
	at io.cucumber.core.runner.TestStep.run(TestStep.java:56)
	at io.cucumber.core.runner.PickleStepTestStep.run(PickleStepTestStep.java:51)
	at io.cucumber.core.runner.TestCase.run(TestCase.java:84)
	at io.cucumber.core.runner.Runner.runPickle(Runner.java:75)
	at io.cucumber.testng.TestNGCucumberRunner.lambda$runScenario$1(TestNGCucumberRunner.java:132)
	at io.cucumber.core.runtime.CucumberExecutionContext.lambda$runTestCase$5(CucumberExecutionContext.java:137)
	at io.cucumber.core.runtime.RethrowingThrowableCollector.executeAndThrow(RethrowingThrowableCollector.java:23)
	at io.cucumber.core.runtime.CucumberExecutionContext.runTestCase(CucumberExecutionContext.java:137)
	at io.cucumber.testng.TestNGCucumberRunner.runScenario(TestNGCucumberRunner.java:129)
	at io.cucumber.testng.AbstractTestNGCucumberTests.runScenario(AbstractTestNGCucumberTests.java:35)
	at java.base/jdk.internal.reflect.DirectMethodHandleAccessor.invoke(DirectMethodHandleAccessor.java:103)
	at java.base/java.lang.reflect.Method.invoke(Method.java:580)
	at org.testng.internal.invokers.MethodInvocationHelper.invokeMethod(MethodInvocationHelper.java:139)
	at org.testng.internal.invokers.TestInvoker.invokeMethod(TestInvoker.java:664)
	at org.testng.internal.invokers.TestInvoker.invokeTestMethod(TestInvoker.java:227)
	at org.testng.internal.invokers.MethodRunner.runInSequence(MethodRunner.java:50)
	at org.testng.internal.invokers.TestInvoker$MethodInvocationAgent.invoke(TestInvoker.java:957)
	at org.testng.internal.invokers.TestInvoker.invokeTestMethods(TestInvoker.java:200)
	at org.testng.internal.invokers.TestMethodWorker.invokeTestMethods(TestMethodWorker.java:148)
	at org.testng.internal.invokers.TestMethodWorker.run(TestMethodWorker.java:128)
	at java.base/java.util.ArrayList.forEach(ArrayList.java:1596)
	at org.testng.TestRunner.privateRun(TestRunner.java:848)
	at org.testng.TestRunner.run(TestRunner.java:621)
	at org.testng.SuiteRunner.runTest(SuiteRunner.java:443)
	at org.testng.SuiteRunner.runSequentially(SuiteRunner.java:437)
	at org.testng.SuiteRunner.privateRun(SuiteRunner.java:397)
	at org.testng.SuiteRunner.run(SuiteRunner.java:336)
	at org.testng.SuiteRunnerWorker.runSuite(SuiteRunnerWorker.java:52)
	at org.testng.SuiteRunnerWorker.run(SuiteRunnerWorker.java:95)
	at org.testng.TestNG.runSuitesSequentially(TestNG.java:1280)
	at org.testng.TestNG.runSuitesLocally(TestNG.java:1200)
	at org.testng.TestNG.runSuites(TestNG.java:1114)
	at org.testng.TestNG.run(TestNG.java:1082)
	at org.testng.remote.AbstractRemoteTestNG.run(AbstractRemoteTestNG.java:115)
	at org.testng.remote.RemoteTestNG.initAndRun(RemoteTestNG.java:293)
	at org.testng.remote.RemoteTestNG.main(RemoteTestNG.java:91)
Caused by: java.lang.reflect.InvocationTargetException
	at java.base/jdk.internal.reflect.DirectConstructorHandleAccessor.newInstance(DirectConstructorHandleAccessor.java:74)
	at java.base/java.lang.reflect.Constructor.newInstanceWithCaller(Constructor.java:502)
	at java.base/java.lang.reflect.Constructor.newInstance(Constructor.java:486)
	at io.cucumber.core.backend.DefaultObjectFactory.cacheNewInstance(DefaultObjectFactory.java:53)
	... 43 more
Caused by: org.openqa.selenium.SessionNotCreatedException: Could not start a new session. Response code 500. Message: Failed to decode response from marionette 
Host info: host: &apos;SHREETAMA&apos;, ip: &apos;192.168.1.33&apos;
Build info: version: &apos;4.22.0&apos;, revision: &apos;c5f3146703*&apos;
System info: os.name: &apos;Windows 11&apos;, os.arch: &apos;amd64&apos;, os.version: &apos;10.0&apos;, java.version: &apos;21.0.7&apos;
Driver info: org.openqa.selenium.firefox.FirefoxDriver
Command: [null, newSession {capabilities=[Capabilities {acceptInsecureCerts: true, browserName: firefox, moz:debuggerAddress: true, moz:firefoxOptions: {prefs: {remote.active-protocols: 3}}}]}]
	at org.openqa.selenium.remote.ProtocolHandshake.createSession(ProtocolHandshake.java:114)
	at org.openqa.selenium.remote.ProtocolHandshake.createSession(ProtocolHandshake.java:75)
	at org.openqa.selenium.remote.ProtocolHandshake.createSession(ProtocolHandshake.java:61)
	at org.openqa.selenium.remote.HttpCommandExecutor.execute(HttpCommandExecutor.java:162)
	at org.openqa.selenium.remote.service.DriverCommandExecutor.invokeExecute(DriverCommandExecutor.java:216)
	at org.openqa.selenium.remote.service.DriverCommandExecutor.execute(DriverCommandExecutor.java:174)
	at org.openqa.selenium.remote.RemoteWebDriver.execute(RemoteWebDriver.java:518)
	at org.openqa.selenium.remote.RemoteWebDriver.startSession(RemoteWebDriver.java:232)
	at org.openqa.selenium.remote.RemoteWebDriver.&lt;init&gt;(RemoteWebDriver.java:161)
	at org.openqa.selenium.firefox.FirefoxDriver.&lt;init&gt;(FirefoxDriver.java:155)
	at org.openqa.selenium.firefox.FirefoxDriver.&lt;init&gt;(FirefoxDriver.java:150)
	at org.openqa.selenium.firefox.FirefoxDriver.&lt;init&gt;(FirefoxDriver.java:132)
	at org.openqa.selenium.firefox.FirefoxDriver.&lt;init&gt;(FirefoxDriver.java:127)
	at org.openqa.selenium.firefox.FirefoxDriver.&lt;init&gt;(FirefoxDriver.java:112)
	at org.openqa.selenium.firefox.FirefoxDriver.&lt;init&gt;(FirefoxDriver.java:102)
	at com.LibraryManagement.cucumber.Setup.DriverSetup.getWebDriver(DriverSetup.java:16)
	at com.LibraryManagement.cucumber.pages.ServicePage.&lt;init&gt;(ServicePage.java:20)
	at com.LibraryManagement.cucumber.stepDefinition.ServiceSteps.&lt;init&gt;(ServiceSteps.java:14)
	at java.base/jdk.internal.reflect.DirectConstructorHandleAccessor.newInstance(DirectConstructorHandleAccessor.java:62)
	... 46 more
</pre></div><a href='#' onClick='toggleBox("stack-trace1647799261", this, "Click to show all stack frames", "Click to hide stack frames")'>Click to show all stack frames</a>
<div class='stack-trace' id='stack-trace1647799261'><pre>io.cucumber.core.exception.CucumberException: Failed to instantiate class com.LibraryManagement.cucumber.stepDefinition.ServiceSteps
	at io.cucumber.core.backend.DefaultObjectFactory.cacheNewInstance(DefaultObjectFactory.java:67)
	at io.cucumber.core.backend.DefaultObjectFactory.getInstance(DefaultObjectFactory.java:45)
	at io.cucumber.java.AbstractGlueDefinition.invokeMethod(AbstractGlueDefinition.java:47)
	at io.cucumber.java.JavaStepDefinition.execute(JavaStepDefinition.java:29)
	at io.cucumber.core.runner.CoreStepDefinition.execute(CoreStepDefinition.java:66)
	at io.cucumber.core.runner.PickleStepDefinitionMatch.runStep(PickleStepDefinitionMatch.java:63)
	at io.cucumber.core.runner.ExecutionMode$1.execute(ExecutionMode.java:10)
	at io.cucumber.core.runner.TestStep.executeStep(TestStep.java:84)
	at io.cucumber.core.runner.TestStep.run(TestStep.java:56)
	at io.cucumber.core.runner.PickleStepTestStep.run(PickleStepTestStep.java:51)
	at io.cucumber.core.runner.TestCase.run(TestCase.java:84)
	at io.cucumber.core.runner.Runner.runPickle(Runner.java:75)
	at io.cucumber.testng.TestNGCucumberRunner.lambda$runScenario$1(TestNGCucumberRunner.java:132)
	at io.cucumber.core.runtime.CucumberExecutionContext.lambda$runTestCase$5(CucumberExecutionContext.java:137)
	at io.cucumber.core.runtime.RethrowingThrowableCollector.executeAndThrow(RethrowingThrowableCollector.java:23)
	at io.cucumber.core.runtime.CucumberExecutionContext.runTestCase(CucumberExecutionContext.java:137)
	at io.cucumber.testng.TestNGCucumberRunner.runScenario(TestNGCucumberRunner.java:129)
	at io.cucumber.testng.AbstractTestNGCucumberTests.runScenario(AbstractTestNGCucumberTests.java:35)
	at java.base/jdk.internal.reflect.DirectMethodHandleAccessor.invoke(DirectMethodHandleAccessor.java:103)
	at java.base/java.lang.reflect.Method.invoke(Method.java:580)
	at org.testng.internal.invokers.MethodInvocationHelper.invokeMethod(MethodInvocationHelper.java:139)
	at org.testng.internal.invokers.TestInvoker.invokeMethod(TestInvoker.java:664)
	at org.testng.internal.invokers.TestInvoker.invokeTestMethod(TestInvoker.java:227)
	at org.testng.internal.invokers.MethodRunner.runInSequence(MethodRunner.java:50)
	at org.testng.internal.invokers.TestInvoker$MethodInvocationAgent.invoke(TestInvoker.java:957)
	at org.testng.internal.invokers.TestInvoker.invokeTestMethods(TestInvoker.java:200)
	at org.testng.internal.invokers.TestMethodWorker.invokeTestMethods(TestMethodWorker.java:148)
	at org.testng.internal.invokers.TestMethodWorker.run(TestMethodWorker.java:128)
	at java.base/java.util.ArrayList.forEach(ArrayList.java:1596)
	at org.testng.TestRunner.privateRun(TestRunner.java:848)
	at org.testng.TestRunner.run(TestRunner.java:621)
	at org.testng.SuiteRunner.runTest(SuiteRunner.java:443)
	at org.testng.SuiteRunner.runSequentially(SuiteRunner.java:437)
	at org.testng.SuiteRunner.privateRun(SuiteRunner.java:397)
	at org.testng.SuiteRunner.run(SuiteRunner.java:336)
	at org.testng.SuiteRunnerWorker.runSuite(SuiteRunnerWorker.java:52)
	at org.testng.SuiteRunnerWorker.run(SuiteRunnerWorker.java:95)
	at org.testng.TestNG.runSuitesSequentially(TestNG.java:1280)
	at org.testng.TestNG.runSuitesLocally(TestNG.java:1200)
	at org.testng.TestNG.runSuites(TestNG.java:1114)
	at org.testng.TestNG.run(TestNG.java:1082)
	at org.testng.remote.AbstractRemoteTestNG.run(AbstractRemoteTestNG.java:115)
	at org.testng.remote.RemoteTestNG.initAndRun(RemoteTestNG.java:293)
	at org.testng.remote.RemoteTestNG.main(RemoteTestNG.java:91)
Caused by: java.lang.reflect.InvocationTargetException
	at java.base/jdk.internal.reflect.DirectConstructorHandleAccessor.newInstance(DirectConstructorHandleAccessor.java:74)
	at java.base/java.lang.reflect.Constructor.newInstanceWithCaller(Constructor.java:502)
	at java.base/java.lang.reflect.Constructor.newInstance(Constructor.java:486)
	at io.cucumber.core.backend.DefaultObjectFactory.cacheNewInstance(DefaultObjectFactory.java:53)
	... 43 more
Caused by: org.openqa.selenium.SessionNotCreatedException: Could not start a new session. Response code 500. Message: Failed to decode response from marionette 
Host info: host: &apos;SHREETAMA&apos;, ip: &apos;192.168.1.33&apos;
Build info: version: &apos;4.22.0&apos;, revision: &apos;c5f3146703*&apos;
System info: os.name: &apos;Windows 11&apos;, os.arch: &apos;amd64&apos;, os.version: &apos;10.0&apos;, java.version: &apos;21.0.7&apos;
Driver info: org.openqa.selenium.firefox.FirefoxDriver
Command: [null, newSession {capabilities=[Capabilities {acceptInsecureCerts: true, browserName: firefox, moz:debuggerAddress: true, moz:firefoxOptions: {prefs: {remote.active-protocols: 3}}}]}]
	at org.openqa.selenium.remote.ProtocolHandshake.createSession(ProtocolHandshake.java:114)
	at org.openqa.selenium.remote.ProtocolHandshake.createSession(ProtocolHandshake.java:75)
	at org.openqa.selenium.remote.ProtocolHandshake.createSession(ProtocolHandshake.java:61)
	at org.openqa.selenium.remote.HttpCommandExecutor.execute(HttpCommandExecutor.java:162)
	at org.openqa.selenium.remote.service.DriverCommandExecutor.invokeExecute(DriverCommandExecutor.java:216)
	at org.openqa.selenium.remote.service.DriverCommandExecutor.execute(DriverCommandExecutor.java:174)
	at org.openqa.selenium.remote.RemoteWebDriver.execute(RemoteWebDriver.java:518)
	at org.openqa.selenium.remote.RemoteWebDriver.startSession(RemoteWebDriver.java:232)
	at org.openqa.selenium.remote.RemoteWebDriver.&lt;init&gt;(RemoteWebDriver.java:161)
	at org.openqa.selenium.firefox.FirefoxDriver.&lt;init&gt;(FirefoxDriver.java:155)
	at org.openqa.selenium.firefox.FirefoxDriver.&lt;init&gt;(FirefoxDriver.java:150)
	at org.openqa.selenium.firefox.FirefoxDriver.&lt;init&gt;(FirefoxDriver.java:132)
	at org.openqa.selenium.firefox.FirefoxDriver.&lt;init&gt;(FirefoxDriver.java:127)
	at org.openqa.selenium.firefox.FirefoxDriver.&lt;init&gt;(FirefoxDriver.java:112)
	at org.openqa.selenium.firefox.FirefoxDriver.&lt;init&gt;(FirefoxDriver.java:102)
	at com.LibraryManagement.cucumber.Setup.DriverSetup.getWebDriver(DriverSetup.java:16)
	at com.LibraryManagement.cucumber.pages.ServicePage.&lt;init&gt;(ServicePage.java:20)
	at com.LibraryManagement.cucumber.stepDefinition.ServiceSteps.&lt;init&gt;(ServiceSteps.java:14)
	at java.base/jdk.internal.reflect.DirectConstructorHandleAccessor.newInstance(DirectConstructorHandleAccessor.java:62)
	... 46 more
</pre></div></td>
<td>8</td>
<td>com.LibraryManagement.cucumber.Runner.RunnerTest@3bf9ce3e</td></tr>
<tr>
<td title='com.LibraryManagement.cucumber.Runner.RunnerTest.runScenario()'><b>runScenario</b><br>Test class: com.LibraryManagement.cucumber.Runner.RunnerTest<br>Test method: Runs Cucumber Scenarios<br>Parameters: "TCSH007 - Validate Books By Selected Book Format Displayed In Search", "Advanced Search of Book by Multiple Filters"</td>
<td><div><pre>java.lang.AssertionError: expected [true] but found [false]
	at org.testng.Assert.fail(Assert.java:111)
	at org.testng.Assert.failNotEquals(Assert.java:1578)
	at org.testng.Assert.assertTrue(Assert.java:57)
	at org.testng.Assert.assertTrue(Assert.java:67)
	at com.LibraryManagement.cucumber.stepDefinition.AdvancedBookSearchSteps.i_should_see_books_by_format(AdvancedBookSearchSteps.java:116)
	at ✽.I should see a table containing details of all the available books of the selected book format(file:///D:/New_Script/Sprint-2/Sprint_2/src/test/java/com/LibraryManagement/cucumber/features/AdvancedBookSearch.feature:69)
</pre></div><a href='#' onClick='toggleBox("stack-trace1094528209", this, "Click to show all stack frames", "Click to hide stack frames")'>Click to show all stack frames</a>
<div class='stack-trace' id='stack-trace1094528209'><pre>java.lang.AssertionError: expected [true] but found [false]
	at org.testng.Assert.fail(Assert.java:111)
	at org.testng.Assert.failNotEquals(Assert.java:1578)
	at org.testng.Assert.assertTrue(Assert.java:57)
	at org.testng.Assert.assertTrue(Assert.java:67)
	at com.LibraryManagement.cucumber.stepDefinition.AdvancedBookSearchSteps.i_should_see_books_by_format(AdvancedBookSearchSteps.java:116)
	at ✽.I should see a table containing details of all the available books of the selected book format(file:///D:/New_Script/Sprint-2/Sprint_2/src/test/java/com/LibraryManagement/cucumber/features/AdvancedBookSearch.feature:69)
</pre></div></td>
<td>12</td>
<td>com.LibraryManagement.cucumber.Runner.RunnerTest@3bf9ce3e</td></tr>
<tr>
<td title='com.LibraryManagement.cucumber.Runner.RunnerTest.runScenario()'><b>runScenario</b><br>Test class: com.LibraryManagement.cucumber.Runner.RunnerTest<br>Test method: Runs Cucumber Scenarios<br>Parameters: "TCSH004 - Validate Error Message For Searching Non Existent Book", "Advanced Search of Book by Multiple Filters"</td>
<td><div><pre>java.lang.AssertionError: =====Test failed: No new elements appeared after form submission.=====
	at com.LibraryManagement.cucumber.stepDefinition.AdvancedBookSearchSteps.i_should_see_no_results_error(AdvancedBookSearchSteps.java:97)
	at ✽.I should see an appropriate error message indicating no results found(file:///D:/New_Script/Sprint-2/Sprint_2/src/test/java/com/LibraryManagement/cucumber/features/AdvancedBookSearch.feature:45)
</pre></div><a href='#' onClick='toggleBox("stack-trace1694102613", this, "Click to show all stack frames", "Click to hide stack frames")'>Click to show all stack frames</a>
<div class='stack-trace' id='stack-trace1694102613'><pre>java.lang.AssertionError: =====Test failed: No new elements appeared after form submission.=====
	at com.LibraryManagement.cucumber.stepDefinition.AdvancedBookSearchSteps.i_should_see_no_results_error(AdvancedBookSearchSteps.java:97)
	at ✽.I should see an appropriate error message indicating no results found(file:///D:/New_Script/Sprint-2/Sprint_2/src/test/java/com/LibraryManagement/cucumber/features/AdvancedBookSearch.feature:45)
</pre></div></td>
<td>11</td>
<td>com.LibraryManagement.cucumber.Runner.RunnerTest@3bf9ce3e</td></tr>
<tr>
<td title='com.LibraryManagement.cucumber.Runner.RunnerTest.runScenario()'><b>runScenario</b><br>Test class: com.LibraryManagement.cucumber.Runner.RunnerTest<br>Test method: Runs Cucumber Scenarios<br>Parameters: "Submit membership form using Excel data", "Apply for Library Membership"</td>
<td><div><pre>java.lang.AssertionError: Card number field is not reset after submission expected [] but found [LCN_004]
	at org.testng.Assert.fail(Assert.java:111)
	at org.testng.Assert.failNotEquals(Assert.java:1578)
	at org.testng.Assert.assertEqualsImpl(Assert.java:150)
	at org.testng.Assert.assertEquals(Assert.java:132)
	at org.testng.Assert.assertEquals(Assert.java:656)
	at com.LibraryManagement.cucumber.stepDefinition.MembershipSteps.submitMembershipEntriesFromExcel(MembershipSteps.java:272)
	at ✽.I submit the membership entries from Excel(file:///D:/New_Script/Sprint-2/Sprint_2/src/test/java/com/LibraryManagement/cucumber/features/MemberShip.feature:69)
</pre></div><a href='#' onClick='toggleBox("stack-trace429515253", this, "Click to show all stack frames", "Click to hide stack frames")'>Click to show all stack frames</a>
<div class='stack-trace' id='stack-trace429515253'><pre>java.lang.AssertionError: Card number field is not reset after submission expected [] but found [LCN_004]
	at org.testng.Assert.fail(Assert.java:111)
	at org.testng.Assert.failNotEquals(Assert.java:1578)
	at org.testng.Assert.assertEqualsImpl(Assert.java:150)
	at org.testng.Assert.assertEquals(Assert.java:132)
	at org.testng.Assert.assertEquals(Assert.java:656)
	at com.LibraryManagement.cucumber.stepDefinition.MembershipSteps.submitMembershipEntriesFromExcel(MembershipSteps.java:272)
	at ✽.I submit the membership entries from Excel(file:///D:/New_Script/Sprint-2/Sprint_2/src/test/java/com/LibraryManagement/cucumber/features/MemberShip.feature:69)
</pre></div></td>
<td>23</td>
<td>com.LibraryManagement.cucumber.Runner.RunnerTest@3bf9ce3e</td></tr>
<tr>
<td title='com.LibraryManagement.cucumber.Runner.RunnerTest.runScenario()'><b>runScenario</b><br>Test class: com.LibraryManagement.cucumber.Runner.RunnerTest<br>Test method: Runs Cucumber Scenarios<br>Parameters: "TCSH006 - Validate Books By Selected Subject Displayed In Search", "Advanced Search of Book by Multiple Filters"</td>
<td><div><pre>java.lang.AssertionError: expected [true] but found [false]
	at org.testng.Assert.fail(Assert.java:111)
	at org.testng.Assert.failNotEquals(Assert.java:1578)
	at org.testng.Assert.assertTrue(Assert.java:57)
	at org.testng.Assert.assertTrue(Assert.java:67)
	at com.LibraryManagement.cucumber.stepDefinition.AdvancedBookSearchSteps.i_should_see_books_by_subject(AdvancedBookSearchSteps.java:110)
	at ✽.I should see a table containing details of all the available books of the selected subject(file:///D:/New_Script/Sprint-2/Sprint_2/src/test/java/com/LibraryManagement/cucumber/features/AdvancedBookSearch.feature:61)
</pre></div><a href='#' onClick='toggleBox("stack-trace1540277886", this, "Click to show all stack frames", "Click to hide stack frames")'>Click to show all stack frames</a>
<div class='stack-trace' id='stack-trace1540277886'><pre>java.lang.AssertionError: expected [true] but found [false]
	at org.testng.Assert.fail(Assert.java:111)
	at org.testng.Assert.failNotEquals(Assert.java:1578)
	at org.testng.Assert.assertTrue(Assert.java:57)
	at org.testng.Assert.assertTrue(Assert.java:67)
	at com.LibraryManagement.cucumber.stepDefinition.AdvancedBookSearchSteps.i_should_see_books_by_subject(AdvancedBookSearchSteps.java:110)
	at ✽.I should see a table containing details of all the available books of the selected subject(file:///D:/New_Script/Sprint-2/Sprint_2/src/test/java/com/LibraryManagement/cucumber/features/AdvancedBookSearch.feature:61)
</pre></div></td>
<td>12</td>
<td>com.LibraryManagement.cucumber.Runner.RunnerTest@3bf9ce3e</td></tr>
<tr>
<td title='com.LibraryManagement.cucumber.Runner.RunnerTest.runScenario()'><b>runScenario</b><br>Test class: com.LibraryManagement.cucumber.Runner.RunnerTest<br>Test method: Runs Cucumber Scenarios<br>Parameters: "TCS011 - Validate multiple service form entries from Excel", "Contact and Query resolving services"</td>
<td><div><pre>io.cucumber.core.exception.CucumberException: Failed to instantiate class com.LibraryManagement.cucumber.stepDefinition.ServiceSteps
	at io.cucumber.core.backend.DefaultObjectFactory.cacheNewInstance(DefaultObjectFactory.java:67)
	at io.cucumber.core.backend.DefaultObjectFactory.getInstance(DefaultObjectFactory.java:45)
	at io.cucumber.java.AbstractGlueDefinition.invokeMethod(AbstractGlueDefinition.java:47)
	at io.cucumber.java.JavaStepDefinition.execute(JavaStepDefinition.java:29)
	at io.cucumber.core.runner.CoreStepDefinition.execute(CoreStepDefinition.java:66)
	at io.cucumber.core.runner.PickleStepDefinitionMatch.runStep(PickleStepDefinitionMatch.java:63)
	at io.cucumber.core.runner.ExecutionMode$1.execute(ExecutionMode.java:10)
	at io.cucumber.core.runner.TestStep.executeStep(TestStep.java:84)
	at io.cucumber.core.runner.TestStep.run(TestStep.java:56)
	at io.cucumber.core.runner.PickleStepTestStep.run(PickleStepTestStep.java:51)
	at io.cucumber.core.runner.TestCase.run(TestCase.java:84)
	at io.cucumber.core.runner.Runner.runPickle(Runner.java:75)
	at io.cucumber.testng.TestNGCucumberRunner.lambda$runScenario$1(TestNGCucumberRunner.java:132)
	at io.cucumber.core.runtime.CucumberExecutionContext.lambda$runTestCase$5(CucumberExecutionContext.java:137)
	at io.cucumber.core.runtime.RethrowingThrowableCollector.executeAndThrow(RethrowingThrowableCollector.java:23)
	at io.cucumber.core.runtime.CucumberExecutionContext.runTestCase(CucumberExecutionContext.java:137)
	at io.cucumber.testng.TestNGCucumberRunner.runScenario(TestNGCucumberRunner.java:129)
	at io.cucumber.testng.AbstractTestNGCucumberTests.runScenario(AbstractTestNGCucumberTests.java:35)
	at java.base/jdk.internal.reflect.DirectMethodHandleAccessor.invoke(DirectMethodHandleAccessor.java:103)
	at java.base/java.lang.reflect.Method.invoke(Method.java:580)
	at org.testng.internal.invokers.MethodInvocationHelper.invokeMethod(MethodInvocationHelper.java:139)
	at org.testng.internal.invokers.TestInvoker.invokeMethod(TestInvoker.java:664)
	at org.testng.internal.invokers.TestInvoker.invokeTestMethod(TestInvoker.java:227)
	at org.testng.internal.invokers.MethodRunner.runInSequence(MethodRunner.java:50)
	at org.testng.internal.invokers.TestInvoker$MethodInvocationAgent.invoke(TestInvoker.java:957)
	at org.testng.internal.invokers.TestInvoker.invokeTestMethods(TestInvoker.java:200)
	at org.testng.internal.invokers.TestMethodWorker.invokeTestMethods(TestMethodWorker.java:148)
	at org.testng.internal.invokers.TestMethodWorker.run(TestMethodWorker.java:128)
	at java.base/java.util.ArrayList.forEach(ArrayList.java:1596)
	at org.testng.TestRunner.privateRun(TestRunner.java:848)
	at org.testng.TestRunner.run(TestRunner.java:621)
	at org.testng.SuiteRunner.runTest(SuiteRunner.java:443)
	at org.testng.SuiteRunner.runSequentially(SuiteRunner.java:437)
	at org.testng.SuiteRunner.privateRun(SuiteRunner.java:397)
	at org.testng.SuiteRunner.run(SuiteRunner.java:336)
	at org.testng.SuiteRunnerWorker.runSuite(SuiteRunnerWorker.java:52)
	at org.testng.SuiteRunnerWorker.run(SuiteRunnerWorker.java:95)
	at org.testng.TestNG.runSuitesSequentially(TestNG.java:1280)
	at org.testng.TestNG.runSuitesLocally(TestNG.java:1200)
	at org.testng.TestNG.runSuites(TestNG.java:1114)
	at org.testng.TestNG.run(TestNG.java:1082)
	at org.testng.remote.AbstractRemoteTestNG.run(AbstractRemoteTestNG.java:115)
	at org.testng.remote.RemoteTestNG.initAndRun(RemoteTestNG.java:293)
	at org.testng.remote.RemoteTestNG.main(RemoteTestNG.java:91)
Caused by: java.lang.reflect.InvocationTargetException
	at java.base/jdk.internal.reflect.DirectConstructorHandleAccessor.newInstance(DirectConstructorHandleAccessor.java:74)
	at java.base/java.lang.reflect.Constructor.newInstanceWithCaller(Constructor.java:502)
	at java.base/java.lang.reflect.Constructor.newInstance(Constructor.java:486)
	at io.cucumber.core.backend.DefaultObjectFactory.cacheNewInstance(DefaultObjectFactory.java:53)
	... 43 more
Caused by: org.openqa.selenium.SessionNotCreatedException: Could not start a new session. Response code 500. Message: Failed to decode response from marionette 
Host info: host: &apos;SHREETAMA&apos;, ip: &apos;192.168.1.33&apos;
Build info: version: &apos;4.22.0&apos;, revision: &apos;c5f3146703*&apos;
System info: os.name: &apos;Windows 11&apos;, os.arch: &apos;amd64&apos;, os.version: &apos;10.0&apos;, java.version: &apos;21.0.7&apos;
Driver info: org.openqa.selenium.firefox.FirefoxDriver
Command: [null, newSession {capabilities=[Capabilities {acceptInsecureCerts: true, browserName: firefox, moz:debuggerAddress: true, moz:firefoxOptions: {prefs: {remote.active-protocols: 3}}}]}]
	at org.openqa.selenium.remote.ProtocolHandshake.createSession(ProtocolHandshake.java:114)
	at org.openqa.selenium.remote.ProtocolHandshake.createSession(ProtocolHandshake.java:75)
	at org.openqa.selenium.remote.ProtocolHandshake.createSession(ProtocolHandshake.java:61)
	at org.openqa.selenium.remote.HttpCommandExecutor.execute(HttpCommandExecutor.java:162)
	at org.openqa.selenium.remote.service.DriverCommandExecutor.invokeExecute(DriverCommandExecutor.java:216)
	at org.openqa.selenium.remote.service.DriverCommandExecutor.execute(DriverCommandExecutor.java:174)
	at org.openqa.selenium.remote.RemoteWebDriver.execute(RemoteWebDriver.java:518)
	at org.openqa.selenium.remote.RemoteWebDriver.startSession(RemoteWebDriver.java:232)
	at org.openqa.selenium.remote.RemoteWebDriver.&lt;init&gt;(RemoteWebDriver.java:161)
	at org.openqa.selenium.firefox.FirefoxDriver.&lt;init&gt;(FirefoxDriver.java:155)
	at org.openqa.selenium.firefox.FirefoxDriver.&lt;init&gt;(FirefoxDriver.java:150)
	at org.openqa.selenium.firefox.FirefoxDriver.&lt;init&gt;(FirefoxDriver.java:132)
	at org.openqa.selenium.firefox.FirefoxDriver.&lt;init&gt;(FirefoxDriver.java:127)
	at org.openqa.selenium.firefox.FirefoxDriver.&lt;init&gt;(FirefoxDriver.java:112)
	at org.openqa.selenium.firefox.FirefoxDriver.&lt;init&gt;(FirefoxDriver.java:102)
	at com.LibraryManagement.cucumber.Setup.DriverSetup.getWebDriver(DriverSetup.java:16)
	at com.LibraryManagement.cucumber.pages.ServicePage.&lt;init&gt;(ServicePage.java:20)
	at com.LibraryManagement.cucumber.stepDefinition.ServiceSteps.&lt;init&gt;(ServiceSteps.java:14)
	at java.base/jdk.internal.reflect.DirectConstructorHandleAccessor.newInstance(DirectConstructorHandleAccessor.java:62)
	... 46 more
</pre></div><a href='#' onClick='toggleBox("stack-trace1070050294", this, "Click to show all stack frames", "Click to hide stack frames")'>Click to show all stack frames</a>
<div class='stack-trace' id='stack-trace1070050294'><pre>io.cucumber.core.exception.CucumberException: Failed to instantiate class com.LibraryManagement.cucumber.stepDefinition.ServiceSteps
	at io.cucumber.core.backend.DefaultObjectFactory.cacheNewInstance(DefaultObjectFactory.java:67)
	at io.cucumber.core.backend.DefaultObjectFactory.getInstance(DefaultObjectFactory.java:45)
	at io.cucumber.java.AbstractGlueDefinition.invokeMethod(AbstractGlueDefinition.java:47)
	at io.cucumber.java.JavaStepDefinition.execute(JavaStepDefinition.java:29)
	at io.cucumber.core.runner.CoreStepDefinition.execute(CoreStepDefinition.java:66)
	at io.cucumber.core.runner.PickleStepDefinitionMatch.runStep(PickleStepDefinitionMatch.java:63)
	at io.cucumber.core.runner.ExecutionMode$1.execute(ExecutionMode.java:10)
	at io.cucumber.core.runner.TestStep.executeStep(TestStep.java:84)
	at io.cucumber.core.runner.TestStep.run(TestStep.java:56)
	at io.cucumber.core.runner.PickleStepTestStep.run(PickleStepTestStep.java:51)
	at io.cucumber.core.runner.TestCase.run(TestCase.java:84)
	at io.cucumber.core.runner.Runner.runPickle(Runner.java:75)
	at io.cucumber.testng.TestNGCucumberRunner.lambda$runScenario$1(TestNGCucumberRunner.java:132)
	at io.cucumber.core.runtime.CucumberExecutionContext.lambda$runTestCase$5(CucumberExecutionContext.java:137)
	at io.cucumber.core.runtime.RethrowingThrowableCollector.executeAndThrow(RethrowingThrowableCollector.java:23)
	at io.cucumber.core.runtime.CucumberExecutionContext.runTestCase(CucumberExecutionContext.java:137)
	at io.cucumber.testng.TestNGCucumberRunner.runScenario(TestNGCucumberRunner.java:129)
	at io.cucumber.testng.AbstractTestNGCucumberTests.runScenario(AbstractTestNGCucumberTests.java:35)
	at java.base/jdk.internal.reflect.DirectMethodHandleAccessor.invoke(DirectMethodHandleAccessor.java:103)
	at java.base/java.lang.reflect.Method.invoke(Method.java:580)
	at org.testng.internal.invokers.MethodInvocationHelper.invokeMethod(MethodInvocationHelper.java:139)
	at org.testng.internal.invokers.TestInvoker.invokeMethod(TestInvoker.java:664)
	at org.testng.internal.invokers.TestInvoker.invokeTestMethod(TestInvoker.java:227)
	at org.testng.internal.invokers.MethodRunner.runInSequence(MethodRunner.java:50)
	at org.testng.internal.invokers.TestInvoker$MethodInvocationAgent.invoke(TestInvoker.java:957)
	at org.testng.internal.invokers.TestInvoker.invokeTestMethods(TestInvoker.java:200)
	at org.testng.internal.invokers.TestMethodWorker.invokeTestMethods(TestMethodWorker.java:148)
	at org.testng.internal.invokers.TestMethodWorker.run(TestMethodWorker.java:128)
	at java.base/java.util.ArrayList.forEach(ArrayList.java:1596)
	at org.testng.TestRunner.privateRun(TestRunner.java:848)
	at org.testng.TestRunner.run(TestRunner.java:621)
	at org.testng.SuiteRunner.runTest(SuiteRunner.java:443)
	at org.testng.SuiteRunner.runSequentially(SuiteRunner.java:437)
	at org.testng.SuiteRunner.privateRun(SuiteRunner.java:397)
	at org.testng.SuiteRunner.run(SuiteRunner.java:336)
	at org.testng.SuiteRunnerWorker.runSuite(SuiteRunnerWorker.java:52)
	at org.testng.SuiteRunnerWorker.run(SuiteRunnerWorker.java:95)
	at org.testng.TestNG.runSuitesSequentially(TestNG.java:1280)
	at org.testng.TestNG.runSuitesLocally(TestNG.java:1200)
	at org.testng.TestNG.runSuites(TestNG.java:1114)
	at org.testng.TestNG.run(TestNG.java:1082)
	at org.testng.remote.AbstractRemoteTestNG.run(AbstractRemoteTestNG.java:115)
	at org.testng.remote.RemoteTestNG.initAndRun(RemoteTestNG.java:293)
	at org.testng.remote.RemoteTestNG.main(RemoteTestNG.java:91)
Caused by: java.lang.reflect.InvocationTargetException
	at java.base/jdk.internal.reflect.DirectConstructorHandleAccessor.newInstance(DirectConstructorHandleAccessor.java:74)
	at java.base/java.lang.reflect.Constructor.newInstanceWithCaller(Constructor.java:502)
	at java.base/java.lang.reflect.Constructor.newInstance(Constructor.java:486)
	at io.cucumber.core.backend.DefaultObjectFactory.cacheNewInstance(DefaultObjectFactory.java:53)
	... 43 more
Caused by: org.openqa.selenium.SessionNotCreatedException: Could not start a new session. Response code 500. Message: Failed to decode response from marionette 
Host info: host: &apos;SHREETAMA&apos;, ip: &apos;192.168.1.33&apos;
Build info: version: &apos;4.22.0&apos;, revision: &apos;c5f3146703*&apos;
System info: os.name: &apos;Windows 11&apos;, os.arch: &apos;amd64&apos;, os.version: &apos;10.0&apos;, java.version: &apos;21.0.7&apos;
Driver info: org.openqa.selenium.firefox.FirefoxDriver
Command: [null, newSession {capabilities=[Capabilities {acceptInsecureCerts: true, browserName: firefox, moz:debuggerAddress: true, moz:firefoxOptions: {prefs: {remote.active-protocols: 3}}}]}]
	at org.openqa.selenium.remote.ProtocolHandshake.createSession(ProtocolHandshake.java:114)
	at org.openqa.selenium.remote.ProtocolHandshake.createSession(ProtocolHandshake.java:75)
	at org.openqa.selenium.remote.ProtocolHandshake.createSession(ProtocolHandshake.java:61)
	at org.openqa.selenium.remote.HttpCommandExecutor.execute(HttpCommandExecutor.java:162)
	at org.openqa.selenium.remote.service.DriverCommandExecutor.invokeExecute(DriverCommandExecutor.java:216)
	at org.openqa.selenium.remote.service.DriverCommandExecutor.execute(DriverCommandExecutor.java:174)
	at org.openqa.selenium.remote.RemoteWebDriver.execute(RemoteWebDriver.java:518)
	at org.openqa.selenium.remote.RemoteWebDriver.startSession(RemoteWebDriver.java:232)
	at org.openqa.selenium.remote.RemoteWebDriver.&lt;init&gt;(RemoteWebDriver.java:161)
	at org.openqa.selenium.firefox.FirefoxDriver.&lt;init&gt;(FirefoxDriver.java:155)
	at org.openqa.selenium.firefox.FirefoxDriver.&lt;init&gt;(FirefoxDriver.java:150)
	at org.openqa.selenium.firefox.FirefoxDriver.&lt;init&gt;(FirefoxDriver.java:132)
	at org.openqa.selenium.firefox.FirefoxDriver.&lt;init&gt;(FirefoxDriver.java:127)
	at org.openqa.selenium.firefox.FirefoxDriver.&lt;init&gt;(FirefoxDriver.java:112)
	at org.openqa.selenium.firefox.FirefoxDriver.&lt;init&gt;(FirefoxDriver.java:102)
	at com.LibraryManagement.cucumber.Setup.DriverSetup.getWebDriver(DriverSetup.java:16)
	at com.LibraryManagement.cucumber.pages.ServicePage.&lt;init&gt;(ServicePage.java:20)
	at com.LibraryManagement.cucumber.stepDefinition.ServiceSteps.&lt;init&gt;(ServiceSteps.java:14)
	at java.base/jdk.internal.reflect.DirectConstructorHandleAccessor.newInstance(DirectConstructorHandleAccessor.java:62)
	... 46 more
</pre></div></td>
<td>5</td>
<td>com.LibraryManagement.cucumber.Runner.RunnerTest@3bf9ce3e</td></tr>
<tr>
<td title='com.LibraryManagement.cucumber.Runner.RunnerTest.runScenario()'><b>runScenario</b><br>Test class: com.LibraryManagement.cucumber.Runner.RunnerTest<br>Test method: Runs Cucumber Scenarios<br>Parameters: "Submit duplicate card number and expect rejection", "Apply for Library Membership"</td>
<td><div><pre>java.lang.AssertionError: Duplicate card number [LCN_005] was accepted more than once expected [true] but found [false]
	at org.testng.Assert.fail(Assert.java:111)
	at org.testng.Assert.failNotEquals(Assert.java:1578)
	at org.testng.Assert.assertTrue(Assert.java:57)
	at com.LibraryManagement.cucumber.stepDefinition.MembershipSteps.submitMembershipEntries(MembershipSteps.java:236)
	at ✽.I submit the following membership entries:(file:///D:/New_Script/Sprint-2/Sprint_2/src/test/java/com/LibraryManagement/cucumber/features/MemberShip.feature:60)
</pre></div><a href='#' onClick='toggleBox("stack-trace785604388", this, "Click to show all stack frames", "Click to hide stack frames")'>Click to show all stack frames</a>
<div class='stack-trace' id='stack-trace785604388'><pre>java.lang.AssertionError: Duplicate card number [LCN_005] was accepted more than once expected [true] but found [false]
	at org.testng.Assert.fail(Assert.java:111)
	at org.testng.Assert.failNotEquals(Assert.java:1578)
	at org.testng.Assert.assertTrue(Assert.java:57)
	at com.LibraryManagement.cucumber.stepDefinition.MembershipSteps.submitMembershipEntries(MembershipSteps.java:236)
	at ✽.I submit the following membership entries:(file:///D:/New_Script/Sprint-2/Sprint_2/src/test/java/com/LibraryManagement/cucumber/features/MemberShip.feature:60)
</pre></div></td>
<td>14</td>
<td>com.LibraryManagement.cucumber.Runner.RunnerTest@3bf9ce3e</td></tr>
<tr>
<td title='com.LibraryManagement.cucumber.Runner.RunnerTest.runScenario()'><b>runScenario</b><br>Test class: com.LibraryManagement.cucumber.Runner.RunnerTest<br>Test method: Runs Cucumber Scenarios<br>Parameters: "Validate system behavior when searching for a nonexistent book", "View the List of Available Books"</td>
<td><div><pre>java.lang.AssertionError: No books found message should be displayed expected [true] but found [false]
	at org.testng.Assert.fail(Assert.java:111)
	at org.testng.Assert.failNotEquals(Assert.java:1578)
	at org.testng.Assert.assertTrue(Assert.java:57)
	at com.LibraryManagement.cucumber.stepDefinition.BookSteps.systemDisplaysNoBookFoundMessage(BookSteps.java:70)
	at ✽.System should display a message &quot;No books found&quot;(file:///D:/New_Script/Sprint-2/Sprint_2/src/test/java/com/LibraryManagement/cucumber/features/BookSearch.feature:20)
</pre></div><a href='#' onClick='toggleBox("stack-trace1286172885", this, "Click to show all stack frames", "Click to hide stack frames")'>Click to show all stack frames</a>
<div class='stack-trace' id='stack-trace1286172885'><pre>java.lang.AssertionError: No books found message should be displayed expected [true] but found [false]
	at org.testng.Assert.fail(Assert.java:111)
	at org.testng.Assert.failNotEquals(Assert.java:1578)
	at org.testng.Assert.assertTrue(Assert.java:57)
	at com.LibraryManagement.cucumber.stepDefinition.BookSteps.systemDisplaysNoBookFoundMessage(BookSteps.java:70)
	at ✽.System should display a message &quot;No books found&quot;(file:///D:/New_Script/Sprint-2/Sprint_2/src/test/java/com/LibraryManagement/cucumber/features/BookSearch.feature:20)
</pre></div></td>
<td>7</td>
<td>com.LibraryManagement.cucumber.Runner.RunnerTest@3bf9ce3e</td></tr>
<tr>
<td title='com.LibraryManagement.cucumber.Runner.RunnerTest.runScenario()'><b>runScenario</b><br>Test class: com.LibraryManagement.cucumber.Runner.RunnerTest<br>Test method: Runs Cucumber Scenarios<br>Parameters: "Validate search bar labeling for clarity on searchable fields", "View the List of Available Books"</td>
<td><div><pre>org.openqa.selenium.NoSuchElementException: Unable to locate element: label[for=&apos;searchBox&apos;]
For documentation on this error, please visit: https://www.selenium.dev/documentation/webdriver/troubleshooting/errors#no-such-element-exception
Build info: version: &apos;4.22.0&apos;, revision: &apos;c5f3146703*&apos;
System info: os.name: &apos;Windows 11&apos;, os.arch: &apos;amd64&apos;, os.version: &apos;10.0&apos;, java.version: &apos;21.0.7&apos;
Driver info: org.openqa.selenium.firefox.FirefoxDriver
Command: [b3051e52-44e9-47fe-a676-385b6fbaf22e, findElement {using=css selector, value=label[for=&apos;searchBox&apos;]}]
Capabilities {acceptInsecureCerts: true, browserName: firefox, browserVersion: 141.0, moz:accessibilityChecks: false, moz:buildID: 20250717180000, moz:geckodriverVersion: 0.36.0, moz:headless: false, moz:platformVersion: 10.0, moz:processID: 17084, moz:profile: C:\Users\DELL\AppData\Local..., moz:shutdownTimeout: 60000, moz:webdriverClick: true, moz:windowless: false, pageLoadStrategy: normal, platformName: windows, proxy: Proxy(), setWindowRect: true, strictFileInteractability: false, timeouts: {implicit: 0, pageLoad: 300000, script: 30000}, unhandledPromptBehavior: dismiss and notify, userAgent: Mozilla/5.0 (Windows NT 10....}
Session ID: b3051e52-44e9-47fe-a676-385b6fbaf22e
	at java.base/jdk.internal.reflect.DirectConstructorHandleAccessor.newInstance(DirectConstructorHandleAccessor.java:62)
	at java.base/java.lang.reflect.Constructor.newInstanceWithCaller(Constructor.java:502)
	at java.base/java.lang.reflect.Constructor.newInstance(Constructor.java:486)
	at org.openqa.selenium.remote.ErrorCodec.decode(ErrorCodec.java:167)
	at org.openqa.selenium.remote.codec.w3c.W3CHttpResponseCodec.decode(W3CHttpResponseCodec.java:138)
	at org.openqa.selenium.remote.codec.w3c.W3CHttpResponseCodec.decode(W3CHttpResponseCodec.java:50)
	at org.openqa.selenium.remote.HttpCommandExecutor.execute(HttpCommandExecutor.java:190)
	at org.openqa.selenium.remote.service.DriverCommandExecutor.invokeExecute(DriverCommandExecutor.java:216)
	at org.openqa.selenium.remote.service.DriverCommandExecutor.execute(DriverCommandExecutor.java:174)
	at org.openqa.selenium.remote.RemoteWebDriver.execute(RemoteWebDriver.java:518)
	at org.openqa.selenium.remote.ElementLocation$ElementFinder$2.findElement(ElementLocation.java:165)
	at org.openqa.selenium.remote.ElementLocation.findElement(ElementLocation.java:59)
	at org.openqa.selenium.remote.RemoteWebDriver.findElement(RemoteWebDriver.java:355)
	at org.openqa.selenium.remote.RemoteWebDriver.findElement(RemoteWebDriver.java:349)
	at com.LibraryManagement.cucumber.pages.BooksPage.isSearchBarLabelCorrect(BooksPage.java:53)
	at com.LibraryManagement.cucumber.stepDefinition.BookSteps.searchBarShouldIndicateLabel(BookSteps.java:76)
	at ✽.The search bar should clearly indicate &quot;Search by Book Name or Author&quot;(file:///D:/New_Script/Sprint-2/Sprint_2/src/test/java/com/LibraryManagement/cucumber/features/BookSearch.feature:24)
</pre></div><a href='#' onClick='toggleBox("stack-trace1722053305", this, "Click to show all stack frames", "Click to hide stack frames")'>Click to show all stack frames</a>
<div class='stack-trace' id='stack-trace1722053305'><pre>org.openqa.selenium.NoSuchElementException: Unable to locate element: label[for=&apos;searchBox&apos;]
For documentation on this error, please visit: https://www.selenium.dev/documentation/webdriver/troubleshooting/errors#no-such-element-exception
Build info: version: &apos;4.22.0&apos;, revision: &apos;c5f3146703*&apos;
System info: os.name: &apos;Windows 11&apos;, os.arch: &apos;amd64&apos;, os.version: &apos;10.0&apos;, java.version: &apos;21.0.7&apos;
Driver info: org.openqa.selenium.firefox.FirefoxDriver
Command: [b3051e52-44e9-47fe-a676-385b6fbaf22e, findElement {using=css selector, value=label[for=&apos;searchBox&apos;]}]
Capabilities {acceptInsecureCerts: true, browserName: firefox, browserVersion: 141.0, moz:accessibilityChecks: false, moz:buildID: 20250717180000, moz:geckodriverVersion: 0.36.0, moz:headless: false, moz:platformVersion: 10.0, moz:processID: 17084, moz:profile: C:\Users\DELL\AppData\Local..., moz:shutdownTimeout: 60000, moz:webdriverClick: true, moz:windowless: false, pageLoadStrategy: normal, platformName: windows, proxy: Proxy(), setWindowRect: true, strictFileInteractability: false, timeouts: {implicit: 0, pageLoad: 300000, script: 30000}, unhandledPromptBehavior: dismiss and notify, userAgent: Mozilla/5.0 (Windows NT 10....}
Session ID: b3051e52-44e9-47fe-a676-385b6fbaf22e
	at java.base/jdk.internal.reflect.DirectConstructorHandleAccessor.newInstance(DirectConstructorHandleAccessor.java:62)
	at java.base/java.lang.reflect.Constructor.newInstanceWithCaller(Constructor.java:502)
	at java.base/java.lang.reflect.Constructor.newInstance(Constructor.java:486)
	at org.openqa.selenium.remote.ErrorCodec.decode(ErrorCodec.java:167)
	at org.openqa.selenium.remote.codec.w3c.W3CHttpResponseCodec.decode(W3CHttpResponseCodec.java:138)
	at org.openqa.selenium.remote.codec.w3c.W3CHttpResponseCodec.decode(W3CHttpResponseCodec.java:50)
	at org.openqa.selenium.remote.HttpCommandExecutor.execute(HttpCommandExecutor.java:190)
	at org.openqa.selenium.remote.service.DriverCommandExecutor.invokeExecute(DriverCommandExecutor.java:216)
	at org.openqa.selenium.remote.service.DriverCommandExecutor.execute(DriverCommandExecutor.java:174)
	at org.openqa.selenium.remote.RemoteWebDriver.execute(RemoteWebDriver.java:518)
	at org.openqa.selenium.remote.ElementLocation$ElementFinder$2.findElement(ElementLocation.java:165)
	at org.openqa.selenium.remote.ElementLocation.findElement(ElementLocation.java:59)
	at org.openqa.selenium.remote.RemoteWebDriver.findElement(RemoteWebDriver.java:355)
	at org.openqa.selenium.remote.RemoteWebDriver.findElement(RemoteWebDriver.java:349)
	at com.LibraryManagement.cucumber.pages.BooksPage.isSearchBarLabelCorrect(BooksPage.java:53)
	at com.LibraryManagement.cucumber.stepDefinition.BookSteps.searchBarShouldIndicateLabel(BookSteps.java:76)
	at ✽.The search bar should clearly indicate &quot;Search by Book Name or Author&quot;(file:///D:/New_Script/Sprint-2/Sprint_2/src/test/java/com/LibraryManagement/cucumber/features/BookSearch.feature:24)
</pre></div></td>
<td>7</td>
<td>com.LibraryManagement.cucumber.Runner.RunnerTest@3bf9ce3e</td></tr>
<tr>
<td title='com.LibraryManagement.cucumber.Runner.RunnerTest.runScenario()'><b>runScenario</b><br>Test class: com.LibraryManagement.cucumber.Runner.RunnerTest<br>Test method: Runs Cucumber Scenarios<br>Parameters: "TCSH005 - Validate Books By Selected Author Displayed In Search", "Advanced Search of Book by Multiple Filters"</td>
<td><div><pre>java.lang.AssertionError: expected [true] but found [false]
	at org.testng.Assert.fail(Assert.java:111)
	at org.testng.Assert.failNotEquals(Assert.java:1578)
	at org.testng.Assert.assertTrue(Assert.java:57)
	at org.testng.Assert.assertTrue(Assert.java:67)
	at com.LibraryManagement.cucumber.stepDefinition.AdvancedBookSearchSteps.i_should_see_books_by_author(AdvancedBookSearchSteps.java:104)
	at ✽.I should see a table containing details of all the available books by the selected author(file:///D:/New_Script/Sprint-2/Sprint_2/src/test/java/com/LibraryManagement/cucumber/features/AdvancedBookSearch.feature:53)
</pre></div><a href='#' onClick='toggleBox("stack-trace1305194069", this, "Click to show all stack frames", "Click to hide stack frames")'>Click to show all stack frames</a>
<div class='stack-trace' id='stack-trace1305194069'><pre>java.lang.AssertionError: expected [true] but found [false]
	at org.testng.Assert.fail(Assert.java:111)
	at org.testng.Assert.failNotEquals(Assert.java:1578)
	at org.testng.Assert.assertTrue(Assert.java:57)
	at org.testng.Assert.assertTrue(Assert.java:67)
	at com.LibraryManagement.cucumber.stepDefinition.AdvancedBookSearchSteps.i_should_see_books_by_author(AdvancedBookSearchSteps.java:104)
	at ✽.I should see a table containing details of all the available books by the selected author(file:///D:/New_Script/Sprint-2/Sprint_2/src/test/java/com/LibraryManagement/cucumber/features/AdvancedBookSearch.feature:53)
</pre></div></td>
<td>10</td>
<td>com.LibraryManagement.cucumber.Runner.RunnerTest@3bf9ce3e</td></tr>
</table><p>
<table width='100%' border='1' class='invocation-passed'>
<tr><td colspan='4' align='center'><b>PASSED TESTS</b></td></tr>
<tr><td><b>Test method</b></td>
<td><b>Attribute(s)</b></td>
<td width="30%"><b>Exception</b></td>
<td width="10%"><b>Time (seconds)</b></td>
<td><b>Instance</b></td>
</tr>
<tr>
<td title='com.LibraryManagement.cucumber.Runner.RunnerTest.runScenario()'><b>runScenario</b><br>Test class: com.LibraryManagement.cucumber.Runner.RunnerTest<br>Test method: Runs Cucumber Scenarios<br>Parameters: "Verify Available Books List Display in Books Section", "View the List of Available Books"</td>
<td></td>
<td>7</td>
<td>com.LibraryManagement.cucumber.Runner.RunnerTest@3bf9ce3e</td></tr>
<tr>
<td title='com.LibraryManagement.cucumber.Runner.RunnerTest.runScenario()'><b>runScenario</b><br>Test class: com.LibraryManagement.cucumber.Runner.RunnerTest<br>Test method: Runs Cucumber Scenarios<br>Parameters: "View Members with Memberships", "Apply for Library Membership"</td>
<td></td>
<td>14</td>
<td>com.LibraryManagement.cucumber.Runner.RunnerTest@3bf9ce3e</td></tr>
<tr>
<td title='com.LibraryManagement.cucumber.Runner.RunnerTest.runScenario()'><b>runScenario</b><br>Test class: com.LibraryManagement.cucumber.Runner.RunnerTest<br>Test method: Runs Cucumber Scenarios<br>Parameters: "TCSH002 - Validate All Mandatory Fields", "Advanced Search of Book by Multiple Filters"</td>
<td></td>
<td>5</td>
<td>com.LibraryManagement.cucumber.Runner.RunnerTest@3bf9ce3e</td></tr>
<tr>
<td title='com.LibraryManagement.cucumber.Runner.RunnerTest.runScenario()'><b>runScenario</b><br>Test class: com.LibraryManagement.cucumber.Runner.RunnerTest<br>Test method: Runs Cucumber Scenarios<br>Parameters: "Verify successful Human Verification via drag and drop", "Apply for Library Membership"</td>
<td></td>
<td>12</td>
<td>com.LibraryManagement.cucumber.Runner.RunnerTest@3bf9ce3e</td></tr>
<tr>
<td title='com.LibraryManagement.cucumber.Runner.RunnerTest.runScenario()'><b>runScenario</b><br>Test class: com.LibraryManagement.cucumber.Runner.RunnerTest<br>Test method: Runs Cucumber Scenarios<br>Parameters: "Validate Email option with blank email id", "Contact and Query resolving services"</td>
<td></td>
<td>14</td>
<td>com.LibraryManagement.cucumber.Runner.RunnerTest@3bf9ce3e</td></tr>
<tr>
<td title='com.LibraryManagement.cucumber.Runner.RunnerTest.runScenario()'><b>runScenario</b><br>Test class: com.LibraryManagement.cucumber.Runner.RunnerTest<br>Test method: Runs Cucumber Scenarios<br>Parameters: "Verify failed Human Verification with incorrect drop location", "Apply for Library Membership"</td>
<td></td>
<td>12</td>
<td>com.LibraryManagement.cucumber.Runner.RunnerTest@3bf9ce3e</td></tr>
<tr>
<td title='com.LibraryManagement.cucumber.Runner.RunnerTest.runScenario()'><b>runScenario</b><br>Test class: com.LibraryManagement.cucumber.Runner.RunnerTest<br>Test method: Runs Cucumber Scenarios<br>Parameters: "Validate correct book is fetched when searching by book name", "View the List of Available Books"</td>
<td></td>
<td>7</td>
<td>com.LibraryManagement.cucumber.Runner.RunnerTest@3bf9ce3e</td></tr>
<tr>
<td title='com.LibraryManagement.cucumber.Runner.RunnerTest.runScenario()'><b>runScenario</b><br>Test class: com.LibraryManagement.cucumber.Runner.RunnerTest<br>Test method: Runs Cucumber Scenarios<br>Parameters: "Select Gold Membership and verify amount", "Apply for Library Membership"</td>
<td></td>
<td>8</td>
<td>com.LibraryManagement.cucumber.Runner.RunnerTest@3bf9ce3e</td></tr>
<tr>
<td title='com.LibraryManagement.cucumber.Runner.RunnerTest.runScenario()'><b>runScenario</b><br>Test class: com.LibraryManagement.cucumber.Runner.RunnerTest<br>Test method: Runs Cucumber Scenarios<br>Parameters: "Validate Email option with different email inputs", "Contact and Query resolving services"</td>
<td></td>
<td>18</td>
<td>com.LibraryManagement.cucumber.Runner.RunnerTest@3bf9ce3e</td></tr>
<tr>
<td title='com.LibraryManagement.cucumber.Runner.RunnerTest.runScenario()'><b>runScenario</b><br>Test class: com.LibraryManagement.cucumber.Runner.RunnerTest<br>Test method: Runs Cucumber Scenarios<br>Parameters: "Validate Chat section with valid name", "Contact and Query resolving services"</td>
<td></td>
<td>34</td>
<td>com.LibraryManagement.cucumber.Runner.RunnerTest@3bf9ce3e</td></tr>
<tr>
<td title='com.LibraryManagement.cucumber.Runner.RunnerTest.runScenario()'><b>runScenario</b><br>Test class: com.LibraryManagement.cucumber.Runner.RunnerTest<br>Test method: Runs Cucumber Scenarios<br>Parameters: "Validate Chat section with blank phone number", "Contact and Query resolving services"</td>
<td></td>
<td>23</td>
<td>com.LibraryManagement.cucumber.Runner.RunnerTest@3bf9ce3e</td></tr>
<tr>
<td title='com.LibraryManagement.cucumber.Runner.RunnerTest.runScenario()'><b>runScenario</b><br>Test class: com.LibraryManagement.cucumber.Runner.RunnerTest<br>Test method: Runs Cucumber Scenarios<br>Parameters: "TCSH003 - Validate All Details of the Searched Book Displayed", "Advanced Search of Book by Multiple Filters"</td>
<td></td>
<td>6</td>
<td>com.LibraryManagement.cucumber.Runner.RunnerTest@3bf9ce3e</td></tr>
<tr>
<td title='com.LibraryManagement.cucumber.Runner.RunnerTest.runScenario()'><b>runScenario</b><br>Test class: com.LibraryManagement.cucumber.Runner.RunnerTest<br>Test method: Runs Cucumber Scenarios<br>Parameters: "Verify failed Human Verification with no drag-drop action", "Apply for Library Membership"</td>
<td></td>
<td>16</td>
<td>com.LibraryManagement.cucumber.Runner.RunnerTest@3bf9ce3e</td></tr>
<tr>
<td title='com.LibraryManagement.cucumber.Runner.RunnerTest.runScenario()'><b>runScenario</b><br>Test class: com.LibraryManagement.cucumber.Runner.RunnerTest<br>Test method: Runs Cucumber Scenarios<br>Parameters: "TCSH001 - Validate Available Book Displayed On Search", "Advanced Search of Book by Multiple Filters"</td>
<td></td>
<td>6</td>
<td>com.LibraryManagement.cucumber.Runner.RunnerTest@3bf9ce3e</td></tr>
<tr>
<td title='com.LibraryManagement.cucumber.Runner.RunnerTest.runScenario()'><b>runScenario</b><br>Test class: com.LibraryManagement.cucumber.Runner.RunnerTest<br>Test method: Runs Cucumber Scenarios<br>Parameters: "Validate only one option selection in service page", "Contact and Query resolving services"</td>
<td></td>
<td>14</td>
<td>com.LibraryManagement.cucumber.Runner.RunnerTest@3bf9ce3e</td></tr>
<tr>
<td title='com.LibraryManagement.cucumber.Runner.RunnerTest.runScenario()'><b>runScenario</b><br>Test class: com.LibraryManagement.cucumber.Runner.RunnerTest<br>Test method: Runs Cucumber Scenarios<br>Parameters: "Select Platinum Membership and verify amount", "Apply for Library Membership"</td>
<td></td>
<td>8</td>
<td>com.LibraryManagement.cucumber.Runner.RunnerTest@3bf9ce3e</td></tr>
<tr>
<td title='com.LibraryManagement.cucumber.Runner.RunnerTest.runScenario()'><b>runScenario</b><br>Test class: com.LibraryManagement.cucumber.Runner.RunnerTest<br>Test method: Runs Cucumber Scenarios<br>Parameters: "Validate Chat section with valid phone number", "Contact and Query resolving services"</td>
<td></td>
<td>20</td>
<td>com.LibraryManagement.cucumber.Runner.RunnerTest@3bf9ce3e</td></tr>
</table><p>
</body>
</html>